
**** Build of configuration Debug for project mrr_18xx_dss ****

"C:\\ti\\ccs1000\\ccs\\utils\\bin\\gmake" -k -j 12 all -O 
 
rm -f C:/Users/Gerardo/Documents/Escuela/Maestria/Tesis/Software Development/Radar/mrr_18xx_dss/mrr_18xx_dss.bin
makefile:194: recipe for target 'pre-build' failed
process_begin: CreateProcess(NULL, rm -f C:/Users/Gerardo/Documents/Escuela/Maestria/Tesis/Software Development/Radar/mrr_18xx_dss/mrr_18xx_dss.bin, ...) failed.
 
gmake[1]: [pre-build] Error 2 (ignored)
 
Building file: "../dss_mrr.cfg"
Invoking: XDCtools
"C:/ti/ccs1000/xdctools_3_61_00_16_core/xs" --xdcpath="C:/ti/bios_6_73_01_01/packages;" xdc.tools.configuro -o configPkg -t ti.targets.elf.C674 -p ti.platforms.c6x:AWR16XX:false:600 -r release -c "C:/ti/ccs1000/ccs/tools/compiler/ti-cgt-c6000_8.3.6" "../dss_mrr.cfg"
making package.mak (because of package.bld) ...
generating interfaces for package configPkg (because package/package.xdc.inc is older than package.xdc) ...
configuring dss_mrr.xe674 from package/cfg/dss_mrr_pe674.cfg ...
generating custom ti.sysbios library makefile ... 
Starting build of library sources ...
making C:/Users/Gerardo/DOCUME~1/Escuela/Maestria/Tesis/SOFTWA~1/Radar/mrr_18xx_dss/src/sysbios/sysbios.ae674 ...
cle674 C:/ti/bios_6_73_01_01/packages/ti/sysbios/BIOS.c ...
asme674 C:/ti/bios_6_73_01_01/packages/ti/sysbios/family/c64p/Exception_asm.s64P ...
asme674 C:/ti/bios_6_73_01_01/packages/ti/sysbios/family/c64p/Hwi_asm.s62 ...
asme674 C:/ti/bios_6_73_01_01/packages/ti/sysbios/family/c64p/Hwi_asm_switch.s62 ...
asme674 C:/ti/bios_6_73_01_01/packages/ti/sysbios/family/c64p/Hwi_disp_always.s64P ...
asme674 C:/ti/bios_6_73_01_01/packages/ti/sysbios/rts/ti/tls_get_tp.asm ...
asme674 C:/ti/bios_6_73_01_01/packages/ti/sysbios/family/c62/TaskSupport_asm.s62 ...
are674 BIOS.obj c64p_Exception_asm.obj c64p_Hwi_asm.obj c64p_Hwi_asm_switch.obj c64p_Hwi_disp_always.obj ti_tls_get_tp.obj c62_TaskSupport_asm.obj ...
Build of libraries done.
cle674 package/cfg/dss_mrr_pe674.c ...
Finished building: "../dss_mrr.cfg"
 
Building file: "../gen_twiddle_fft32x32.c"
Invoking: C6000 Compiler
"C:/ti/ccs1000/ccs/tools/compiler/ti-cgt-c6000_8.3.6/bin/cl6x" -mv6740 --abi=eabi -O3 --include_path="C:/Users/Gerardo/Documents/Escuela/Maestria/Tesis/Software Development/Radar/mrr_18xx_dss" --include_path="C:/ti/mmwave_sdk_03_03_00_03/packages" --include_path="C:/ti/mathlib_c674x_3_1_2_1/packages" --include_path="C:/ti/dsplib_c64Px_3_4_0_0/packages/ti/dsplib/src/DSP_fft16x16/c64P" --include_path="C:/ti/dsplib_c64Px_3_4_0_0/packages/ti/dsplib/src/DSP_fft32x32/c64P" --include_path="C:/ti/ccs1000/ccs/tools/compiler/ti-cgt-c6000_8.3.6/include" --define=SOC_XWR18XX --define=SUBSYS_DSS --define=ENABLE_ADVANCED_FRAME --define=MMWAVE_L3RAM_NUM_BANK=8 --define=MMWAVE_SHMEM_BANK_SIZE=0x20000 --define=MMWAVE_L3RAM_SIZE=0x100000 --define=SHMEM_ALLOC=0x00000008 --define=DOWNLOAD_FROM_CCS --define=DebugP_ASSERT_ENABLED -g --gcc --diag_warning=225 --diag_wrap=off --display_error_number --gen_func_subsections=on --disable_push_pop --obj_extension=.oe674 --preproc_with_compile --preproc_dependency="gen_twiddle_fft32x32.d_raw" --cmd_file="configPkg/compiler.opt"  "../gen_twiddle_fft32x32.c"
Finished building: "../gen_twiddle_fft32x32.c"
 
Building file: "../dss_config_edma_util.c"
Invoking: C6000 Compiler
"C:/ti/ccs1000/ccs/tools/compiler/ti-cgt-c6000_8.3.6/bin/cl6x" -mv6740 --abi=eabi -O3 --include_path="C:/Users/Gerardo/Documents/Escuela/Maestria/Tesis/Software Development/Radar/mrr_18xx_dss" --include_path="C:/ti/mmwave_sdk_03_03_00_03/packages" --include_path="C:/ti/mathlib_c674x_3_1_2_1/packages" --include_path="C:/ti/dsplib_c64Px_3_4_0_0/packages/ti/dsplib/src/DSP_fft16x16/c64P" --include_path="C:/ti/dsplib_c64Px_3_4_0_0/packages/ti/dsplib/src/DSP_fft32x32/c64P" --include_path="C:/ti/ccs1000/ccs/tools/compiler/ti-cgt-c6000_8.3.6/include" --define=SOC_XWR18XX --define=SUBSYS_DSS --define=ENABLE_ADVANCED_FRAME --define=MMWAVE_L3RAM_NUM_BANK=8 --define=MMWAVE_SHMEM_BANK_SIZE=0x20000 --define=MMWAVE_L3RAM_SIZE=0x100000 --define=SHMEM_ALLOC=0x00000008 --define=DOWNLOAD_FROM_CCS --define=DebugP_ASSERT_ENABLED -g --gcc --diag_warning=225 --diag_wrap=off --display_error_number --gen_func_subsections=on --disable_push_pop --obj_extension=.oe674 --preproc_with_compile --preproc_dependency="dss_config_edma_util.d_raw" --cmd_file="configPkg/compiler.opt"  "../dss_config_edma_util.c"
Finished building: "../dss_config_edma_util.c"
 
Building file: "../gen_twiddle_fft16x16.c"
Invoking: C6000 Compiler
"C:/ti/ccs1000/ccs/tools/compiler/ti-cgt-c6000_8.3.6/bin/cl6x" -mv6740 --abi=eabi -O3 --include_path="C:/Users/Gerardo/Documents/Escuela/Maestria/Tesis/Software Development/Radar/mrr_18xx_dss" --include_path="C:/ti/mmwave_sdk_03_03_00_03/packages" --include_path="C:/ti/mathlib_c674x_3_1_2_1/packages" --include_path="C:/ti/dsplib_c64Px_3_4_0_0/packages/ti/dsplib/src/DSP_fft16x16/c64P" --include_path="C:/ti/dsplib_c64Px_3_4_0_0/packages/ti/dsplib/src/DSP_fft32x32/c64P" --include_path="C:/ti/ccs1000/ccs/tools/compiler/ti-cgt-c6000_8.3.6/include" --define=SOC_XWR18XX --define=SUBSYS_DSS --define=ENABLE_ADVANCED_FRAME --define=MMWAVE_L3RAM_NUM_BANK=8 --define=MMWAVE_SHMEM_BANK_SIZE=0x20000 --define=MMWAVE_L3RAM_SIZE=0x100000 --define=SHMEM_ALLOC=0x00000008 --define=DOWNLOAD_FROM_CCS --define=DebugP_ASSERT_ENABLED -g --gcc --diag_warning=225 --diag_wrap=off --display_error_number --gen_func_subsections=on --disable_push_pop --obj_extension=.oe674 --preproc_with_compile --preproc_dependency="gen_twiddle_fft16x16.d_raw" --cmd_file="configPkg/compiler.opt"  "../gen_twiddle_fft16x16.c"
Finished building: "../gen_twiddle_fft16x16.c"
 
Building file: "../common/cfg.c"
Invoking: C6000 Compiler
"C:/ti/ccs1000/ccs/tools/compiler/ti-cgt-c6000_8.3.6/bin/cl6x" -mv6740 --abi=eabi -O3 --include_path="C:/Users/Gerardo/Documents/Escuela/Maestria/Tesis/Software Development/Radar/mrr_18xx_dss" --include_path="C:/ti/mmwave_sdk_03_03_00_03/packages" --include_path="C:/ti/mathlib_c674x_3_1_2_1/packages" --include_path="C:/ti/dsplib_c64Px_3_4_0_0/packages/ti/dsplib/src/DSP_fft16x16/c64P" --include_path="C:/ti/dsplib_c64Px_3_4_0_0/packages/ti/dsplib/src/DSP_fft32x32/c64P" --include_path="C:/ti/ccs1000/ccs/tools/compiler/ti-cgt-c6000_8.3.6/include" --define=SOC_XWR18XX --define=SUBSYS_DSS --define=ENABLE_ADVANCED_FRAME --define=MMWAVE_L3RAM_NUM_BANK=8 --define=MMWAVE_SHMEM_BANK_SIZE=0x20000 --define=MMWAVE_L3RAM_SIZE=0x100000 --define=SHMEM_ALLOC=0x00000008 --define=DOWNLOAD_FROM_CCS --define=DebugP_ASSERT_ENABLED -g --gcc --diag_warning=225 --diag_wrap=off --display_error_number --gen_func_subsections=on --disable_push_pop --obj_extension=.oe674 --preproc_with_compile --preproc_dependency="common/cfg.d_raw" --obj_directory="common" --cmd_file="configPkg/compiler.opt"  "../common/cfg.c"
Finished building: "../common/cfg.c"
 
Building file: "../clusteringDBscan.c"
Invoking: C6000 Compiler
"C:/ti/ccs1000/ccs/tools/compiler/ti-cgt-c6000_8.3.6/bin/cl6x" -mv6740 --abi=eabi -O3 --include_path="C:/Users/Gerardo/Documents/Escuela/Maestria/Tesis/Software Development/Radar/mrr_18xx_dss" --include_path="C:/ti/mmwave_sdk_03_03_00_03/packages" --include_path="C:/ti/mathlib_c674x_3_1_2_1/packages" --include_path="C:/ti/dsplib_c64Px_3_4_0_0/packages/ti/dsplib/src/DSP_fft16x16/c64P" --include_path="C:/ti/dsplib_c64Px_3_4_0_0/packages/ti/dsplib/src/DSP_fft32x32/c64P" --include_path="C:/ti/ccs1000/ccs/tools/compiler/ti-cgt-c6000_8.3.6/include" --define=SOC_XWR18XX --define=SUBSYS_DSS --define=ENABLE_ADVANCED_FRAME --define=MMWAVE_L3RAM_NUM_BANK=8 --define=MMWAVE_SHMEM_BANK_SIZE=0x20000 --define=MMWAVE_L3RAM_SIZE=0x100000 --define=SHMEM_ALLOC=0x00000008 --define=DOWNLOAD_FROM_CCS --define=DebugP_ASSERT_ENABLED -g --gcc --diag_warning=225 --diag_wrap=off --display_error_number --gen_func_subsections=on --disable_push_pop --obj_extension=.oe674 --preproc_with_compile --preproc_dependency="clusteringDBscan.d_raw" --cmd_file="configPkg/compiler.opt"  "../clusteringDBscan.c"
Finished building: "../clusteringDBscan.c"
 
Building file: "../dss_main.c"
Invoking: C6000 Compiler
"C:/ti/ccs1000/ccs/tools/compiler/ti-cgt-c6000_8.3.6/bin/cl6x" -mv6740 --abi=eabi -O3 --include_path="C:/Users/Gerardo/Documents/Escuela/Maestria/Tesis/Software Development/Radar/mrr_18xx_dss" --include_path="C:/ti/mmwave_sdk_03_03_00_03/packages" --include_path="C:/ti/mathlib_c674x_3_1_2_1/packages" --include_path="C:/ti/dsplib_c64Px_3_4_0_0/packages/ti/dsplib/src/DSP_fft16x16/c64P" --include_path="C:/ti/dsplib_c64Px_3_4_0_0/packages/ti/dsplib/src/DSP_fft32x32/c64P" --include_path="C:/ti/ccs1000/ccs/tools/compiler/ti-cgt-c6000_8.3.6/include" --define=SOC_XWR18XX --define=SUBSYS_DSS --define=ENABLE_ADVANCED_FRAME --define=MMWAVE_L3RAM_NUM_BANK=8 --define=MMWAVE_SHMEM_BANK_SIZE=0x20000 --define=MMWAVE_L3RAM_SIZE=0x100000 --define=SHMEM_ALLOC=0x00000008 --define=DOWNLOAD_FROM_CCS --define=DebugP_ASSERT_ENABLED -g --gcc --diag_warning=225 --diag_wrap=off --display_error_number --gen_func_subsections=on --disable_push_pop --obj_extension=.oe674 --preproc_with_compile --preproc_dependency="dss_main.d_raw" --cmd_file="configPkg/compiler.opt"  "../dss_main.c"
Finished building: "../dss_main.c"
 
Building file: "../Extended_Kalman_Filter_xyz.c"
Invoking: C6000 Compiler
"C:/ti/ccs1000/ccs/tools/compiler/ti-cgt-c6000_8.3.6/bin/cl6x" -mv6740 --abi=eabi -O3 --include_path="C:/Users/Gerardo/Documents/Escuela/Maestria/Tesis/Software Development/Radar/mrr_18xx_dss" --include_path="C:/ti/mmwave_sdk_03_03_00_03/packages" --include_path="C:/ti/mathlib_c674x_3_1_2_1/packages" --include_path="C:/ti/dsplib_c64Px_3_4_0_0/packages/ti/dsplib/src/DSP_fft16x16/c64P" --include_path="C:/ti/dsplib_c64Px_3_4_0_0/packages/ti/dsplib/src/DSP_fft32x32/c64P" --include_path="C:/ti/ccs1000/ccs/tools/compiler/ti-cgt-c6000_8.3.6/include" --define=SOC_XWR18XX --define=SUBSYS_DSS --define=ENABLE_ADVANCED_FRAME --define=MMWAVE_L3RAM_NUM_BANK=8 --define=MMWAVE_SHMEM_BANK_SIZE=0x20000 --define=MMWAVE_L3RAM_SIZE=0x100000 --define=SHMEM_ALLOC=0x00000008 --define=DOWNLOAD_FROM_CCS --define=DebugP_ASSERT_ENABLED -g --gcc --diag_warning=225 --diag_wrap=off --display_error_number --gen_func_subsections=on --disable_push_pop --obj_extension=.oe674 --preproc_with_compile --preproc_dependency="Extended_Kalman_Filter_xyz.d_raw" --cmd_file="configPkg/compiler.opt"  "../Extended_Kalman_Filter_xyz.c"
Finished building: "../Extended_Kalman_Filter_xyz.c"
 
Building file: "../dss_data_path.c"
Invoking: C6000 Compiler
"C:/ti/ccs1000/ccs/tools/compiler/ti-cgt-c6000_8.3.6/bin/cl6x" -mv6740 --abi=eabi -O3 --include_path="C:/Users/Gerardo/Documents/Escuela/Maestria/Tesis/Software Development/Radar/mrr_18xx_dss" --include_path="C:/ti/mmwave_sdk_03_03_00_03/packages" --include_path="C:/ti/mathlib_c674x_3_1_2_1/packages" --include_path="C:/ti/dsplib_c64Px_3_4_0_0/packages/ti/dsplib/src/DSP_fft16x16/c64P" --include_path="C:/ti/dsplib_c64Px_3_4_0_0/packages/ti/dsplib/src/DSP_fft32x32/c64P" --include_path="C:/ti/ccs1000/ccs/tools/compiler/ti-cgt-c6000_8.3.6/include" --define=SOC_XWR18XX --define=SUBSYS_DSS --define=ENABLE_ADVANCED_FRAME --define=MMWAVE_L3RAM_NUM_BANK=8 --define=MMWAVE_SHMEM_BANK_SIZE=0x20000 --define=MMWAVE_L3RAM_SIZE=0x100000 --define=SHMEM_ALLOC=0x00000008 --define=DOWNLOAD_FROM_CCS --define=DebugP_ASSERT_ENABLED -g --gcc --diag_warning=225 --diag_wrap=off --display_error_number --gen_func_subsections=on --disable_push_pop --obj_extension=.oe674 --preproc_with_compile --preproc_dependency="dss_data_path.d_raw" --cmd_file="configPkg/compiler.opt"  "../dss_data_path.c"
Finished building: "../dss_data_path.c"
 
Building target: "mrr_18xx_dss.xe674"
Invoking: C6000 Linker
"C:/ti/ccs1000/ccs/tools/compiler/ti-cgt-c6000_8.3.6/bin/cl6x" -mv6740 --abi=eabi -O3 --define=SOC_XWR18XX --define=SUBSYS_DSS --define=ENABLE_ADVANCED_FRAME --define=MMWAVE_L3RAM_NUM_BANK=8 --define=MMWAVE_SHMEM_BANK_SIZE=0x20000 --define=MMWAVE_L3RAM_SIZE=0x100000 --define=SHMEM_ALLOC=0x00000008 --define=DOWNLOAD_FROM_CCS --define=DebugP_ASSERT_ENABLED -g --gcc --diag_warning=225 --diag_wrap=off --display_error_number --gen_func_subsections=on --disable_push_pop --obj_extension=.oe674 -z -m"mrr_18xx_dss.map" --heap_size=0x800 --stack_size=0x800 -i"C:/ti/ccs1000/ccs/tools/compiler/ti-cgt-c6000_8.3.6/lib" -i"C:/Users/Gerardo/Documents/Escuela/Maestria/Tesis/Software Development/Radar/mrr_18xx_dss" -i"C:/ti/mmwave_sdk_03_03_00_03/packages/ti/control/mmwave/lib" -i"C:/ti/mmwave_sdk_03_03_00_03/packages/ti/control/mmwavelink/lib" -i"C:/ti/mmwave_sdk_03_03_00_03/packages/ti/drivers/crc/lib" -i"C:/ti/mmwave_sdk_03_03_00_03/packages/ti/drivers/mailbox/lib" -i"C:/ti/mmwave_sdk_03_03_00_03/packages/ti/drivers/osal/lib" -i"C:/ti/mmwave_sdk_03_03_00_03/packages/ti/drivers/soc/lib" -i"C:/ti/mmwave_sdk_03_03_00_03/packages/ti/drivers/uart/lib" -i"C:/ti/mmwave_sdk_03_03_00_03/packages/ti/drivers/edma/lib" -i"C:/ti/mmwave_sdk_03_03_00_03/packages/ti/drivers/adcbuf/lib" -i"C:/ti/mmwave_sdk_03_03_00_03/packages/ti/alg/mmwavelib/lib" -i"C:/ti/dsplib_c64Px_3_4_0_0/packages/ti/dsplib/lib" -i"C:/ti/mathlib_c674x_3_1_2_1/packages/ti/mathlib/lib" -i"C:/ti/ccs1000/ccs/tools/compiler/ti-cgt-c6000_8.3.6/include" --reread_libs --disable_auto_rts --diag_warning=225 --diag_wrap=off --display_error_number --warn_sections --xml_link_info="xwr18xx_mrr_18xx_dss_linkInfo.xml" --ram_model --unused_section_elimination=on -o "mrr_18xx_dss.xe674" "./Extended_Kalman_Filter_xyz.oe674" "./clusteringDBscan.oe674" "./dss_config_edma_util.oe674" "./dss_data_path.oe674" "./dss_main.oe674" "./gen_twiddle_fft16x16.oe674" "./gen_twiddle_fft32x32.oe674" "./common/cfg.oe674" "../c674x_linker.cmd" "../dss_mrr_linker.cmd" -l"configPkg/linker.cmd"  -llibosal_xwr18xx.ae674 -llibsoc_xwr18xx.ae674 -llibcrc_xwr18xx.ae674 -llibuart_xwr18xx.ae674 -llibmailbox_xwr18xx.ae674 -llibmmwavelink_xwr18xx.ae674 -llibmmwave_xwr18xx.ae674 -lmathlib.ae674 -ldsplib.ae64P -llibedma_xwr18xx.ae674 -llibadcbuf_xwr18xx.ae674 -llibmmwavealg_xwr18xx.ae674 -lrts6740_elf.lib -llibc.a 
<Linking>
"../dss_mrr_linker.cmd", line 61: warning #10068-D: no matching section
warning #10370-D: Possible codesize or performance degradation. Section ".text:SOC_init:libsoc_xwr18xx.ae674<soc.oe674>" has calls to rts routines, but rts is placed out of range from call site at 0x20003004, or in a different section. To optimize codesize, either 1) place rts closer to call site, or 2) place rts in same section, or 3) compile with --disable_push_pop.
warning #10370-D: Possible codesize or performance degradation. Section ".text:SOC_init:libsoc_xwr18xx.ae674<soc.oe674>" has calls to rts routines, but rts is placed out of range from call site at 0x20002ee0, or in a different section. To optimize codesize, either 1) place rts closer to call site, or 2) place rts in same section, or 3) compile with --disable_push_pop.
Finished building target: "mrr_18xx_dss.xe674"
 
C:/ti/mmwave_sdk_03_03_00_03/packages/scripts/ImageCreator/out2rprc/out2rprc.exe mrr_18xx_dss.xe674 mrr_18xx_dss.bin
Parsing the input object file, mrr_18xx_dss.xe674.
Appending zeros 8507392
Appending zeros 8510972
Appending zeros 8514764
Appending zeros 8514768
Appending zeros 8516588
Appending zeros 8516592
File conversion complete!
 

**** Build Finished ****

**** Build of configuration Debug for project mrr_18xx_mss ****

"C:\\ti\\ccs1000\\ccs\\utils\\bin\\gmake" -k -j 12 all -O 
 
rm -f C:/Users/Gerardo/Documents/Escuela/Maestria/Tesis/Software Development/Radar/mrr_18xx_mss/mrr_18xx_mss.bin
makefile:190: recipe for target 'pre-build' failed
process_begin: CreateProcess(NULL, rm -f C:/Users/Gerardo/Documents/Escuela/Maestria/Tesis/Software Development/Radar/mrr_18xx_mss/mrr_18xx_mss.bin, ...) failed.
 
gmake[1]: [pre-build] Error 2 (ignored)
 
Building file: "../mss_mrr.cfg"
Invoking: XDCtools
"C:/ti/ccs1000/xdctools_3_61_00_16_core/xs" --xdcpath="C:/ti/bios_6_73_01_01/packages;" xdc.tools.configuro -o configPkg -t ti.targets.arm.elf.R4F -p ti.platforms.cortexR:AWR16XX:false:200 -r release -c "C:/ti/ccs1000/ccs/tools/compiler/ti-cgt-arm_20.2.0.LTS" --compileOptions "--enum_type=int " "../mss_mrr.cfg"
making package.mak (because of package.bld) ...
generating interfaces for package configPkg (because package/package.xdc.inc is older than package.xdc) ...
configuring mss_mrr.xer4f from package/cfg/mss_mrr_per4f.cfg ...
generating custom ti.sysbios library makefile ... 
Starting build of library sources ...
making C:/Users/Gerardo/DOCUME~1/Escuela/Maestria/Tesis/SOFTWA~1/Radar/mrr_18xx_mss/src/sysbios/sysbios.aer4f ...
cler4f C:/ti/bios_6_73_01_01/packages/ti/sysbios/BIOS.c ...
asmer4f C:/ti/bios_6_73_01_01/packages/ti/sysbios/family/arm/IntrinsicsSupport_asm.asm ...
asmer4f C:/ti/bios_6_73_01_01/packages/ti/sysbios/family/arm/TaskSupport_asm.asm ...
asmer4f C:/ti/bios_6_73_01_01/packages/ti/sysbios/family/arm/v7r/vim/Hwi_asm.sv7R ...
asmer4f C:/ti/bios_6_73_01_01/packages/ti/sysbios/family/arm/v7r/vim/Hwi_asm_switch.sv7R ...
asmer4f C:/ti/bios_6_73_01_01/packages/ti/sysbios/family/arm/exc/Exception_asm.asm ...
asmer4f C:/ti/bios_6_73_01_01/packages/ti/sysbios/family/arm/v7r/tms570/Core_asm.sv7R ...
arer4f BIOS.obj arm_IntrinsicsSupport_asm.obj arm_TaskSupport_asm.obj vim_Hwi_asm.obj vim_Hwi_asm_switch.obj exc_Exception_asm.obj tms570_Core_asm.obj ...
Build of libraries done.
cler4f package/cfg/mss_mrr_per4f.c ...
Finished building: "../mss_mrr.cfg"
 
Building file: "../mss_main.c"
Invoking: ARM Compiler
"C:/ti/ccs1000/ccs/tools/compiler/ti-cgt-arm_20.2.0.LTS/bin/armcl" -mv7R4 --code_state=16 --float_support=VFPv3D16 -me -O3 --include_path="C:/Users/Gerardo/Documents/Escuela/Maestria/Tesis/Software Development/Radar/mrr_18xx_mss" --include_path="C:/ti/mmwave_sdk_03_03_00_03" --include_path="C:/ti/mmwave_sdk_03_03_00_03/packages" --include_path="C:/ti/ccs1000/ccs/tools/compiler/ti-cgt-arm_20.2.0.LTS/include" --define=_LITTLE_ENDIAN --define=MMWAVE_L3RAM_NUM_BANK=8 --define=MMWAVE_SHMEM_TCMA_NUM_BANK=0 --define=MMWAVE_SHMEM_TCMB_NUM_BANK=0 --define=MMWAVE_SHMEM_BANK_SIZE=0x20000 --define=SOC_XWR18XX --define=SUBSYS_MSS --define=DOWNLOAD_FROM_CCS --define=SHMEM_ALLOC=0x00000008 --define=DebugP_ASSERT_ENABLED -g --c99 --diag_warning=225 --diag_wrap=off --display_error_number --gen_func_subsections=on --enum_type=int --abi=eabi --preproc_with_compile --preproc_dependency="mss_main.d_raw" --cmd_file="configPkg/compiler.opt"  "../mss_main.c"
 
>> Compilation failure
subdir_rules.mk:9: recipe for target 'mss_main.obj' failed
"../mss_main.c", line 517: warning #169-D: argument of type "CANFD_MCANInitParams *" is incompatible with parameter of type "uint8_t"
"../mss_main.c", line 517: warning #169-D: argument of type "int32_t *" is incompatible with parameter of type "const CANFD_MCANInitParams *"
"../mss_main.c", line 517: error #167: too few arguments in function call
1 error detected in the compilation of "../mss_main.c".
gmake[1]: *** [mss_main.obj] Error 1
Building file: "../common/cfg.c"
Invoking: ARM Compiler
"C:/ti/ccs1000/ccs/tools/compiler/ti-cgt-arm_20.2.0.LTS/bin/armcl" -mv7R4 --code_state=16 --float_support=VFPv3D16 -me -O3 --include_path="C:/Users/Gerardo/Documents/Escuela/Maestria/Tesis/Software Development/Radar/mrr_18xx_mss" --include_path="C:/ti/mmwave_sdk_03_03_00_03" --include_path="C:/ti/mmwave_sdk_03_03_00_03/packages" --include_path="C:/ti/ccs1000/ccs/tools/compiler/ti-cgt-arm_20.2.0.LTS/include" --define=_LITTLE_ENDIAN --define=MMWAVE_L3RAM_NUM_BANK=8 --define=MMWAVE_SHMEM_TCMA_NUM_BANK=0 --define=MMWAVE_SHMEM_TCMB_NUM_BANK=0 --define=MMWAVE_SHMEM_BANK_SIZE=0x20000 --define=SOC_XWR18XX --define=SUBSYS_MSS --define=DOWNLOAD_FROM_CCS --define=SHMEM_ALLOC=0x00000008 --define=DebugP_ASSERT_ENABLED -g --c99 --diag_warning=225 --diag_wrap=off --display_error_number --gen_func_subsections=on --enum_type=int --abi=eabi --preproc_with_compile --preproc_dependency="common/cfg.d_raw" --obj_directory="common" --cmd_file="configPkg/compiler.opt"  "../common/cfg.c"
Finished building: "../common/cfg.c"
 
Building file: "../mss_mrr_cli.c"
Invoking: ARM Compiler
"C:/ti/ccs1000/ccs/tools/compiler/ti-cgt-arm_20.2.0.LTS/bin/armcl" -mv7R4 --code_state=16 --float_support=VFPv3D16 -me -O3 --include_path="C:/Users/Gerardo/Documents/Escuela/Maestria/Tesis/Software Development/Radar/mrr_18xx_mss" --include_path="C:/ti/mmwave_sdk_03_03_00_03" --include_path="C:/ti/mmwave_sdk_03_03_00_03/packages" --include_path="C:/ti/ccs1000/ccs/tools/compiler/ti-cgt-arm_20.2.0.LTS/include" --define=_LITTLE_ENDIAN --define=MMWAVE_L3RAM_NUM_BANK=8 --define=MMWAVE_SHMEM_TCMA_NUM_BANK=0 --define=MMWAVE_SHMEM_TCMB_NUM_BANK=0 --define=MMWAVE_SHMEM_BANK_SIZE=0x20000 --define=SOC_XWR18XX --define=SUBSYS_MSS --define=DOWNLOAD_FROM_CCS --define=SHMEM_ALLOC=0x00000008 --define=DebugP_ASSERT_ENABLED -g --c99 --diag_warning=225 --diag_wrap=off --display_error_number --gen_func_subsections=on --enum_type=int --abi=eabi --preproc_with_compile --preproc_dependency="mss_mrr_cli.d_raw" --cmd_file="configPkg/compiler.opt"  "../mss_mrr_cli.c"
gmake[1]: Target 'main-build' not remade because of errors.
gmake: *** [all] Error 2
Finished building: "../mss_mrr_cli.c"
 
makefile:156: recipe for target 'all' failed

**** Build Finished ****

**** Clean-only build of configuration Debug for project mrr_18xx_mss ****

"C:\\ti\\ccs1000\\ccs\\utils\\bin\\gmake" -k -j 12 clean -O 
 
DEL /F  "mrr_18xx_mss.hex"  "configPkg\linker.cmd" "configPkg\compiler.opt"  "mrr_18xx_mss.xer4f" 
DEL /F "mss_main.obj" "mss_mrr_cli.obj" "common\cfg.obj" 
DEL /F "mss_main.d" "mss_mrr_cli.d" "common\cfg.d" 
RMDIR /S/Q  "configPkg\" 
Could Not Find C:\Users\Gerardo\Documents\Escuela\Maestria\Tesis\Software Development\Radar\mrr_18xx_mss\Debug\mrr_18xx_mss.hex
Could Not Find C:\Users\Gerardo\Documents\Escuela\Maestria\Tesis\Software Development\Radar\mrr_18xx_mss\Debug\mrr_18xx_mss.xer4f
Finished clean
 

**** Build Finished ****

**** Build of configuration Debug for project mrr_18xx_mss ****

"C:\\ti\\ccs1000\\ccs\\utils\\bin\\gmake" -k -j 12 all -O 
 
rm -f C:/Users/Gerardo/Documents/Escuela/Maestria/Tesis/Software Development/Radar/mrr_18xx_mss/mrr_18xx_mss.bin
makefile:190: recipe for target 'pre-build' failed
process_begin: CreateProcess(NULL, rm -f C:/Users/Gerardo/Documents/Escuela/Maestria/Tesis/Software Development/Radar/mrr_18xx_mss/mrr_18xx_mss.bin, ...) failed.
 
gmake[1]: [pre-build] Error 2 (ignored)
 
Building file: "../mss_mrr.cfg"
Invoking: XDCtools
"C:/ti/ccs1000/xdctools_3_61_00_16_core/xs" --xdcpath="C:/ti/bios_6_73_01_01/packages;" xdc.tools.configuro -o configPkg -t ti.targets.arm.elf.R4F -p ti.platforms.cortexR:AWR16XX:false:200 -r release -c "C:/ti/ccs1000/ccs/tools/compiler/ti-cgt-arm_20.2.0.LTS" --compileOptions "--enum_type=int " "../mss_mrr.cfg"
making package.mak (because of package.bld) ...
generating interfaces for package configPkg (because package/package.xdc.inc is older than package.xdc) ...
configuring mss_mrr.xer4f from package/cfg/mss_mrr_per4f.cfg ...
generating custom ti.sysbios library makefile ... 
Starting build of library sources ...
making C:/Users/Gerardo/DOCUME~1/Escuela/Maestria/Tesis/SOFTWA~1/Radar/mrr_18xx_mss/src/sysbios/sysbios.aer4f ...
Build of libraries done.
cler4f package/cfg/mss_mrr_per4f.c ...
Finished building: "../mss_mrr.cfg"
 
Building file: "../common/cfg.c"
Invoking: ARM Compiler
"C:/ti/ccs1000/ccs/tools/compiler/ti-cgt-arm_20.2.0.LTS/bin/armcl" -mv7R4 --code_state=16 --float_support=VFPv3D16 -me -O3 --include_path="C:/Users/Gerardo/Documents/Escuela/Maestria/Tesis/Software Development/Radar/mrr_18xx_mss" --include_path="C:/ti/mmwave_sdk_03_03_00_03" --include_path="C:/ti/mmwave_sdk_03_03_00_03/packages" --include_path="C:/ti/ccs1000/ccs/tools/compiler/ti-cgt-arm_20.2.0.LTS/include" --define=_LITTLE_ENDIAN --define=MMWAVE_L3RAM_NUM_BANK=8 --define=MMWAVE_SHMEM_TCMA_NUM_BANK=0 --define=MMWAVE_SHMEM_TCMB_NUM_BANK=0 --define=MMWAVE_SHMEM_BANK_SIZE=0x20000 --define=SOC_XWR18XX --define=SUBSYS_MSS --define=DOWNLOAD_FROM_CCS --define=SHMEM_ALLOC=0x00000008 --define=DebugP_ASSERT_ENABLED -g --c99 --diag_warning=225 --diag_wrap=off --display_error_number --gen_func_subsections=on --enum_type=int --abi=eabi --preproc_with_compile --preproc_dependency="common/cfg.d_raw" --obj_directory="common" --cmd_file="configPkg/compiler.opt"  "../common/cfg.c"
Finished building: "../common/cfg.c"
 
Building file: "../mss_mrr_cli.c"
Invoking: ARM Compiler
"C:/ti/ccs1000/ccs/tools/compiler/ti-cgt-arm_20.2.0.LTS/bin/armcl" -mv7R4 --code_state=16 --float_support=VFPv3D16 -me -O3 --include_path="C:/Users/Gerardo/Documents/Escuela/Maestria/Tesis/Software Development/Radar/mrr_18xx_mss" --include_path="C:/ti/mmwave_sdk_03_03_00_03" --include_path="C:/ti/mmwave_sdk_03_03_00_03/packages" --include_path="C:/ti/ccs1000/ccs/tools/compiler/ti-cgt-arm_20.2.0.LTS/include" --define=_LITTLE_ENDIAN --define=MMWAVE_L3RAM_NUM_BANK=8 --define=MMWAVE_SHMEM_TCMA_NUM_BANK=0 --define=MMWAVE_SHMEM_TCMB_NUM_BANK=0 --define=MMWAVE_SHMEM_BANK_SIZE=0x20000 --define=SOC_XWR18XX --define=SUBSYS_MSS --define=DOWNLOAD_FROM_CCS --define=SHMEM_ALLOC=0x00000008 --define=DebugP_ASSERT_ENABLED -g --c99 --diag_warning=225 --diag_wrap=off --display_error_number --gen_func_subsections=on --enum_type=int --abi=eabi --preproc_with_compile --preproc_dependency="mss_mrr_cli.d_raw" --cmd_file="configPkg/compiler.opt"  "../mss_mrr_cli.c"
Finished building: "../mss_mrr_cli.c"
 
Building file: "../mss_main.c"
Invoking: ARM Compiler
"C:/ti/ccs1000/ccs/tools/compiler/ti-cgt-arm_20.2.0.LTS/bin/armcl" -mv7R4 --code_state=16 --float_support=VFPv3D16 -me -O3 --include_path="C:/Users/Gerardo/Documents/Escuela/Maestria/Tesis/Software Development/Radar/mrr_18xx_mss" --include_path="C:/ti/mmwave_sdk_03_03_00_03" --include_path="C:/ti/mmwave_sdk_03_03_00_03/packages" --include_path="C:/ti/ccs1000/ccs/tools/compiler/ti-cgt-arm_20.2.0.LTS/include" --define=_LITTLE_ENDIAN --define=MMWAVE_L3RAM_NUM_BANK=8 --define=MMWAVE_SHMEM_TCMA_NUM_BANK=0 --define=MMWAVE_SHMEM_TCMB_NUM_BANK=0 --define=MMWAVE_SHMEM_BANK_SIZE=0x20000 --define=SOC_XWR18XX --define=SUBSYS_MSS --define=DOWNLOAD_FROM_CCS --define=SHMEM_ALLOC=0x00000008 --define=DebugP_ASSERT_ENABLED -g --c99 --diag_warning=225 --diag_wrap=off --display_error_number --gen_func_subsections=on --enum_type=int --abi=eabi --preproc_with_compile --preproc_dependency="mss_main.d_raw" --cmd_file="configPkg/compiler.opt"  "../mss_main.c"
Finished building: "../mss_main.c"
 
Building target: "mrr_18xx_mss.xer4f"
Invoking: ARM Linker
"C:/ti/ccs1000/ccs/tools/compiler/ti-cgt-arm_20.2.0.LTS/bin/armcl" -mv7R4 --code_state=16 --float_support=VFPv3D16 -me -O3 --define=_LITTLE_ENDIAN --define=MMWAVE_L3RAM_NUM_BANK=8 --define=MMWAVE_SHMEM_TCMA_NUM_BANK=0 --define=MMWAVE_SHMEM_TCMB_NUM_BANK=0 --define=MMWAVE_SHMEM_BANK_SIZE=0x20000 --define=SOC_XWR18XX --define=SUBSYS_MSS --define=DOWNLOAD_FROM_CCS --define=SHMEM_ALLOC=0x00000008 --define=DebugP_ASSERT_ENABLED -g --c99 --diag_warning=225 --diag_wrap=off --display_error_number --gen_func_subsections=on --enum_type=int --abi=eabi -z -m"mrr_18xx_mss.map" --heap_size=0x800 --stack_size=0x800 -i"C:/ti/ccs1000/ccs/tools/compiler/ti-cgt-arm_20.2.0.LTS/lib" -i"C:/ti/mmwave_sdk_03_03_00_03/packages/ti/control/mmwave/lib" -i"C:/ti/mmwave_sdk_03_03_00_03/packages/ti/control/mmwavelink/lib" -i"C:/ti/mmwave_sdk_03_03_00_03/packages/ti/drivers/crc/lib" -i"C:/ti/mmwave_sdk_03_03_00_03/packages/ti/drivers/esm/lib" -i"C:/ti/mmwave_sdk_03_03_00_03/packages/ti/drivers/gpio/lib" -i"C:/ti/mmwave_sdk_03_03_00_03/packages/ti/drivers/osal/lib" -i"C:/ti/mmwave_sdk_03_03_00_03/packages/ti/drivers/pinmux/lib" -i"C:/ti/mmwave_sdk_03_03_00_03/packages/ti/drivers/mailbox/lib" -i"C:/ti/mmwave_sdk_03_03_00_03/packages/ti/drivers/dma/lib" -i"C:/ti/mmwave_sdk_03_03_00_03/packages/ti/drivers/soc/lib" -i"C:/ti/mmwave_sdk_03_03_00_03/packages/ti/drivers/uart/lib" -i"C:/ti/mmwave_sdk_03_03_00_03/packages/ti/drivers/canfd/lib" -i"C:/ti/mmwave_sdk_03_03_00_03/packages/ti/utils/cli/lib" -i"C:/ti/ccs1000/ccs/tools/compiler/ti-cgt-arm_20.2.0.LTS/include" --reread_libs --disable_auto_rts --define=MMWAVE_L3RAM_SIZE=0x100000 --diag_warning=225 --diag_wrap=off --display_error_number --warn_sections --xml_link_info="mrr_18xx_mss.xml" --rom_model --unused_section_elimination=on -o "mrr_18xx_mss.xer4f" "./mss_main.obj" "./mss_mrr_cli.obj" "./common/cfg.obj" "../mss_mrr_linker.cmd" "../r4f_linker.cmd" -l"configPkg/linker.cmd"  -llibosal_xwr18xx.aer4f -llibesm_xwr18xx.aer4f -llibgpio_xwr18xx.aer4f -llibsoc_xwr18xx.aer4f -llibmailbox_xwr18xx.aer4f -llibpinmux_xwr18xx.aer4f -llibcrc_xwr18xx.aer4f -llibDMA_xwr18xx.aer4f -llibuart_xwr18xx.aer4f -llibcanfd_xwr18xx.aer4f -llibmmwavelink_xwr18xx.aer4f -llibmmwave_xwr18xx.aer4f -llibcli_xwr18xx.aer4f -lrtsv7R4_T_le_v3D16_eabi.lib -llibc.a 
<Linking>
Finished building target: "mrr_18xx_mss.xer4f"
 
C:/ti/mmwave_sdk_03_03_00_03/packages/scripts/ImageCreator/out2rprc/out2rprc.exe mrr_18xx_mss.xer4f mrr_18xx_mss.bin
Parsing the input object file, mrr_18xx_mss.xer4f.
Appending zeros 0
Appending zeros 256
Appending zeros 76052
File conversion complete!
C:/ti/mmwave_sdk_03_03_00_03/packages/scripts/ImageCreator/multicore_image_generator/MulticoreImageGen.exe LE 37 0x00000008 xwr18xx_mrr_demo.bin 0x35510000 C:/Users/Gerardo/Documents/Escuela/Maestria/Tesis/Software Development/Radar/mrr_18xx_mss/Debug/mrr_18xx_mss.bin 0xb5510000 C:/ti/mmwave_sdk_03_03_00_03/firmware/radarss/xwr18xx_radarss_rprc.bin 0xd5510000 C:/Users/Gerardo/Documents/Escuela/Maestria/Tesis/Software Development/Radar/mrr_18xx_dss/Debug/mrr_18xx_dss.bin

**** Build of configuration Debug for project mrr_18xx_dss ****

"C:\\ti\\ccs1000\\ccs\\utils\\bin\\gmake" -k -j 12 all -O 
 
rm -f C:/Users/Gerardo/Documents/Escuela/Maestria/Tesis/Software Development/Radar/mrr_18xx_dss/mrr_18xx_dss.bin
makefile:194: recipe for target 'pre-build' failed
process_begin: CreateProcess(NULL, rm -f C:/Users/Gerardo/Documents/Escuela/Maestria/Tesis/Software Development/Radar/mrr_18xx_dss/mrr_18xx_dss.bin, ...) failed.
 
gmake[1]: [pre-build] Error 2 (ignored)
 
Building file: "../dss_mrr.cfg"
Invoking: XDCtools
"C:/ti/ccs1000/xdctools_3_61_00_16_core/xs" --xdcpath="C:/ti/bios_6_73_01_01/packages;" xdc.tools.configuro -o configPkg -t ti.targets.elf.C674 -p ti.platforms.c6x:AWR16XX:false:600 -r release -c "C:/ti/ccs1000/ccs/tools/compiler/ti-cgt-c6000_8.3.6" "../dss_mrr.cfg"
making package.mak (because of package.bld) ...
generating interfaces for package configPkg (because package/package.xdc.inc is older than package.xdc) ...
configuring dss_mrr.xe674 from package/cfg/dss_mrr_pe674.cfg ...
generating custom ti.sysbios library makefile ... 
Starting build of library sources ...
making C:/Users/Gerardo/DOCUME~1/Escuela/Maestria/Tesis/SOFTWA~1/Radar/mrr_18xx_dss/src/sysbios/sysbios.ae674 ...
cle674 C:/ti/bios_6_73_01_01/packages/ti/sysbios/BIOS.c ...
asme674 C:/ti/bios_6_73_01_01/packages/ti/sysbios/family/c64p/Exception_asm.s64P ...
asme674 C:/ti/bios_6_73_01_01/packages/ti/sysbios/family/c64p/Hwi_asm.s62 ...
asme674 C:/ti/bios_6_73_01_01/packages/ti/sysbios/family/c64p/Hwi_asm_switch.s62 ...
asme674 C:/ti/bios_6_73_01_01/packages/ti/sysbios/family/c64p/Hwi_disp_always.s64P ...
asme674 C:/ti/bios_6_73_01_01/packages/ti/sysbios/rts/ti/tls_get_tp.asm ...
asme674 C:/ti/bios_6_73_01_01/packages/ti/sysbios/family/c62/TaskSupport_asm.s62 ...
are674 BIOS.obj c64p_Exception_asm.obj c64p_Hwi_asm.obj c64p_Hwi_asm_switch.obj c64p_Hwi_disp_always.obj ti_tls_get_tp.obj c62_TaskSupport_asm.obj ...
Build of libraries done.
cle674 package/cfg/dss_mrr_pe674.c ...
Finished building: "../dss_mrr.cfg"
 
Building file: "../gen_twiddle_fft32x32.c"
Invoking: C6000 Compiler
"C:/ti/ccs1000/ccs/tools/compiler/ti-cgt-c6000_8.3.6/bin/cl6x" -mv6740 --abi=eabi -O3 --include_path="C:/Users/Gerardo/Documents/Escuela/Maestria/Tesis/Software Development/Radar/mrr_18xx_dss" --include_path="C:/ti/mmwave_sdk_03_03_00_03/packages" --include_path="C:/ti/mathlib_c674x_3_1_2_1/packages" --include_path="C:/ti/dsplib_c64Px_3_4_0_0/packages/ti/dsplib/src/DSP_fft16x16/c64P" --include_path="C:/ti/dsplib_c64Px_3_4_0_0/packages/ti/dsplib/src/DSP_fft32x32/c64P" --include_path="C:/ti/ccs1000/ccs/tools/compiler/ti-cgt-c6000_8.3.6/include" --define=SOC_XWR18XX --define=SUBSYS_DSS --define=ENABLE_ADVANCED_FRAME --define=MMWAVE_L3RAM_NUM_BANK=8 --define=MMWAVE_SHMEM_BANK_SIZE=0x20000 --define=MMWAVE_L3RAM_SIZE=0x100000 --define=SHMEM_ALLOC=0x00000008 --define=DOWNLOAD_FROM_CCS --define=DebugP_ASSERT_ENABLED -g --gcc --diag_warning=225 --diag_wrap=off --display_error_number --gen_func_subsections=on --disable_push_pop --obj_extension=.oe674 --preproc_with_compile --preproc_dependency="gen_twiddle_fft32x32.d_raw" --cmd_file="configPkg/compiler.opt"  "../gen_twiddle_fft32x32.c"
Finished building: "../gen_twiddle_fft32x32.c"
 
Building file: "../dss_config_edma_util.c"
Invoking: C6000 Compiler
"C:/ti/ccs1000/ccs/tools/compiler/ti-cgt-c6000_8.3.6/bin/cl6x" -mv6740 --abi=eabi -O3 --include_path="C:/Users/Gerardo/Documents/Escuela/Maestria/Tesis/Software Development/Radar/mrr_18xx_dss" --include_path="C:/ti/mmwave_sdk_03_03_00_03/packages" --include_path="C:/ti/mathlib_c674x_3_1_2_1/packages" --include_path="C:/ti/dsplib_c64Px_3_4_0_0/packages/ti/dsplib/src/DSP_fft16x16/c64P" --include_path="C:/ti/dsplib_c64Px_3_4_0_0/packages/ti/dsplib/src/DSP_fft32x32/c64P" --include_path="C:/ti/ccs1000/ccs/tools/compiler/ti-cgt-c6000_8.3.6/include" --define=SOC_XWR18XX --define=SUBSYS_DSS --define=ENABLE_ADVANCED_FRAME --define=MMWAVE_L3RAM_NUM_BANK=8 --define=MMWAVE_SHMEM_BANK_SIZE=0x20000 --define=MMWAVE_L3RAM_SIZE=0x100000 --define=SHMEM_ALLOC=0x00000008 --define=DOWNLOAD_FROM_CCS --define=DebugP_ASSERT_ENABLED -g --gcc --diag_warning=225 --diag_wrap=off --display_error_number --gen_func_subsections=on --disable_push_pop --obj_extension=.oe674 --preproc_with_compile --preproc_dependency="dss_config_edma_util.d_raw" --cmd_file="configPkg/compiler.opt"  "../dss_config_edma_util.c"
Finished building: "../dss_config_edma_util.c"
 
Building file: "../gen_twiddle_fft16x16.c"
Invoking: C6000 Compiler
"C:/ti/ccs1000/ccs/tools/compiler/ti-cgt-c6000_8.3.6/bin/cl6x" -mv6740 --abi=eabi -O3 --include_path="C:/Users/Gerardo/Documents/Escuela/Maestria/Tesis/Software Development/Radar/mrr_18xx_dss" --include_path="C:/ti/mmwave_sdk_03_03_00_03/packages" --include_path="C:/ti/mathlib_c674x_3_1_2_1/packages" --include_path="C:/ti/dsplib_c64Px_3_4_0_0/packages/ti/dsplib/src/DSP_fft16x16/c64P" --include_path="C:/ti/dsplib_c64Px_3_4_0_0/packages/ti/dsplib/src/DSP_fft32x32/c64P" --include_path="C:/ti/ccs1000/ccs/tools/compiler/ti-cgt-c6000_8.3.6/include" --define=SOC_XWR18XX --define=SUBSYS_DSS --define=ENABLE_ADVANCED_FRAME --define=MMWAVE_L3RAM_NUM_BANK=8 --define=MMWAVE_SHMEM_BANK_SIZE=0x20000 --define=MMWAVE_L3RAM_SIZE=0x100000 --define=SHMEM_ALLOC=0x00000008 --define=DOWNLOAD_FROM_CCS --define=DebugP_ASSERT_ENABLED -g --gcc --diag_warning=225 --diag_wrap=off --display_error_number --gen_func_subsections=on --disable_push_pop --obj_extension=.oe674 --preproc_with_compile --preproc_dependency="gen_twiddle_fft16x16.d_raw" --cmd_file="configPkg/compiler.opt"  "../gen_twiddle_fft16x16.c"
Finished building: "../gen_twiddle_fft16x16.c"
 
Building file: "../common/cfg.c"
Invoking: C6000 Compiler
"C:/ti/ccs1000/ccs/tools/compiler/ti-cgt-c6000_8.3.6/bin/cl6x" -mv6740 --abi=eabi -O3 --include_path="C:/Users/Gerardo/Documents/Escuela/Maestria/Tesis/Software Development/Radar/mrr_18xx_dss" --include_path="C:/ti/mmwave_sdk_03_03_00_03/packages" --include_path="C:/ti/mathlib_c674x_3_1_2_1/packages" --include_path="C:/ti/dsplib_c64Px_3_4_0_0/packages/ti/dsplib/src/DSP_fft16x16/c64P" --include_path="C:/ti/dsplib_c64Px_3_4_0_0/packages/ti/dsplib/src/DSP_fft32x32/c64P" --include_path="C:/ti/ccs1000/ccs/tools/compiler/ti-cgt-c6000_8.3.6/include" --define=SOC_XWR18XX --define=SUBSYS_DSS --define=ENABLE_ADVANCED_FRAME --define=MMWAVE_L3RAM_NUM_BANK=8 --define=MMWAVE_SHMEM_BANK_SIZE=0x20000 --define=MMWAVE_L3RAM_SIZE=0x100000 --define=SHMEM_ALLOC=0x00000008 --define=DOWNLOAD_FROM_CCS --define=DebugP_ASSERT_ENABLED -g --gcc --diag_warning=225 --diag_wrap=off --display_error_number --gen_func_subsections=on --disable_push_pop --obj_extension=.oe674 --preproc_with_compile --preproc_dependency="common/cfg.d_raw" --obj_directory="common" --cmd_file="configPkg/compiler.opt"  "../common/cfg.c"
Finished building: "../common/cfg.c"
 
Building file: "../clusteringDBscan.c"
Invoking: C6000 Compiler
"C:/ti/ccs1000/ccs/tools/compiler/ti-cgt-c6000_8.3.6/bin/cl6x" -mv6740 --abi=eabi -O3 --include_path="C:/Users/Gerardo/Documents/Escuela/Maestria/Tesis/Software Development/Radar/mrr_18xx_dss" --include_path="C:/ti/mmwave_sdk_03_03_00_03/packages" --include_path="C:/ti/mathlib_c674x_3_1_2_1/packages" --include_path="C:/ti/dsplib_c64Px_3_4_0_0/packages/ti/dsplib/src/DSP_fft16x16/c64P" --include_path="C:/ti/dsplib_c64Px_3_4_0_0/packages/ti/dsplib/src/DSP_fft32x32/c64P" --include_path="C:/ti/ccs1000/ccs/tools/compiler/ti-cgt-c6000_8.3.6/include" --define=SOC_XWR18XX --define=SUBSYS_DSS --define=ENABLE_ADVANCED_FRAME --define=MMWAVE_L3RAM_NUM_BANK=8 --define=MMWAVE_SHMEM_BANK_SIZE=0x20000 --define=MMWAVE_L3RAM_SIZE=0x100000 --define=SHMEM_ALLOC=0x00000008 --define=DOWNLOAD_FROM_CCS --define=DebugP_ASSERT_ENABLED -g --gcc --diag_warning=225 --diag_wrap=off --display_error_number --gen_func_subsections=on --disable_push_pop --obj_extension=.oe674 --preproc_with_compile --preproc_dependency="clusteringDBscan.d_raw" --cmd_file="configPkg/compiler.opt"  "../clusteringDBscan.c"
Finished building: "../clusteringDBscan.c"
 
Building file: "../dss_main.c"
Invoking: C6000 Compiler
"C:/ti/ccs1000/ccs/tools/compiler/ti-cgt-c6000_8.3.6/bin/cl6x" -mv6740 --abi=eabi -O3 --include_path="C:/Users/Gerardo/Documents/Escuela/Maestria/Tesis/Software Development/Radar/mrr_18xx_dss" --include_path="C:/ti/mmwave_sdk_03_03_00_03/packages" --include_path="C:/ti/mathlib_c674x_3_1_2_1/packages" --include_path="C:/ti/dsplib_c64Px_3_4_0_0/packages/ti/dsplib/src/DSP_fft16x16/c64P" --include_path="C:/ti/dsplib_c64Px_3_4_0_0/packages/ti/dsplib/src/DSP_fft32x32/c64P" --include_path="C:/ti/ccs1000/ccs/tools/compiler/ti-cgt-c6000_8.3.6/include" --define=SOC_XWR18XX --define=SUBSYS_DSS --define=ENABLE_ADVANCED_FRAME --define=MMWAVE_L3RAM_NUM_BANK=8 --define=MMWAVE_SHMEM_BANK_SIZE=0x20000 --define=MMWAVE_L3RAM_SIZE=0x100000 --define=SHMEM_ALLOC=0x00000008 --define=DOWNLOAD_FROM_CCS --define=DebugP_ASSERT_ENABLED -g --gcc --diag_warning=225 --diag_wrap=off --display_error_number --gen_func_subsections=on --disable_push_pop --obj_extension=.oe674 --preproc_with_compile --preproc_dependency="dss_main.d_raw" --cmd_file="configPkg/compiler.opt"  "../dss_main.c"
Finished building: "../dss_main.c"
 
Building file: "../Extended_Kalman_Filter_xyz.c"
Invoking: C6000 Compiler
"C:/ti/ccs1000/ccs/tools/compiler/ti-cgt-c6000_8.3.6/bin/cl6x" -mv6740 --abi=eabi -O3 --include_path="C:/Users/Gerardo/Documents/Escuela/Maestria/Tesis/Software Development/Radar/mrr_18xx_dss" --include_path="C:/ti/mmwave_sdk_03_03_00_03/packages" --include_path="C:/ti/mathlib_c674x_3_1_2_1/packages" --include_path="C:/ti/dsplib_c64Px_3_4_0_0/packages/ti/dsplib/src/DSP_fft16x16/c64P" --include_path="C:/ti/dsplib_c64Px_3_4_0_0/packages/ti/dsplib/src/DSP_fft32x32/c64P" --include_path="C:/ti/ccs1000/ccs/tools/compiler/ti-cgt-c6000_8.3.6/include" --define=SOC_XWR18XX --define=SUBSYS_DSS --define=ENABLE_ADVANCED_FRAME --define=MMWAVE_L3RAM_NUM_BANK=8 --define=MMWAVE_SHMEM_BANK_SIZE=0x20000 --define=MMWAVE_L3RAM_SIZE=0x100000 --define=SHMEM_ALLOC=0x00000008 --define=DOWNLOAD_FROM_CCS --define=DebugP_ASSERT_ENABLED -g --gcc --diag_warning=225 --diag_wrap=off --display_error_number --gen_func_subsections=on --disable_push_pop --obj_extension=.oe674 --preproc_with_compile --preproc_dependency="Extended_Kalman_Filter_xyz.d_raw" --cmd_file="configPkg/compiler.opt"  "../Extended_Kalman_Filter_xyz.c"
Finished building: "../Extended_Kalman_Filter_xyz.c"
 
Building file: "../dss_data_path.c"
Invoking: C6000 Compiler
"C:/ti/ccs1000/ccs/tools/compiler/ti-cgt-c6000_8.3.6/bin/cl6x" -mv6740 --abi=eabi -O3 --include_path="C:/Users/Gerardo/Documents/Escuela/Maestria/Tesis/Software Development/Radar/mrr_18xx_dss" --include_path="C:/ti/mmwave_sdk_03_03_00_03/packages" --include_path="C:/ti/mathlib_c674x_3_1_2_1/packages" --include_path="C:/ti/dsplib_c64Px_3_4_0_0/packages/ti/dsplib/src/DSP_fft16x16/c64P" --include_path="C:/ti/dsplib_c64Px_3_4_0_0/packages/ti/dsplib/src/DSP_fft32x32/c64P" --include_path="C:/ti/ccs1000/ccs/tools/compiler/ti-cgt-c6000_8.3.6/include" --define=SOC_XWR18XX --define=SUBSYS_DSS --define=ENABLE_ADVANCED_FRAME --define=MMWAVE_L3RAM_NUM_BANK=8 --define=MMWAVE_SHMEM_BANK_SIZE=0x20000 --define=MMWAVE_L3RAM_SIZE=0x100000 --define=SHMEM_ALLOC=0x00000008 --define=DOWNLOAD_FROM_CCS --define=DebugP_ASSERT_ENABLED -g --gcc --diag_warning=225 --diag_wrap=off --display_error_number --gen_func_subsections=on --disable_push_pop --obj_extension=.oe674 --preproc_with_compile --preproc_dependency="dss_data_path.d_raw" --cmd_file="configPkg/compiler.opt"  "../dss_data_path.c"
Finished building: "../dss_data_path.c"
 
Building target: "mrr_18xx_dss.xe674"
Invoking: C6000 Linker
"C:/ti/ccs1000/ccs/tools/compiler/ti-cgt-c6000_8.3.6/bin/cl6x" -mv6740 --abi=eabi -O3 --define=SOC_XWR18XX --define=SUBSYS_DSS --define=ENABLE_ADVANCED_FRAME --define=MMWAVE_L3RAM_NUM_BANK=8 --define=MMWAVE_SHMEM_BANK_SIZE=0x20000 --define=MMWAVE_L3RAM_SIZE=0x100000 --define=SHMEM_ALLOC=0x00000008 --define=DOWNLOAD_FROM_CCS --define=DebugP_ASSERT_ENABLED -g --gcc --diag_warning=225 --diag_wrap=off --display_error_number --gen_func_subsections=on --disable_push_pop --obj_extension=.oe674 -z -m"mrr_18xx_dss.map" --heap_size=0x800 --stack_size=0x800 -i"C:/ti/ccs1000/ccs/tools/compiler/ti-cgt-c6000_8.3.6/lib" -i"C:/Users/Gerardo/Documents/Escuela/Maestria/Tesis/Software Development/Radar/mrr_18xx_dss" -i"C:/ti/mmwave_sdk_03_03_00_03/packages/ti/control/mmwave/lib" -i"C:/ti/mmwave_sdk_03_03_00_03/packages/ti/control/mmwavelink/lib" -i"C:/ti/mmwave_sdk_03_03_00_03/packages/ti/drivers/crc/lib" -i"C:/ti/mmwave_sdk_03_03_00_03/packages/ti/drivers/mailbox/lib" -i"C:/ti/mmwave_sdk_03_03_00_03/packages/ti/drivers/osal/lib" -i"C:/ti/mmwave_sdk_03_03_00_03/packages/ti/drivers/soc/lib" -i"C:/ti/mmwave_sdk_03_03_00_03/packages/ti/drivers/uart/lib" -i"C:/ti/mmwave_sdk_03_03_00_03/packages/ti/drivers/edma/lib" -i"C:/ti/mmwave_sdk_03_03_00_03/packages/ti/drivers/adcbuf/lib" -i"C:/ti/mmwave_sdk_03_03_00_03/packages/ti/alg/mmwavelib/lib" -i"C:/ti/dsplib_c64Px_3_4_0_0/packages/ti/dsplib/lib" -i"C:/ti/mathlib_c674x_3_1_2_1/packages/ti/mathlib/lib" -i"C:/ti/ccs1000/ccs/tools/compiler/ti-cgt-c6000_8.3.6/include" --reread_libs --disable_auto_rts --diag_warning=225 --diag_wrap=off --display_error_number --warn_sections --xml_link_info="xwr18xx_mrr_18xx_dss_linkInfo.xml" --ram_model --unused_section_elimination=on -o "mrr_18xx_dss.xe674" "./Extended_Kalman_Filter_xyz.oe674" "./clusteringDBscan.oe674" "./dss_config_edma_util.oe674" "./dss_data_path.oe674" "./dss_main.oe674" "./gen_twiddle_fft16x16.oe674" "./gen_twiddle_fft32x32.oe674" "./common/cfg.oe674" "../c674x_linker.cmd" "../dss_mrr_linker.cmd" -l"configPkg/linker.cmd"  -llibosal_xwr18xx.ae674 -llibsoc_xwr18xx.ae674 -llibcrc_xwr18xx.ae674 -llibuart_xwr18xx.ae674 -llibmailbox_xwr18xx.ae674 -llibmmwavelink_xwr18xx.ae674 -llibmmwave_xwr18xx.ae674 -lmathlib.ae674 -ldsplib.ae64P -llibedma_xwr18xx.ae674 -llibadcbuf_xwr18xx.ae674 -llibmmwavealg_xwr18xx.ae674 -lrts6740_elf.lib -llibc.a 
<Linking>
"../dss_mrr_linker.cmd", line 61: warning #10068-D: no matching section
warning #10370-D: Possible codesize or performance degradation. Section ".text:SOC_init:libsoc_xwr18xx.ae674<soc.oe674>" has calls to rts routines, but rts is placed out of range from call site at 0x20003004, or in a different section. To optimize codesize, either 1) place rts closer to call site, or 2) place rts in same section, or 3) compile with --disable_push_pop.
warning #10370-D: Possible codesize or performance degradation. Section ".text:SOC_init:libsoc_xwr18xx.ae674<soc.oe674>" has calls to rts routines, but rts is placed out of range from call site at 0x20002ee0, or in a different section. To optimize codesize, either 1) place rts closer to call site, or 2) place rts in same section, or 3) compile with --disable_push_pop.
Finished building target: "mrr_18xx_dss.xe674"
 
C:/ti/mmwave_sdk_03_03_00_03/packages/scripts/ImageCreator/out2rprc/out2rprc.exe mrr_18xx_dss.xe674 mrr_18xx_dss.bin
Parsing the input object file, mrr_18xx_dss.xe674.
Appending zeros 8507392
Appending zeros 8510972
Appending zeros 8514764
Appending zeros 8514768
Appending zeros 8516588
Appending zeros 8516592
File conversion complete!
 

**** Build Finished ****

**** Build of configuration Debug for project mrr_18xx_mss ****

"C:\\ti\\ccs1000\\ccs\\utils\\bin\\gmake" -k -j 12 all -O 
 
rm -f C:/Users/Gerardo/Documents/Escuela/Maestria/Tesis/Software Development/Radar/mrr_18xx_mss/mrr_18xx_mss.bin
makefile:190: recipe for target 'pre-build' failed
process_begin: CreateProcess(NULL, rm -f C:/Users/Gerardo/Documents/Escuela/Maestria/Tesis/Software Development/Radar/mrr_18xx_mss/mrr_18xx_mss.bin, ...) failed.
 
gmake[1]: [pre-build] Error 2 (ignored)
 
Building file: "../mss_mrr.cfg"
Invoking: XDCtools
"C:/ti/ccs1000/xdctools_3_61_00_16_core/xs" --xdcpath="C:/ti/bios_6_73_01_01/packages;" xdc.tools.configuro -o configPkg -t ti.targets.arm.elf.R4F -p ti.platforms.cortexR:AWR16XX:false:200 -r release -c "C:/ti/ccs1000/ccs/tools/compiler/ti-cgt-arm_20.2.0.LTS" --compileOptions "--enum_type=int " "../mss_mrr.cfg"
making package.mak (because of package.bld) ...
generating interfaces for package configPkg (because package/package.xdc.inc is older than package.xdc) ...
configuring mss_mrr.xer4f from package/cfg/mss_mrr_per4f.cfg ...
generating custom ti.sysbios library makefile ... 
Starting build of library sources ...
making C:/Users/Gerardo/DOCUME~1/Escuela/Maestria/Tesis/SOFTWA~1/Radar/mrr_18xx_mss/src/sysbios/sysbios.aer4f ...
cler4f C:/ti/bios_6_73_01_01/packages/ti/sysbios/BIOS.c ...
asmer4f C:/ti/bios_6_73_01_01/packages/ti/sysbios/family/arm/IntrinsicsSupport_asm.asm ...
asmer4f C:/ti/bios_6_73_01_01/packages/ti/sysbios/family/arm/TaskSupport_asm.asm ...
asmer4f C:/ti/bios_6_73_01_01/packages/ti/sysbios/family/arm/v7r/vim/Hwi_asm.sv7R ...
asmer4f C:/ti/bios_6_73_01_01/packages/ti/sysbios/family/arm/v7r/vim/Hwi_asm_switch.sv7R ...
asmer4f C:/ti/bios_6_73_01_01/packages/ti/sysbios/family/arm/exc/Exception_asm.asm ...
asmer4f C:/ti/bios_6_73_01_01/packages/ti/sysbios/family/arm/v7r/tms570/Core_asm.sv7R ...
arer4f BIOS.obj arm_IntrinsicsSupport_asm.obj arm_TaskSupport_asm.obj vim_Hwi_asm.obj vim_Hwi_asm_switch.obj exc_Exception_asm.obj tms570_Core_asm.obj ...
Build of libraries done.
cler4f package/cfg/mss_mrr_per4f.c ...
Finished building: "../mss_mrr.cfg"
 
Building file: "../mss_main.c"
Invoking: ARM Compiler
"C:/ti/ccs1000/ccs/tools/compiler/ti-cgt-arm_20.2.0.LTS/bin/armcl" -mv7R4 --code_state=16 --float_support=VFPv3D16 -me -O3 --include_path="C:/Users/Gerardo/Documents/Escuela/Maestria/Tesis/Software Development/Radar/mrr_18xx_mss" --include_path="C:/ti/mmwave_sdk_03_03_00_03" --include_path="C:/ti/mmwave_sdk_03_03_00_03/packages" --include_path="C:/ti/ccs1000/ccs/tools/compiler/ti-cgt-arm_20.2.0.LTS/include" --define=_LITTLE_ENDIAN --define=MMWAVE_L3RAM_NUM_BANK=8 --define=MMWAVE_SHMEM_TCMA_NUM_BANK=0 --define=MMWAVE_SHMEM_TCMB_NUM_BANK=0 --define=MMWAVE_SHMEM_BANK_SIZE=0x20000 --define=SOC_XWR18XX --define=SUBSYS_MSS --define=DOWNLOAD_FROM_CCS --define=SHMEM_ALLOC=0x00000008 --define=DebugP_ASSERT_ENABLED -g --c99 --diag_warning=225 --diag_wrap=off --display_error_number --gen_func_subsections=on --enum_type=int --abi=eabi --preproc_with_compile --preproc_dependency="mss_main.d_raw" --cmd_file="configPkg/compiler.opt"  "../mss_main.c"
 
>> Compilation failure
subdir_rules.mk:9: recipe for target 'mss_main.obj' failed
"../mss_main.c", line 517: warning #169-D: argument of type "CANFD_MCANInitParams *" is incompatible with parameter of type "uint8_t"
"../mss_main.c", line 517: warning #169-D: argument of type "int32_t *" is incompatible with parameter of type "const CANFD_MCANInitParams *"
"../mss_main.c", line 517: error #167: too few arguments in function call
1 error detected in the compilation of "../mss_main.c".
gmake[1]: *** [mss_main.obj] Error 1
Building file: "../common/cfg.c"
Invoking: ARM Compiler
"C:/ti/ccs1000/ccs/tools/compiler/ti-cgt-arm_20.2.0.LTS/bin/armcl" -mv7R4 --code_state=16 --float_support=VFPv3D16 -me -O3 --include_path="C:/Users/Gerardo/Documents/Escuela/Maestria/Tesis/Software Development/Radar/mrr_18xx_mss" --include_path="C:/ti/mmwave_sdk_03_03_00_03" --include_path="C:/ti/mmwave_sdk_03_03_00_03/packages" --include_path="C:/ti/ccs1000/ccs/tools/compiler/ti-cgt-arm_20.2.0.LTS/include" --define=_LITTLE_ENDIAN --define=MMWAVE_L3RAM_NUM_BANK=8 --define=MMWAVE_SHMEM_TCMA_NUM_BANK=0 --define=MMWAVE_SHMEM_TCMB_NUM_BANK=0 --define=MMWAVE_SHMEM_BANK_SIZE=0x20000 --define=SOC_XWR18XX --define=SUBSYS_MSS --define=DOWNLOAD_FROM_CCS --define=SHMEM_ALLOC=0x00000008 --define=DebugP_ASSERT_ENABLED -g --c99 --diag_warning=225 --diag_wrap=off --display_error_number --gen_func_subsections=on --enum_type=int --abi=eabi --preproc_with_compile --preproc_dependency="common/cfg.d_raw" --obj_directory="common" --cmd_file="configPkg/compiler.opt"  "../common/cfg.c"
Finished building: "../common/cfg.c"
 
Building file: "../mss_mrr_cli.c"
Invoking: ARM Compiler
"C:/ti/ccs1000/ccs/tools/compiler/ti-cgt-arm_20.2.0.LTS/bin/armcl" -mv7R4 --code_state=16 --float_support=VFPv3D16 -me -O3 --include_path="C:/Users/Gerardo/Documents/Escuela/Maestria/Tesis/Software Development/Radar/mrr_18xx_mss" --include_path="C:/ti/mmwave_sdk_03_03_00_03" --include_path="C:/ti/mmwave_sdk_03_03_00_03/packages" --include_path="C:/ti/ccs1000/ccs/tools/compiler/ti-cgt-arm_20.2.0.LTS/include" --define=_LITTLE_ENDIAN --define=MMWAVE_L3RAM_NUM_BANK=8 --define=MMWAVE_SHMEM_TCMA_NUM_BANK=0 --define=MMWAVE_SHMEM_TCMB_NUM_BANK=0 --define=MMWAVE_SHMEM_BANK_SIZE=0x20000 --define=SOC_XWR18XX --define=SUBSYS_MSS --define=DOWNLOAD_FROM_CCS --define=SHMEM_ALLOC=0x00000008 --define=DebugP_ASSERT_ENABLED -g --c99 --diag_warning=225 --diag_wrap=off --display_error_number --gen_func_subsections=on --enum_type=int --abi=eabi --preproc_with_compile --preproc_dependency="mss_mrr_cli.d_raw" --cmd_file="configPkg/compiler.opt"  "../mss_mrr_cli.c"
gmake[1]: Target 'main-build' not remade because of errors.
gmake: *** [all] Error 2
Finished building: "../mss_mrr_cli.c"
 
makefile:156: recipe for target 'all' failed

**** Build Finished ****

**** Clean-only build of configuration Debug for project mrr_18xx_mss ****

"C:\\ti\\ccs1000\\ccs\\utils\\bin\\gmake" -k -j 12 clean -O 
 
DEL /F  "mrr_18xx_mss.hex"  "configPkg\linker.cmd" "configPkg\compiler.opt"  "mrr_18xx_mss.xer4f" 
DEL /F "mss_main.obj" "mss_mrr_cli.obj" "common\cfg.obj" 
DEL /F "mss_main.d" "mss_mrr_cli.d" "common\cfg.d" 
RMDIR /S/Q  "configPkg\" 
Could Not Find C:\Users\Gerardo\Documents\Escuela\Maestria\Tesis\Software Development\Radar\mrr_18xx_mss\Debug\mrr_18xx_mss.hex
Could Not Find C:\Users\Gerardo\Documents\Escuela\Maestria\Tesis\Software Development\Radar\mrr_18xx_mss\Debug\mrr_18xx_mss.xer4f
Finished clean
 

**** Build Finished ****

**** Build of configuration Debug for project mrr_18xx_mss ****

"C:\\ti\\ccs1000\\ccs\\utils\\bin\\gmake" -k -j 12 all -O 
 
rm -f C:/Users/Gerardo/Documents/Escuela/Maestria/Tesis/Software Development/Radar/mrr_18xx_mss/mrr_18xx_mss.bin
makefile:190: recipe for target 'pre-build' failed
process_begin: CreateProcess(NULL, rm -f C:/Users/Gerardo/Documents/Escuela/Maestria/Tesis/Software Development/Radar/mrr_18xx_mss/mrr_18xx_mss.bin, ...) failed.
 
gmake[1]: [pre-build] Error 2 (ignored)
 
Building file: "../mss_mrr.cfg"
Invoking: XDCtools
"C:/ti/ccs1000/xdctools_3_61_00_16_core/xs" --xdcpath="C:/ti/bios_6_73_01_01/packages;" xdc.tools.configuro -o configPkg -t ti.targets.arm.elf.R4F -p ti.platforms.cortexR:AWR16XX:false:200 -r release -c "C:/ti/ccs1000/ccs/tools/compiler/ti-cgt-arm_20.2.0.LTS" --compileOptions "--enum_type=int " "../mss_mrr.cfg"
making package.mak (because of package.bld) ...
generating interfaces for package configPkg (because package/package.xdc.inc is older than package.xdc) ...
configuring mss_mrr.xer4f from package/cfg/mss_mrr_per4f.cfg ...
generating custom ti.sysbios library makefile ... 
Starting build of library sources ...
making C:/Users/Gerardo/DOCUME~1/Escuela/Maestria/Tesis/SOFTWA~1/Radar/mrr_18xx_mss/src/sysbios/sysbios.aer4f ...
Build of libraries done.
cler4f package/cfg/mss_mrr_per4f.c ...
Finished building: "../mss_mrr.cfg"
 
Building file: "../common/cfg.c"
Invoking: ARM Compiler
"C:/ti/ccs1000/ccs/tools/compiler/ti-cgt-arm_20.2.0.LTS/bin/armcl" -mv7R4 --code_state=16 --float_support=VFPv3D16 -me -O3 --include_path="C:/Users/Gerardo/Documents/Escuela/Maestria/Tesis/Software Development/Radar/mrr_18xx_mss" --include_path="C:/ti/mmwave_sdk_03_03_00_03" --include_path="C:/ti/mmwave_sdk_03_03_00_03/packages" --include_path="C:/ti/ccs1000/ccs/tools/compiler/ti-cgt-arm_20.2.0.LTS/include" --define=_LITTLE_ENDIAN --define=MMWAVE_L3RAM_NUM_BANK=8 --define=MMWAVE_SHMEM_TCMA_NUM_BANK=0 --define=MMWAVE_SHMEM_TCMB_NUM_BANK=0 --define=MMWAVE_SHMEM_BANK_SIZE=0x20000 --define=SOC_XWR18XX --define=SUBSYS_MSS --define=DOWNLOAD_FROM_CCS --define=SHMEM_ALLOC=0x00000008 --define=DebugP_ASSERT_ENABLED -g --c99 --diag_warning=225 --diag_wrap=off --display_error_number --gen_func_subsections=on --enum_type=int --abi=eabi --preproc_with_compile --preproc_dependency="common/cfg.d_raw" --obj_directory="common" --cmd_file="configPkg/compiler.opt"  "../common/cfg.c"
Finished building: "../common/cfg.c"
 
Building file: "../mss_mrr_cli.c"
Invoking: ARM Compiler
"C:/ti/ccs1000/ccs/tools/compiler/ti-cgt-arm_20.2.0.LTS/bin/armcl" -mv7R4 --code_state=16 --float_support=VFPv3D16 -me -O3 --include_path="C:/Users/Gerardo/Documents/Escuela/Maestria/Tesis/Software Development/Radar/mrr_18xx_mss" --include_path="C:/ti/mmwave_sdk_03_03_00_03" --include_path="C:/ti/mmwave_sdk_03_03_00_03/packages" --include_path="C:/ti/ccs1000/ccs/tools/compiler/ti-cgt-arm_20.2.0.LTS/include" --define=_LITTLE_ENDIAN --define=MMWAVE_L3RAM_NUM_BANK=8 --define=MMWAVE_SHMEM_TCMA_NUM_BANK=0 --define=MMWAVE_SHMEM_TCMB_NUM_BANK=0 --define=MMWAVE_SHMEM_BANK_SIZE=0x20000 --define=SOC_XWR18XX --define=SUBSYS_MSS --define=DOWNLOAD_FROM_CCS --define=SHMEM_ALLOC=0x00000008 --define=DebugP_ASSERT_ENABLED -g --c99 --diag_warning=225 --diag_wrap=off --display_error_number --gen_func_subsections=on --enum_type=int --abi=eabi --preproc_with_compile --preproc_dependency="mss_mrr_cli.d_raw" --cmd_file="configPkg/compiler.opt"  "../mss_mrr_cli.c"
Finished building: "../mss_mrr_cli.c"
 
Building file: "../mss_main.c"
Invoking: ARM Compiler
"C:/ti/ccs1000/ccs/tools/compiler/ti-cgt-arm_20.2.0.LTS/bin/armcl" -mv7R4 --code_state=16 --float_support=VFPv3D16 -me -O3 --include_path="C:/Users/Gerardo/Documents/Escuela/Maestria/Tesis/Software Development/Radar/mrr_18xx_mss" --include_path="C:/ti/mmwave_sdk_03_03_00_03" --include_path="C:/ti/mmwave_sdk_03_03_00_03/packages" --include_path="C:/ti/ccs1000/ccs/tools/compiler/ti-cgt-arm_20.2.0.LTS/include" --define=_LITTLE_ENDIAN --define=MMWAVE_L3RAM_NUM_BANK=8 --define=MMWAVE_SHMEM_TCMA_NUM_BANK=0 --define=MMWAVE_SHMEM_TCMB_NUM_BANK=0 --define=MMWAVE_SHMEM_BANK_SIZE=0x20000 --define=SOC_XWR18XX --define=SUBSYS_MSS --define=DOWNLOAD_FROM_CCS --define=SHMEM_ALLOC=0x00000008 --define=DebugP_ASSERT_ENABLED -g --c99 --diag_warning=225 --diag_wrap=off --display_error_number --gen_func_subsections=on --enum_type=int --abi=eabi --preproc_with_compile --preproc_dependency="mss_main.d_raw" --cmd_file="configPkg/compiler.opt"  "../mss_main.c"
Finished building: "../mss_main.c"
 
Building target: "mrr_18xx_mss.xer4f"
Invoking: ARM Linker
"C:/ti/ccs1000/ccs/tools/compiler/ti-cgt-arm_20.2.0.LTS/bin/armcl" -mv7R4 --code_state=16 --float_support=VFPv3D16 -me -O3 --define=_LITTLE_ENDIAN --define=MMWAVE_L3RAM_NUM_BANK=8 --define=MMWAVE_SHMEM_TCMA_NUM_BANK=0 --define=MMWAVE_SHMEM_TCMB_NUM_BANK=0 --define=MMWAVE_SHMEM_BANK_SIZE=0x20000 --define=SOC_XWR18XX --define=SUBSYS_MSS --define=DOWNLOAD_FROM_CCS --define=SHMEM_ALLOC=0x00000008 --define=DebugP_ASSERT_ENABLED -g --c99 --diag_warning=225 --diag_wrap=off --display_error_number --gen_func_subsections=on --enum_type=int --abi=eabi -z -m"mrr_18xx_mss.map" --heap_size=0x800 --stack_size=0x800 -i"C:/ti/ccs1000/ccs/tools/compiler/ti-cgt-arm_20.2.0.LTS/lib" -i"C:/ti/mmwave_sdk_03_03_00_03/packages/ti/control/mmwave/lib" -i"C:/ti/mmwave_sdk_03_03_00_03/packages/ti/control/mmwavelink/lib" -i"C:/ti/mmwave_sdk_03_03_00_03/packages/ti/drivers/crc/lib" -i"C:/ti/mmwave_sdk_03_03_00_03/packages/ti/drivers/esm/lib" -i"C:/ti/mmwave_sdk_03_03_00_03/packages/ti/drivers/gpio/lib" -i"C:/ti/mmwave_sdk_03_03_00_03/packages/ti/drivers/osal/lib" -i"C:/ti/mmwave_sdk_03_03_00_03/packages/ti/drivers/pinmux/lib" -i"C:/ti/mmwave_sdk_03_03_00_03/packages/ti/drivers/mailbox/lib" -i"C:/ti/mmwave_sdk_03_03_00_03/packages/ti/drivers/dma/lib" -i"C:/ti/mmwave_sdk_03_03_00_03/packages/ti/drivers/soc/lib" -i"C:/ti/mmwave_sdk_03_03_00_03/packages/ti/drivers/uart/lib" -i"C:/ti/mmwave_sdk_03_03_00_03/packages/ti/drivers/canfd/lib" -i"C:/ti/mmwave_sdk_03_03_00_03/packages/ti/utils/cli/lib" -i"C:/ti/ccs1000/ccs/tools/compiler/ti-cgt-arm_20.2.0.LTS/include" --reread_libs --disable_auto_rts --define=MMWAVE_L3RAM_SIZE=0x100000 --diag_warning=225 --diag_wrap=off --display_error_number --warn_sections --xml_link_info="mrr_18xx_mss.xml" --rom_model --unused_section_elimination=on -o "mrr_18xx_mss.xer4f" "./mss_main.obj" "./mss_mrr_cli.obj" "./common/cfg.obj" "../mss_mrr_linker.cmd" "../r4f_linker.cmd" -l"configPkg/linker.cmd"  -llibosal_xwr18xx.aer4f -llibesm_xwr18xx.aer4f -llibgpio_xwr18xx.aer4f -llibsoc_xwr18xx.aer4f -llibmailbox_xwr18xx.aer4f -llibpinmux_xwr18xx.aer4f -llibcrc_xwr18xx.aer4f -llibDMA_xwr18xx.aer4f -llibuart_xwr18xx.aer4f -llibcanfd_xwr18xx.aer4f -llibmmwavelink_xwr18xx.aer4f -llibmmwave_xwr18xx.aer4f -llibcli_xwr18xx.aer4f -lrtsv7R4_T_le_v3D16_eabi.lib -llibc.a 
<Linking>
Finished building target: "mrr_18xx_mss.xer4f"
 
C:/ti/mmwave_sdk_03_03_00_03/packages/scripts/ImageCreator/out2rprc/out2rprc.exe mrr_18xx_mss.xer4f mrr_18xx_mss.bin
Parsing the input object file, mrr_18xx_mss.xer4f.
Appending zeros 0
Appending zeros 256
Appending zeros 76052
File conversion complete!
C:/ti/mmwave_sdk_03_03_00_03/packages/scripts/ImageCreator/multicore_image_generator/MulticoreImageGen.exe LE 37 0x00000008 xwr18xx_mrr_demo.bin 0x35510000 C:/Users/Gerardo/Documents/Escuela/Maestria/Tesis/Software Development/Radar/mrr_18xx_mss/Debug/mrr_18xx_mss.bin 0xb5510000 C:/ti/mmwave_sdk_03_03_00_03/firmware/radarss/xwr18xx_radarss_rprc.bin 0xd5510000 C:/Users/Gerardo/Documents/Escuela/Maestria/Tesis/Software Development/Radar/mrr_18xx_dss/Debug/mrr_18xx_dss.bin

**** Build of configuration Debug for project mrr_18xx_mss ****

!CommandLauncher.error.commandCanceled!
Error: Program "C:/ti/ccs1000/ccs/utils/bin/gmake" is not found in PATH

PATH=[C:\ti\ccs1000\ccs\ccs_base\common\bin;C:\ti\ccs1000\ccs\ccs_base\common\uscif;C:\Program Files (x86)\Common Files\Oracle\Java\javapath;C:\MinGW\bin;C:\Program Files (x86)\Intel\Intel(R) Management Engine Components\iCLS\;C:\Program Files\Intel\Intel(R) Management Engine Components\iCLS\;C:\Windows\system32;C:\Windows;C:\Windows\System32\Wbem;C:\Windows\System32\WindowsPowerShell\v1.0\;C:\Users\Gerardo\Documents\Escuela\Maestria\Quatri_4\Embedded_Lab\Quadcopter_ES_Lab\SoftwarePackage\Python27;C:\Windows\System32\OpenSSH\;C:\Program Files (x86)\Intel\Intel(R) Management Engine Components\DAL;C:\Program Files\Intel\Intel(R) Management Engine Components\DAL;C:\Program Files (x86)\Intel\Intel(R) Management Engine Components\IPT;C:\Program Files\Intel\Intel(R) Management Engine Components\IPT;C:\Program Files (x86)\NVIDIA Corporation\PhysX\Common;C:\Program Files\Intel\WiFi\bin\;C:\Program Files\Common Files\Intel\WirelessCommon\;C:\Program Files\MATLAB\R2018b\bin;C:\Program Files\nodejs\;C:\Users\Gerardo\Documents\Escuela\Maestria\Quatri_4\Embedded_Lab\Quadcopter_ES_Lab\SoftwarePackage\MinGW\bin;C:\Users\Gerardo\Documents\Escuela\Maestria\Quatri_4\Embedded_Lab\Quadcopter_ES_Lab\SoftwarePackage\MinGW\msys\1.0\bin;C:\Program Files\Git\cmd;C:\WINDOWS\system32;C:\WINDOWS;C:\WINDOWS\System32\Wbem;C:\WINDOWS\System32\WindowsPowerShell\v1.0\;C:\WINDOWS\System32\OpenSSH\;C:\Program Files\PuTTY\;C:\Program Files (x86)\MATLAB\MATLAB Runtime\v851\runtime\win32;C:\Program Files\MATLAB\MATLAB Runtime\v92\runtime\win64;C:\Program Files (x86)\GNU Tools ARM Embedded\5.4 2016q3\bin;C:\Users\Gerardo\AppData\Local\Programs\Python\Python37\Scripts\;C:\Users\Gerardo\AppData\Local\Programs\Python\Python37\;C:\Users\Gerardo\AppData\Local\Programs\Python\Python37-32\Scripts\;C:\Users\Gerardo\AppData\Local\Programs\Python\Python37-32\;C:\Users\Gerardo\AppData\Local\Microsoft\WindowsApps;C:\Users\Gerardo\AppData\Roaming\npm;C:\MinGW\bin]

**** Build Finished ****

**** Build of configuration Debug for project mrr_18xx_dss ****

"C:\\ti\\ccs1000\\ccs\\utils\\bin\\gmake" -k -j 12 all -O 
 
rm -f C:/Users/Gerardo/Documents/Escuela/Maestria/Tesis/Software Development/Radar/mrr_18xx_dss/mrr_18xx_dss.bin
makefile:197: recipe for target 'pre-build' failed
process_begin: CreateProcess(NULL, rm -f C:/Users/Gerardo/Documents/Escuela/Maestria/Tesis/Software Development/Radar/mrr_18xx_dss/mrr_18xx_dss.bin, ...) failed.
 
gmake[1]: [pre-build] Error 2 (ignored)
 
Building file: "../dss_mrr.cfg"
Invoking: XDCtools
"C:/ti/ccs1000/xdctools_3_61_00_16_core/xs" --xdcpath="C:/ti/bios_6_73_01_01/packages;" xdc.tools.configuro -o configPkg -t ti.targets.elf.C674 -p ti.platforms.c6x:AWR16XX:false:600 -r release -c "C:/ti/ccs1000/ccs/tools/compiler/ti-cgt-c6000_8.3.6" "../dss_mrr.cfg"
making package.mak (because of package.bld) ...
generating interfaces for package configPkg (because package/package.xdc.inc is older than package.xdc) ...
configuring dss_mrr.xe674 from package/cfg/dss_mrr_pe674.cfg ...
generating custom ti.sysbios library makefile ... 
Starting build of library sources ...
making C:/Users/Gerardo/DOCUME~1/Escuela/Maestria/Tesis/SOFTWA~1/Radar/mrr_18xx_dss/src/sysbios/sysbios.ae674 ...
cle674 C:/ti/bios_6_73_01_01/packages/ti/sysbios/BIOS.c ...
asme674 C:/ti/bios_6_73_01_01/packages/ti/sysbios/family/c64p/Exception_asm.s64P ...
asme674 C:/ti/bios_6_73_01_01/packages/ti/sysbios/family/c64p/Hwi_asm.s62 ...
asme674 C:/ti/bios_6_73_01_01/packages/ti/sysbios/family/c64p/Hwi_asm_switch.s62 ...
asme674 C:/ti/bios_6_73_01_01/packages/ti/sysbios/family/c64p/Hwi_disp_always.s64P ...
asme674 C:/ti/bios_6_73_01_01/packages/ti/sysbios/rts/ti/tls_get_tp.asm ...
asme674 C:/ti/bios_6_73_01_01/packages/ti/sysbios/family/c62/TaskSupport_asm.s62 ...
are674 BIOS.obj c64p_Exception_asm.obj c64p_Hwi_asm.obj c64p_Hwi_asm_switch.obj c64p_Hwi_disp_always.obj ti_tls_get_tp.obj c62_TaskSupport_asm.obj ...
Build of libraries done.
cle674 package/cfg/dss_mrr_pe674.c ...
Finished building: "../dss_mrr.cfg"
 
Building file: "../gen_twiddle_fft32x32.c"
Invoking: C6000 Compiler
"C:/ti/ccs1000/ccs/tools/compiler/ti-cgt-c6000_8.3.6/bin/cl6x" -mv6740 --abi=eabi -O3 --include_path="C:/Users/Gerardo/Documents/Escuela/Maestria/Tesis/Software Development/Radar/mrr_18xx_dss" --include_path="C:/ti/mmwave_sdk_03_03_00_03/packages" --include_path="C:/ti/mathlib_c674x_3_1_2_1/packages" --include_path="C:/ti/dsplib_c64Px_3_4_0_0/packages/ti/dsplib/src/DSP_fft16x16/c64P" --include_path="C:/ti/dsplib_c64Px_3_4_0_0/packages/ti/dsplib/src/DSP_fft32x32/c64P" --include_path="C:/ti/ccs1000/ccs/tools/compiler/ti-cgt-c6000_8.3.6/include" --define=SOC_XWR18XX --define=SUBSYS_DSS --define=ENABLE_ADVANCED_FRAME --define=MMWAVE_L3RAM_NUM_BANK=8 --define=MMWAVE_SHMEM_BANK_SIZE=0x20000 --define=MMWAVE_L3RAM_SIZE=0x100000 --define=SHMEM_ALLOC=0x00000008 --define=DOWNLOAD_FROM_CCS --define=DebugP_ASSERT_ENABLED -g --gcc --diag_warning=225 --diag_wrap=off --display_error_number --gen_func_subsections=on --disable_push_pop --obj_extension=.oe674 --preproc_with_compile --preproc_dependency="gen_twiddle_fft32x32.d_raw" --cmd_file="configPkg/compiler.opt"  "../gen_twiddle_fft32x32.c"
Finished building: "../gen_twiddle_fft32x32.c"
 
Building file: "../dss_config_edma_util.c"
Invoking: C6000 Compiler
"C:/ti/ccs1000/ccs/tools/compiler/ti-cgt-c6000_8.3.6/bin/cl6x" -mv6740 --abi=eabi -O3 --include_path="C:/Users/Gerardo/Documents/Escuela/Maestria/Tesis/Software Development/Radar/mrr_18xx_dss" --include_path="C:/ti/mmwave_sdk_03_03_00_03/packages" --include_path="C:/ti/mathlib_c674x_3_1_2_1/packages" --include_path="C:/ti/dsplib_c64Px_3_4_0_0/packages/ti/dsplib/src/DSP_fft16x16/c64P" --include_path="C:/ti/dsplib_c64Px_3_4_0_0/packages/ti/dsplib/src/DSP_fft32x32/c64P" --include_path="C:/ti/ccs1000/ccs/tools/compiler/ti-cgt-c6000_8.3.6/include" --define=SOC_XWR18XX --define=SUBSYS_DSS --define=ENABLE_ADVANCED_FRAME --define=MMWAVE_L3RAM_NUM_BANK=8 --define=MMWAVE_SHMEM_BANK_SIZE=0x20000 --define=MMWAVE_L3RAM_SIZE=0x100000 --define=SHMEM_ALLOC=0x00000008 --define=DOWNLOAD_FROM_CCS --define=DebugP_ASSERT_ENABLED -g --gcc --diag_warning=225 --diag_wrap=off --display_error_number --gen_func_subsections=on --disable_push_pop --obj_extension=.oe674 --preproc_with_compile --preproc_dependency="dss_config_edma_util.d_raw" --cmd_file="configPkg/compiler.opt"  "../dss_config_edma_util.c"
Finished building: "../dss_config_edma_util.c"
 
Building file: "../gen_twiddle_fft16x16.c"
Invoking: C6000 Compiler
"C:/ti/ccs1000/ccs/tools/compiler/ti-cgt-c6000_8.3.6/bin/cl6x" -mv6740 --abi=eabi -O3 --include_path="C:/Users/Gerardo/Documents/Escuela/Maestria/Tesis/Software Development/Radar/mrr_18xx_dss" --include_path="C:/ti/mmwave_sdk_03_03_00_03/packages" --include_path="C:/ti/mathlib_c674x_3_1_2_1/packages" --include_path="C:/ti/dsplib_c64Px_3_4_0_0/packages/ti/dsplib/src/DSP_fft16x16/c64P" --include_path="C:/ti/dsplib_c64Px_3_4_0_0/packages/ti/dsplib/src/DSP_fft32x32/c64P" --include_path="C:/ti/ccs1000/ccs/tools/compiler/ti-cgt-c6000_8.3.6/include" --define=SOC_XWR18XX --define=SUBSYS_DSS --define=ENABLE_ADVANCED_FRAME --define=MMWAVE_L3RAM_NUM_BANK=8 --define=MMWAVE_SHMEM_BANK_SIZE=0x20000 --define=MMWAVE_L3RAM_SIZE=0x100000 --define=SHMEM_ALLOC=0x00000008 --define=DOWNLOAD_FROM_CCS --define=DebugP_ASSERT_ENABLED -g --gcc --diag_warning=225 --diag_wrap=off --display_error_number --gen_func_subsections=on --disable_push_pop --obj_extension=.oe674 --preproc_with_compile --preproc_dependency="gen_twiddle_fft16x16.d_raw" --cmd_file="configPkg/compiler.opt"  "../gen_twiddle_fft16x16.c"
Finished building: "../gen_twiddle_fft16x16.c"
 
Building file: "../config_edma_util_hwa.c"
Invoking: C6000 Compiler
"C:/ti/ccs1000/ccs/tools/compiler/ti-cgt-c6000_8.3.6/bin/cl6x" -mv6740 --abi=eabi -O3 --include_path="C:/Users/Gerardo/Documents/Escuela/Maestria/Tesis/Software Development/Radar/mrr_18xx_dss" --include_path="C:/ti/mmwave_sdk_03_03_00_03/packages" --include_path="C:/ti/mathlib_c674x_3_1_2_1/packages" --include_path="C:/ti/dsplib_c64Px_3_4_0_0/packages/ti/dsplib/src/DSP_fft16x16/c64P" --include_path="C:/ti/dsplib_c64Px_3_4_0_0/packages/ti/dsplib/src/DSP_fft32x32/c64P" --include_path="C:/ti/ccs1000/ccs/tools/compiler/ti-cgt-c6000_8.3.6/include" --define=SOC_XWR18XX --define=SUBSYS_DSS --define=ENABLE_ADVANCED_FRAME --define=MMWAVE_L3RAM_NUM_BANK=8 --define=MMWAVE_SHMEM_BANK_SIZE=0x20000 --define=MMWAVE_L3RAM_SIZE=0x100000 --define=SHMEM_ALLOC=0x00000008 --define=DOWNLOAD_FROM_CCS --define=DebugP_ASSERT_ENABLED -g --gcc --diag_warning=225 --diag_wrap=off --display_error_number --gen_func_subsections=on --disable_push_pop --obj_extension=.oe674 --preproc_with_compile --preproc_dependency="config_edma_util_hwa.d_raw" --cmd_file="configPkg/compiler.opt"  "../config_edma_util_hwa.c"
Finished building: "../config_edma_util_hwa.c"
 
Building file: "../common/cfg.c"
Invoking: C6000 Compiler
"C:/ti/ccs1000/ccs/tools/compiler/ti-cgt-c6000_8.3.6/bin/cl6x" -mv6740 --abi=eabi -O3 --include_path="C:/Users/Gerardo/Documents/Escuela/Maestria/Tesis/Software Development/Radar/mrr_18xx_dss" --include_path="C:/ti/mmwave_sdk_03_03_00_03/packages" --include_path="C:/ti/mathlib_c674x_3_1_2_1/packages" --include_path="C:/ti/dsplib_c64Px_3_4_0_0/packages/ti/dsplib/src/DSP_fft16x16/c64P" --include_path="C:/ti/dsplib_c64Px_3_4_0_0/packages/ti/dsplib/src/DSP_fft32x32/c64P" --include_path="C:/ti/ccs1000/ccs/tools/compiler/ti-cgt-c6000_8.3.6/include" --define=SOC_XWR18XX --define=SUBSYS_DSS --define=ENABLE_ADVANCED_FRAME --define=MMWAVE_L3RAM_NUM_BANK=8 --define=MMWAVE_SHMEM_BANK_SIZE=0x20000 --define=MMWAVE_L3RAM_SIZE=0x100000 --define=SHMEM_ALLOC=0x00000008 --define=DOWNLOAD_FROM_CCS --define=DebugP_ASSERT_ENABLED -g --gcc --diag_warning=225 --diag_wrap=off --display_error_number --gen_func_subsections=on --disable_push_pop --obj_extension=.oe674 --preproc_with_compile --preproc_dependency="common/cfg.d_raw" --obj_directory="common" --cmd_file="configPkg/compiler.opt"  "../common/cfg.c"
Finished building: "../common/cfg.c"
 
Building file: "../clusteringDBscan.c"
Invoking: C6000 Compiler
"C:/ti/ccs1000/ccs/tools/compiler/ti-cgt-c6000_8.3.6/bin/cl6x" -mv6740 --abi=eabi -O3 --include_path="C:/Users/Gerardo/Documents/Escuela/Maestria/Tesis/Software Development/Radar/mrr_18xx_dss" --include_path="C:/ti/mmwave_sdk_03_03_00_03/packages" --include_path="C:/ti/mathlib_c674x_3_1_2_1/packages" --include_path="C:/ti/dsplib_c64Px_3_4_0_0/packages/ti/dsplib/src/DSP_fft16x16/c64P" --include_path="C:/ti/dsplib_c64Px_3_4_0_0/packages/ti/dsplib/src/DSP_fft32x32/c64P" --include_path="C:/ti/ccs1000/ccs/tools/compiler/ti-cgt-c6000_8.3.6/include" --define=SOC_XWR18XX --define=SUBSYS_DSS --define=ENABLE_ADVANCED_FRAME --define=MMWAVE_L3RAM_NUM_BANK=8 --define=MMWAVE_SHMEM_BANK_SIZE=0x20000 --define=MMWAVE_L3RAM_SIZE=0x100000 --define=SHMEM_ALLOC=0x00000008 --define=DOWNLOAD_FROM_CCS --define=DebugP_ASSERT_ENABLED -g --gcc --diag_warning=225 --diag_wrap=off --display_error_number --gen_func_subsections=on --disable_push_pop --obj_extension=.oe674 --preproc_with_compile --preproc_dependency="clusteringDBscan.d_raw" --cmd_file="configPkg/compiler.opt"  "../clusteringDBscan.c"
Finished building: "../clusteringDBscan.c"
 
Building file: "../config_hwa_util.c"
Invoking: C6000 Compiler
"C:/ti/ccs1000/ccs/tools/compiler/ti-cgt-c6000_8.3.6/bin/cl6x" -mv6740 --abi=eabi -O3 --include_path="C:/Users/Gerardo/Documents/Escuela/Maestria/Tesis/Software Development/Radar/mrr_18xx_dss" --include_path="C:/ti/mmwave_sdk_03_03_00_03/packages" --include_path="C:/ti/mathlib_c674x_3_1_2_1/packages" --include_path="C:/ti/dsplib_c64Px_3_4_0_0/packages/ti/dsplib/src/DSP_fft16x16/c64P" --include_path="C:/ti/dsplib_c64Px_3_4_0_0/packages/ti/dsplib/src/DSP_fft32x32/c64P" --include_path="C:/ti/ccs1000/ccs/tools/compiler/ti-cgt-c6000_8.3.6/include" --define=SOC_XWR18XX --define=SUBSYS_DSS --define=ENABLE_ADVANCED_FRAME --define=MMWAVE_L3RAM_NUM_BANK=8 --define=MMWAVE_SHMEM_BANK_SIZE=0x20000 --define=MMWAVE_L3RAM_SIZE=0x100000 --define=SHMEM_ALLOC=0x00000008 --define=DOWNLOAD_FROM_CCS --define=DebugP_ASSERT_ENABLED -g --gcc --diag_warning=225 --diag_wrap=off --display_error_number --gen_func_subsections=on --disable_push_pop --obj_extension=.oe674 --preproc_with_compile --preproc_dependency="config_hwa_util.d_raw" --cmd_file="configPkg/compiler.opt"  "../config_hwa_util.c"
Finished building: "../config_hwa_util.c"
 
Building file: "../dss_main.c"
Invoking: C6000 Compiler
"C:/ti/ccs1000/ccs/tools/compiler/ti-cgt-c6000_8.3.6/bin/cl6x" -mv6740 --abi=eabi -O3 --include_path="C:/Users/Gerardo/Documents/Escuela/Maestria/Tesis/Software Development/Radar/mrr_18xx_dss" --include_path="C:/ti/mmwave_sdk_03_03_00_03/packages" --include_path="C:/ti/mathlib_c674x_3_1_2_1/packages" --include_path="C:/ti/dsplib_c64Px_3_4_0_0/packages/ti/dsplib/src/DSP_fft16x16/c64P" --include_path="C:/ti/dsplib_c64Px_3_4_0_0/packages/ti/dsplib/src/DSP_fft32x32/c64P" --include_path="C:/ti/ccs1000/ccs/tools/compiler/ti-cgt-c6000_8.3.6/include" --define=SOC_XWR18XX --define=SUBSYS_DSS --define=ENABLE_ADVANCED_FRAME --define=MMWAVE_L3RAM_NUM_BANK=8 --define=MMWAVE_SHMEM_BANK_SIZE=0x20000 --define=MMWAVE_L3RAM_SIZE=0x100000 --define=SHMEM_ALLOC=0x00000008 --define=DOWNLOAD_FROM_CCS --define=DebugP_ASSERT_ENABLED -g --gcc --diag_warning=225 --diag_wrap=off --display_error_number --gen_func_subsections=on --disable_push_pop --obj_extension=.oe674 --preproc_with_compile --preproc_dependency="dss_main.d_raw" --cmd_file="configPkg/compiler.opt"  "../dss_main.c"
Finished building: "../dss_main.c"
 
Building file: "../Extended_Kalman_Filter_xyz.c"
Invoking: C6000 Compiler
"C:/ti/ccs1000/ccs/tools/compiler/ti-cgt-c6000_8.3.6/bin/cl6x" -mv6740 --abi=eabi -O3 --include_path="C:/Users/Gerardo/Documents/Escuela/Maestria/Tesis/Software Development/Radar/mrr_18xx_dss" --include_path="C:/ti/mmwave_sdk_03_03_00_03/packages" --include_path="C:/ti/mathlib_c674x_3_1_2_1/packages" --include_path="C:/ti/dsplib_c64Px_3_4_0_0/packages/ti/dsplib/src/DSP_fft16x16/c64P" --include_path="C:/ti/dsplib_c64Px_3_4_0_0/packages/ti/dsplib/src/DSP_fft32x32/c64P" --include_path="C:/ti/ccs1000/ccs/tools/compiler/ti-cgt-c6000_8.3.6/include" --define=SOC_XWR18XX --define=SUBSYS_DSS --define=ENABLE_ADVANCED_FRAME --define=MMWAVE_L3RAM_NUM_BANK=8 --define=MMWAVE_SHMEM_BANK_SIZE=0x20000 --define=MMWAVE_L3RAM_SIZE=0x100000 --define=SHMEM_ALLOC=0x00000008 --define=DOWNLOAD_FROM_CCS --define=DebugP_ASSERT_ENABLED -g --gcc --diag_warning=225 --diag_wrap=off --display_error_number --gen_func_subsections=on --disable_push_pop --obj_extension=.oe674 --preproc_with_compile --preproc_dependency="Extended_Kalman_Filter_xyz.d_raw" --cmd_file="configPkg/compiler.opt"  "../Extended_Kalman_Filter_xyz.c"
Finished building: "../Extended_Kalman_Filter_xyz.c"
 
Building file: "../dss_data_path.c"
Invoking: C6000 Compiler
"C:/ti/ccs1000/ccs/tools/compiler/ti-cgt-c6000_8.3.6/bin/cl6x" -mv6740 --abi=eabi -O3 --include_path="C:/Users/Gerardo/Documents/Escuela/Maestria/Tesis/Software Development/Radar/mrr_18xx_dss" --include_path="C:/ti/mmwave_sdk_03_03_00_03/packages" --include_path="C:/ti/mathlib_c674x_3_1_2_1/packages" --include_path="C:/ti/dsplib_c64Px_3_4_0_0/packages/ti/dsplib/src/DSP_fft16x16/c64P" --include_path="C:/ti/dsplib_c64Px_3_4_0_0/packages/ti/dsplib/src/DSP_fft32x32/c64P" --include_path="C:/ti/ccs1000/ccs/tools/compiler/ti-cgt-c6000_8.3.6/include" --define=SOC_XWR18XX --define=SUBSYS_DSS --define=ENABLE_ADVANCED_FRAME --define=MMWAVE_L3RAM_NUM_BANK=8 --define=MMWAVE_SHMEM_BANK_SIZE=0x20000 --define=MMWAVE_L3RAM_SIZE=0x100000 --define=SHMEM_ALLOC=0x00000008 --define=DOWNLOAD_FROM_CCS --define=DebugP_ASSERT_ENABLED -g --gcc --diag_warning=225 --diag_wrap=off --display_error_number --gen_func_subsections=on --disable_push_pop --obj_extension=.oe674 --preproc_with_compile --preproc_dependency="dss_data_path.d_raw" --cmd_file="configPkg/compiler.opt"  "../dss_data_path.c"
"../dss_data_path.c", line 782: warning #9-D: nested comment is not allowed
Finished building: "../dss_data_path.c"
 
Building target: "mrr_18xx_dss.xe674"
Invoking: C6000 Linker
"C:/ti/ccs1000/ccs/tools/compiler/ti-cgt-c6000_8.3.6/bin/cl6x" -mv6740 --abi=eabi -O3 --define=SOC_XWR18XX --define=SUBSYS_DSS --define=ENABLE_ADVANCED_FRAME --define=MMWAVE_L3RAM_NUM_BANK=8 --define=MMWAVE_SHMEM_BANK_SIZE=0x20000 --define=MMWAVE_L3RAM_SIZE=0x100000 --define=SHMEM_ALLOC=0x00000008 --define=DOWNLOAD_FROM_CCS --define=DebugP_ASSERT_ENABLED -g --gcc --diag_warning=225 --diag_wrap=off --display_error_number --gen_func_subsections=on --disable_push_pop --obj_extension=.oe674 -z -m"mrr_18xx_dss.map" --heap_size=0x800 --stack_size=0x800 -i"C:/ti/ccs1000/ccs/tools/compiler/ti-cgt-c6000_8.3.6/lib" -i"C:/Users/Gerardo/Documents/Escuela/Maestria/Tesis/Software Development/Radar/mrr_18xx_dss" -i"C:/ti/mmwave_sdk_03_03_00_03/packages/ti/control/mmwave/lib" -i"C:/ti/mmwave_sdk_03_03_00_03/packages/ti/control/mmwavelink/lib" -i"C:/ti/mmwave_sdk_03_03_00_03/packages/ti/drivers/crc/lib" -i"C:/ti/mmwave_sdk_03_03_00_03/packages/ti/drivers/mailbox/lib" -i"C:/ti/mmwave_sdk_03_03_00_03/packages/ti/drivers/osal/lib" -i"C:/ti/mmwave_sdk_03_03_00_03/packages/ti/drivers/hwa/lib" -i"C:/ti/mmwave_sdk_03_03_00_03/packages/ti/drivers/soc/lib" -i"C:/ti/mmwave_sdk_03_03_00_03/packages/ti/drivers/uart/lib" -i"C:/ti/mmwave_sdk_03_03_00_03/packages/ti/drivers/edma/lib" -i"C:/ti/mmwave_sdk_03_03_00_03/packages/ti/drivers/adcbuf/lib" -i"C:/ti/mmwave_sdk_03_03_00_03/packages/ti/alg/mmwavelib/lib" -i"C:/ti/dsplib_c64Px_3_4_0_0/packages/ti/dsplib/lib" -i"C:/ti/mathlib_c674x_3_1_2_1/packages/ti/mathlib/lib" -i"C:/ti/ccs1000/ccs/tools/compiler/ti-cgt-c6000_8.3.6/include" --reread_libs --disable_auto_rts --diag_warning=225 --diag_wrap=off --display_error_number --warn_sections --xml_link_info="xwr18xx_mrr_18xx_dss_linkInfo.xml" --ram_model --unused_section_elimination=on -o "mrr_18xx_dss.xe674" "./Extended_Kalman_Filter_xyz.oe674" "./clusteringDBscan.oe674" "./config_edma_util_hwa.oe674" "./config_hwa_util.oe674" "./dss_config_edma_util.oe674" "./dss_data_path.oe674" "./dss_main.oe674" "./gen_twiddle_fft16x16.oe674" "./gen_twiddle_fft32x32.oe674" "./common/cfg.oe674" "../c674x_linker.cmd" "../dss_mrr_linker.cmd" -l"configPkg/linker.cmd"  -llibosal_xwr18xx.ae674 -llibsoc_xwr18xx.ae674 -llibhwa_xwr18xx.ae674 -llibcrc_xwr18xx.ae674 -llibuart_xwr18xx.ae674 -llibmailbox_xwr18xx.ae674 -llibmmwavelink_xwr18xx.ae674 -llibmmwave_xwr18xx.ae674 -lmathlib.ae674 -ldsplib.ae64P -llibedma_xwr18xx.ae674 -llibadcbuf_xwr18xx.ae674 -llibmmwavealg_xwr18xx.ae674 -lrts6740_elf.lib -llibc.a 
<Linking>
"../dss_mrr_linker.cmd", line 79: warning #10068-D: no matching section
warning #10370-D: Possible codesize or performance degradation. Section ".text:SOC_init:libsoc_xwr18xx.ae674<soc.oe674>" has calls to rts routines, but rts is placed out of range from call site at 0x20002584, or in a different section. To optimize codesize, either 1) place rts closer to call site, or 2) place rts in same section, or 3) compile with --disable_push_pop.
warning #10370-D: Possible codesize or performance degradation. Section ".text:SOC_init:libsoc_xwr18xx.ae674<soc.oe674>" has calls to rts routines, but rts is placed out of range from call site at 0x20002460, or in a different section. To optimize codesize, either 1) place rts closer to call site, or 2) place rts in same section, or 3) compile with --disable_push_pop.
Finished building target: "mrr_18xx_dss.xe674"
 
C:/ti/mmwave_sdk_03_03_00_03/packages/scripts/ImageCreator/out2rprc/out2rprc.exe mrr_18xx_dss.xe674 mrr_18xx_dss.bin
Parsing the input object file, mrr_18xx_dss.xe674.
Appending zeros 8511228
Appending zeros 8511232
Appending zeros 8515188
Appending zeros 8515192
Appending zeros 8515196
Appending zeros 8515200
File conversion complete!
 

**** Build Finished ****

**** Build of configuration Debug for project mrr_18xx_mss ****

"C:\\ti\\ccs1000\\ccs\\utils\\bin\\gmake" -k -j 12 all -O 
 
rm -f C:/Users/Gerardo/Documents/Escuela/Maestria/Tesis/Software Development/Radar/mrr_18xx_mss/mrr_18xx_mss.bin
makefile:190: recipe for target 'pre-build' failed
process_begin: CreateProcess(NULL, rm -f C:/Users/Gerardo/Documents/Escuela/Maestria/Tesis/Software Development/Radar/mrr_18xx_mss/mrr_18xx_mss.bin, ...) failed.
 
gmake[1]: [pre-build] Error 2 (ignored)
 
Building file: "../mss_mrr.cfg"
Invoking: XDCtools
"C:/ti/ccs1000/xdctools_3_61_00_16_core/xs" --xdcpath="C:/ti/bios_6_73_01_01/packages;" xdc.tools.configuro -o configPkg -t ti.targets.arm.elf.R4F -p ti.platforms.cortexR:AWR16XX:false:200 -r release -c "C:/ti/ccs1000/ccs/tools/compiler/ti-cgt-arm_20.2.0.LTS" --compileOptions "--enum_type=int " "../mss_mrr.cfg"
making package.mak (because of package.bld) ...
generating interfaces for package configPkg (because package/package.xdc.inc is older than package.xdc) ...
configuring mss_mrr.xer4f from package/cfg/mss_mrr_per4f.cfg ...
generating custom ti.sysbios library makefile ... 
Starting build of library sources ...
making C:/Users/Gerardo/DOCUME~1/Escuela/Maestria/Tesis/SOFTWA~1/Radar/mrr_18xx_mss/src/sysbios/sysbios.aer4f ...
cler4f C:/ti/bios_6_73_01_01/packages/ti/sysbios/BIOS.c ...
asmer4f C:/ti/bios_6_73_01_01/packages/ti/sysbios/family/arm/IntrinsicsSupport_asm.asm ...
asmer4f C:/ti/bios_6_73_01_01/packages/ti/sysbios/family/arm/TaskSupport_asm.asm ...
asmer4f C:/ti/bios_6_73_01_01/packages/ti/sysbios/family/arm/v7r/vim/Hwi_asm.sv7R ...
asmer4f C:/ti/bios_6_73_01_01/packages/ti/sysbios/family/arm/v7r/vim/Hwi_asm_switch.sv7R ...
asmer4f C:/ti/bios_6_73_01_01/packages/ti/sysbios/family/arm/exc/Exception_asm.asm ...
asmer4f C:/ti/bios_6_73_01_01/packages/ti/sysbios/family/arm/v7r/tms570/Core_asm.sv7R ...
arer4f BIOS.obj arm_IntrinsicsSupport_asm.obj arm_TaskSupport_asm.obj vim_Hwi_asm.obj vim_Hwi_asm_switch.obj exc_Exception_asm.obj tms570_Core_asm.obj ...
Build of libraries done.
cler4f package/cfg/mss_mrr_per4f.c ...
Finished building: "../mss_mrr.cfg"
 
Building file: "../mss_main.c"
Invoking: ARM Compiler
"C:/ti/ccs1000/ccs/tools/compiler/ti-cgt-arm_20.2.0.LTS/bin/armcl" -mv7R4 --code_state=16 --float_support=VFPv3D16 -me -O3 --include_path="C:/Users/Gerardo/Documents/Escuela/Maestria/Tesis/Software Development/Radar/mrr_18xx_mss" --include_path="C:/ti/mmwave_sdk_03_03_00_03" --include_path="C:/ti/mmwave_sdk_03_03_00_03/packages" --include_path="C:/ti/ccs1000/ccs/tools/compiler/ti-cgt-arm_20.2.0.LTS/include" --define=_LITTLE_ENDIAN --define=MMWAVE_L3RAM_NUM_BANK=8 --define=MMWAVE_SHMEM_TCMA_NUM_BANK=0 --define=MMWAVE_SHMEM_TCMB_NUM_BANK=0 --define=MMWAVE_SHMEM_BANK_SIZE=0x20000 --define=SOC_XWR18XX --define=SUBSYS_MSS --define=DOWNLOAD_FROM_CCS --define=SHMEM_ALLOC=0x00000008 --define=DebugP_ASSERT_ENABLED -g --c99 --diag_warning=225 --diag_wrap=off --display_error_number --gen_func_subsections=on --enum_type=int --abi=eabi --preproc_with_compile --preproc_dependency="mss_main.d_raw" --cmd_file="configPkg/compiler.opt"  "../mss_main.c"
 
>> Compilation failure
subdir_rules.mk:9: recipe for target 'mss_main.obj' failed
"../mss_main.c", line 519: warning #169-D: argument of type "CANFD_MCANInitParams *" is incompatible with parameter of type "uint8_t"
"../mss_main.c", line 519: warning #169-D: argument of type "int32_t *" is incompatible with parameter of type "const CANFD_MCANInitParams *"
"../mss_main.c", line 519: error #167: too few arguments in function call
"../mss_main.c", line 644: warning #169-D: argument of type "volatile rlRfPhaseShiftCfg_t *" is incompatible with parameter of type "rlRfPhaseShiftCfg_t *"
"../mss_main.c", line 890: warning #121-D: return value type does not match the function type
1 error detected in the compilation of "../mss_main.c".
gmake[1]: *** [mss_main.obj] Error 1
Building file: "../common/cfg.c"
Invoking: ARM Compiler
"C:/ti/ccs1000/ccs/tools/compiler/ti-cgt-arm_20.2.0.LTS/bin/armcl" -mv7R4 --code_state=16 --float_support=VFPv3D16 -me -O3 --include_path="C:/Users/Gerardo/Documents/Escuela/Maestria/Tesis/Software Development/Radar/mrr_18xx_mss" --include_path="C:/ti/mmwave_sdk_03_03_00_03" --include_path="C:/ti/mmwave_sdk_03_03_00_03/packages" --include_path="C:/ti/ccs1000/ccs/tools/compiler/ti-cgt-arm_20.2.0.LTS/include" --define=_LITTLE_ENDIAN --define=MMWAVE_L3RAM_NUM_BANK=8 --define=MMWAVE_SHMEM_TCMA_NUM_BANK=0 --define=MMWAVE_SHMEM_TCMB_NUM_BANK=0 --define=MMWAVE_SHMEM_BANK_SIZE=0x20000 --define=SOC_XWR18XX --define=SUBSYS_MSS --define=DOWNLOAD_FROM_CCS --define=SHMEM_ALLOC=0x00000008 --define=DebugP_ASSERT_ENABLED -g --c99 --diag_warning=225 --diag_wrap=off --display_error_number --gen_func_subsections=on --enum_type=int --abi=eabi --preproc_with_compile --preproc_dependency="common/cfg.d_raw" --obj_directory="common" --cmd_file="configPkg/compiler.opt"  "../common/cfg.c"
Finished building: "../common/cfg.c"
 
Building file: "../mss_mrr_cli.c"
Invoking: ARM Compiler
"C:/ti/ccs1000/ccs/tools/compiler/ti-cgt-arm_20.2.0.LTS/bin/armcl" -mv7R4 --code_state=16 --float_support=VFPv3D16 -me -O3 --include_path="C:/Users/Gerardo/Documents/Escuela/Maestria/Tesis/Software Development/Radar/mrr_18xx_mss" --include_path="C:/ti/mmwave_sdk_03_03_00_03" --include_path="C:/ti/mmwave_sdk_03_03_00_03/packages" --include_path="C:/ti/ccs1000/ccs/tools/compiler/ti-cgt-arm_20.2.0.LTS/include" --define=_LITTLE_ENDIAN --define=MMWAVE_L3RAM_NUM_BANK=8 --define=MMWAVE_SHMEM_TCMA_NUM_BANK=0 --define=MMWAVE_SHMEM_TCMB_NUM_BANK=0 --define=MMWAVE_SHMEM_BANK_SIZE=0x20000 --define=SOC_XWR18XX --define=SUBSYS_MSS --define=DOWNLOAD_FROM_CCS --define=SHMEM_ALLOC=0x00000008 --define=DebugP_ASSERT_ENABLED -g --c99 --diag_warning=225 --diag_wrap=off --display_error_number --gen_func_subsections=on --enum_type=int --abi=eabi --preproc_with_compile --preproc_dependency="mss_mrr_cli.d_raw" --cmd_file="configPkg/compiler.opt"  "../mss_mrr_cli.c"
"../mss_mrr_cli.c", line 307: warning #179-D: variable "startIndex" was declared but never referenced
"../mss_mrr_cli.c", line 308: warning #179-D: variable "endIndex" was declared but never referenced
"../mss_mrr_cli.c", line 309: warning #179-D: variable "scanCount" was declared but never referenced
gmake[1]: Target 'main-build' not remade because of errors.
gmake: *** [all] Error 2
Finished building: "../mss_mrr_cli.c"
 
makefile:156: recipe for target 'all' failed

**** Build Finished ****

**** Clean-only build of configuration Debug for project mrr_18xx_mss ****

"C:\\ti\\ccs1000\\ccs\\utils\\bin\\gmake" -k -j 12 clean -O 
 
DEL /F  "mrr_18xx_mss.hex"  "configPkg\linker.cmd" "configPkg\compiler.opt"  "mrr_18xx_mss.xer4f" 
DEL /F "mss_main.obj" "mss_mrr_cli.obj" "common\cfg.obj" 
DEL /F "mss_main.d" "mss_mrr_cli.d" "common\cfg.d" 
RMDIR /S/Q  "configPkg\" 
Could Not Find C:\Users\Gerardo\Documents\Escuela\Maestria\Tesis\Software Development\Radar\mrr_18xx_mss\Debug\mrr_18xx_mss.hex
Could Not Find C:\Users\Gerardo\Documents\Escuela\Maestria\Tesis\Software Development\Radar\mrr_18xx_mss\Debug\mrr_18xx_mss.xer4f
Finished clean
 

**** Build Finished ****

**** Build of configuration Debug for project mrr_18xx_mss ****

"C:\\ti\\ccs1000\\ccs\\utils\\bin\\gmake" -k -j 12 all -O 
 
rm -f C:/Users/Gerardo/Documents/Escuela/Maestria/Tesis/Software Development/Radar/mrr_18xx_mss/mrr_18xx_mss.bin
makefile:190: recipe for target 'pre-build' failed
process_begin: CreateProcess(NULL, rm -f C:/Users/Gerardo/Documents/Escuela/Maestria/Tesis/Software Development/Radar/mrr_18xx_mss/mrr_18xx_mss.bin, ...) failed.
 
gmake[1]: [pre-build] Error 2 (ignored)
 
Building file: "../mss_mrr.cfg"
Invoking: XDCtools
"C:/ti/ccs1000/xdctools_3_61_00_16_core/xs" --xdcpath="C:/ti/bios_6_73_01_01/packages;" xdc.tools.configuro -o configPkg -t ti.targets.arm.elf.R4F -p ti.platforms.cortexR:AWR16XX:false:200 -r release -c "C:/ti/ccs1000/ccs/tools/compiler/ti-cgt-arm_20.2.0.LTS" --compileOptions "--enum_type=int " "../mss_mrr.cfg"
making package.mak (because of package.bld) ...
generating interfaces for package configPkg (because package/package.xdc.inc is older than package.xdc) ...
configuring mss_mrr.xer4f from package/cfg/mss_mrr_per4f.cfg ...
generating custom ti.sysbios library makefile ... 
Starting build of library sources ...
making C:/Users/Gerardo/DOCUME~1/Escuela/Maestria/Tesis/SOFTWA~1/Radar/mrr_18xx_mss/src/sysbios/sysbios.aer4f ...
Build of libraries done.
cler4f package/cfg/mss_mrr_per4f.c ...
Finished building: "../mss_mrr.cfg"
 
Building file: "../common/cfg.c"
Invoking: ARM Compiler
"C:/ti/ccs1000/ccs/tools/compiler/ti-cgt-arm_20.2.0.LTS/bin/armcl" -mv7R4 --code_state=16 --float_support=VFPv3D16 -me -O3 --include_path="C:/Users/Gerardo/Documents/Escuela/Maestria/Tesis/Software Development/Radar/mrr_18xx_mss" --include_path="C:/ti/mmwave_sdk_03_03_00_03" --include_path="C:/ti/mmwave_sdk_03_03_00_03/packages" --include_path="C:/ti/ccs1000/ccs/tools/compiler/ti-cgt-arm_20.2.0.LTS/include" --define=_LITTLE_ENDIAN --define=MMWAVE_L3RAM_NUM_BANK=8 --define=MMWAVE_SHMEM_TCMA_NUM_BANK=0 --define=MMWAVE_SHMEM_TCMB_NUM_BANK=0 --define=MMWAVE_SHMEM_BANK_SIZE=0x20000 --define=SOC_XWR18XX --define=SUBSYS_MSS --define=DOWNLOAD_FROM_CCS --define=SHMEM_ALLOC=0x00000008 --define=DebugP_ASSERT_ENABLED -g --c99 --diag_warning=225 --diag_wrap=off --display_error_number --gen_func_subsections=on --enum_type=int --abi=eabi --preproc_with_compile --preproc_dependency="common/cfg.d_raw" --obj_directory="common" --cmd_file="configPkg/compiler.opt"  "../common/cfg.c"
Finished building: "../common/cfg.c"
 
Building file: "../mss_mrr_cli.c"
Invoking: ARM Compiler
"C:/ti/ccs1000/ccs/tools/compiler/ti-cgt-arm_20.2.0.LTS/bin/armcl" -mv7R4 --code_state=16 --float_support=VFPv3D16 -me -O3 --include_path="C:/Users/Gerardo/Documents/Escuela/Maestria/Tesis/Software Development/Radar/mrr_18xx_mss" --include_path="C:/ti/mmwave_sdk_03_03_00_03" --include_path="C:/ti/mmwave_sdk_03_03_00_03/packages" --include_path="C:/ti/ccs1000/ccs/tools/compiler/ti-cgt-arm_20.2.0.LTS/include" --define=_LITTLE_ENDIAN --define=MMWAVE_L3RAM_NUM_BANK=8 --define=MMWAVE_SHMEM_TCMA_NUM_BANK=0 --define=MMWAVE_SHMEM_TCMB_NUM_BANK=0 --define=MMWAVE_SHMEM_BANK_SIZE=0x20000 --define=SOC_XWR18XX --define=SUBSYS_MSS --define=DOWNLOAD_FROM_CCS --define=SHMEM_ALLOC=0x00000008 --define=DebugP_ASSERT_ENABLED -g --c99 --diag_warning=225 --diag_wrap=off --display_error_number --gen_func_subsections=on --enum_type=int --abi=eabi --preproc_with_compile --preproc_dependency="mss_mrr_cli.d_raw" --cmd_file="configPkg/compiler.opt"  "../mss_mrr_cli.c"
"../mss_mrr_cli.c", line 307: warning #179-D: variable "startIndex" was declared but never referenced
"../mss_mrr_cli.c", line 308: warning #179-D: variable "endIndex" was declared but never referenced
"../mss_mrr_cli.c", line 309: warning #179-D: variable "scanCount" was declared but never referenced
Finished building: "../mss_mrr_cli.c"
 
Building file: "../mss_main.c"
Invoking: ARM Compiler
"C:/ti/ccs1000/ccs/tools/compiler/ti-cgt-arm_20.2.0.LTS/bin/armcl" -mv7R4 --code_state=16 --float_support=VFPv3D16 -me -O3 --include_path="C:/Users/Gerardo/Documents/Escuela/Maestria/Tesis/Software Development/Radar/mrr_18xx_mss" --include_path="C:/ti/mmwave_sdk_03_03_00_03" --include_path="C:/ti/mmwave_sdk_03_03_00_03/packages" --include_path="C:/ti/ccs1000/ccs/tools/compiler/ti-cgt-arm_20.2.0.LTS/include" --define=_LITTLE_ENDIAN --define=MMWAVE_L3RAM_NUM_BANK=8 --define=MMWAVE_SHMEM_TCMA_NUM_BANK=0 --define=MMWAVE_SHMEM_TCMB_NUM_BANK=0 --define=MMWAVE_SHMEM_BANK_SIZE=0x20000 --define=SOC_XWR18XX --define=SUBSYS_MSS --define=DOWNLOAD_FROM_CCS --define=SHMEM_ALLOC=0x00000008 --define=DebugP_ASSERT_ENABLED -g --c99 --diag_warning=225 --diag_wrap=off --display_error_number --gen_func_subsections=on --enum_type=int --abi=eabi --preproc_with_compile --preproc_dependency="mss_main.d_raw" --cmd_file="configPkg/compiler.opt"  "../mss_main.c"
"../mss_main.c", line 644: warning #169-D: argument of type "volatile rlRfPhaseShiftCfg_t *" is incompatible with parameter of type "rlRfPhaseShiftCfg_t *"
"../mss_main.c", line 890: warning #121-D: return value type does not match the function type
Finished building: "../mss_main.c"
 
Building target: "mrr_18xx_mss.xer4f"
Invoking: ARM Linker
"C:/ti/ccs1000/ccs/tools/compiler/ti-cgt-arm_20.2.0.LTS/bin/armcl" -mv7R4 --code_state=16 --float_support=VFPv3D16 -me -O3 --define=_LITTLE_ENDIAN --define=MMWAVE_L3RAM_NUM_BANK=8 --define=MMWAVE_SHMEM_TCMA_NUM_BANK=0 --define=MMWAVE_SHMEM_TCMB_NUM_BANK=0 --define=MMWAVE_SHMEM_BANK_SIZE=0x20000 --define=SOC_XWR18XX --define=SUBSYS_MSS --define=DOWNLOAD_FROM_CCS --define=SHMEM_ALLOC=0x00000008 --define=DebugP_ASSERT_ENABLED -g --c99 --diag_warning=225 --diag_wrap=off --display_error_number --gen_func_subsections=on --enum_type=int --abi=eabi -z -m"mrr_18xx_mss.map" --heap_size=0x800 --stack_size=0x800 -i"C:/ti/ccs1000/ccs/tools/compiler/ti-cgt-arm_20.2.0.LTS/lib" -i"C:/ti/mmwave_sdk_03_03_00_03/packages/ti/control/mmwave/lib" -i"C:/ti/mmwave_sdk_03_03_00_03/packages/ti/control/mmwavelink/lib" -i"C:/ti/mmwave_sdk_03_03_00_03/packages/ti/drivers/crc/lib" -i"C:/ti/mmwave_sdk_03_03_00_03/packages/ti/drivers/esm/lib" -i"C:/ti/mmwave_sdk_03_03_00_03/packages/ti/drivers/gpio/lib" -i"C:/ti/mmwave_sdk_03_03_00_03/packages/ti/drivers/osal/lib" -i"C:/ti/mmwave_sdk_03_03_00_03/packages/ti/drivers/pinmux/lib" -i"C:/ti/mmwave_sdk_03_03_00_03/packages/ti/drivers/mailbox/lib" -i"C:/ti/mmwave_sdk_03_03_00_03/packages/ti/drivers/dma/lib" -i"C:/ti/mmwave_sdk_03_03_00_03/packages/ti/drivers/soc/lib" -i"C:/ti/mmwave_sdk_03_03_00_03/packages/ti/drivers/uart/lib" -i"C:/ti/mmwave_sdk_03_03_00_03/packages/ti/drivers/canfd/lib" -i"C:/ti/mmwave_sdk_03_03_00_03/packages/ti/utils/cli/lib" -i"C:/ti/ccs1000/ccs/tools/compiler/ti-cgt-arm_20.2.0.LTS/include" --reread_libs --disable_auto_rts --define=MMWAVE_L3RAM_SIZE=0x100000 --diag_warning=225 --diag_wrap=off --display_error_number --warn_sections --xml_link_info="mrr_18xx_mss.xml" --rom_model --unused_section_elimination=on -o "mrr_18xx_mss.xer4f" "./mss_main.obj" "./mss_mrr_cli.obj" "./common/cfg.obj" "../mss_mrr_linker.cmd" "../r4f_linker.cmd" -l"configPkg/linker.cmd"  -llibosal_xwr18xx.aer4f -llibesm_xwr18xx.aer4f -llibgpio_xwr18xx.aer4f -llibsoc_xwr18xx.aer4f -llibmailbox_xwr18xx.aer4f -llibpinmux_xwr18xx.aer4f -llibcrc_xwr18xx.aer4f -llibDMA_xwr18xx.aer4f -llibuart_xwr18xx.aer4f -llibcanfd_xwr18xx.aer4f -llibmmwavelink_xwr18xx.aer4f -llibmmwave_xwr18xx.aer4f -llibcli_xwr18xx.aer4f -lrtsv7R4_T_le_v3D16_eabi.lib -llibc.a 
<Linking>
Finished building target: "mrr_18xx_mss.xer4f"
 
C:/ti/mmwave_sdk_03_03_00_03/packages/scripts/ImageCreator/out2rprc/out2rprc.exe mrr_18xx_mss.xer4f mrr_18xx_mss.bin
Parsing the input object file, mrr_18xx_mss.xer4f.
Appending zeros 0
Appending zeros 256
File conversion complete!
C:/ti/mmwave_sdk_03_03_00_03/packages/scripts/ImageCreator/multicore_image_generator/MulticoreImageGen.exe LE 37 0x00000008 xwr18xx_mrr_demo.bin 0x35510000 C:/Users/Gerardo/Documents/Escuela/Maestria/Tesis/Software Development/Radar/mrr_18xx_mss/Debug/mrr_18xx_mss.bin 0xb5510000 C:/ti/mmwave_sdk_03_03_00_03/firmware/radarss/xwr18xx_radarss_rprc.bin 0xd5510000 C:/Users/Gerardo/Documents/Escuela/Maestria/Tesis/Software Development/Radar/mrr_18xx_dss/Debug/mrr_18xx_dss.bin
Number of Input Files 4
Error opening input image file! C:/Users/Gerardo/Documents/Escuela/Maestria/Tesis/Software
Error opening input image file! 0xb5510000

**** Build of configuration Debug for project mrr_18xx_mss ****

!CommandLauncher.error.commandCanceled!
Error: Program "C:/ti/ccs1000/ccs/utils/bin/gmake" is not found in PATH

PATH=[C:\ti\ccs1000\ccs\ccs_base\common\bin;C:\ti\ccs1000\ccs\ccs_base\common\uscif;C:\Program Files (x86)\Common Files\Oracle\Java\javapath;C:\MinGW\bin;C:\Program Files (x86)\Intel\Intel(R) Management Engine Components\iCLS\;C:\Program Files\Intel\Intel(R) Management Engine Components\iCLS\;C:\Windows\system32;C:\Windows;C:\Windows\System32\Wbem;C:\Windows\System32\WindowsPowerShell\v1.0\;C:\Users\Gerardo\Documents\Escuela\Maestria\Quatri_4\Embedded_Lab\Quadcopter_ES_Lab\SoftwarePackage\Python27;C:\Windows\System32\OpenSSH\;C:\Program Files (x86)\Intel\Intel(R) Management Engine Components\DAL;C:\Program Files\Intel\Intel(R) Management Engine Components\DAL;C:\Program Files (x86)\Intel\Intel(R) Management Engine Components\IPT;C:\Program Files\Intel\Intel(R) Management Engine Components\IPT;C:\Program Files (x86)\NVIDIA Corporation\PhysX\Common;C:\Program Files\Intel\WiFi\bin\;C:\Program Files\Common Files\Intel\WirelessCommon\;C:\Program Files\MATLAB\R2018b\bin;C:\Program Files\nodejs\;C:\Users\Gerardo\Documents\Escuela\Maestria\Quatri_4\Embedded_Lab\Quadcopter_ES_Lab\SoftwarePackage\MinGW\bin;C:\Users\Gerardo\Documents\Escuela\Maestria\Quatri_4\Embedded_Lab\Quadcopter_ES_Lab\SoftwarePackage\MinGW\msys\1.0\bin;C:\Program Files\Git\cmd;C:\WINDOWS\system32;C:\WINDOWS;C:\WINDOWS\System32\Wbem;C:\WINDOWS\System32\WindowsPowerShell\v1.0\;C:\WINDOWS\System32\OpenSSH\;C:\Program Files\PuTTY\;C:\Program Files (x86)\MATLAB\MATLAB Runtime\v851\runtime\win32;C:\Program Files\MATLAB\MATLAB Runtime\v92\runtime\win64;C:\Program Files (x86)\GNU Tools ARM Embedded\5.4 2016q3\bin;C:\Users\Gerardo\AppData\Local\Programs\Python\Python37\Scripts\;C:\Users\Gerardo\AppData\Local\Programs\Python\Python37\;C:\Users\Gerardo\AppData\Local\Programs\Python\Python37-32\Scripts\;C:\Users\Gerardo\AppData\Local\Programs\Python\Python37-32\;C:\Users\Gerardo\AppData\Local\Microsoft\WindowsApps;C:\Users\Gerardo\AppData\Roaming\npm;C:\MinGW\bin]

**** Build Finished ****
