
**** Build of configuration Debug for project mrr_18xx_dss ****

"C:\\ti\\ccs1000\\ccs\\utils\\bin\\gmake" -k -j 12 all -O 
 
rm -f C:/Users/Gerardo/Documents/Escuela/Maestria/Tesis/Software Development/Radar/mrr_18xx_dss/mrr_18xx_dss.bin
makefile:197: recipe for target 'pre-build' failed
process_begin: CreateProcess(NULL, rm -f C:/Users/Gerardo/Documents/Escuela/Maestria/Tesis/Software Development/Radar/mrr_18xx_dss/mrr_18xx_dss.bin, ...) failed.
 
gmake[1]: [pre-build] Error 2 (ignored)
 
Building file: "../dss_mrr.cfg"
Invoking: XDCtools
"C:/ti/ccs1000/xdctools_3_61_00_16_core/xs" --xdcpath="C:/ti/bios_6_73_01_01/packages;" xdc.tools.configuro -o configPkg -t ti.targets.elf.C674 -p ti.platforms.c6x:AWR16XX:false:600 -r release -c "C:/ti/ccs1000/ccs/tools/compiler/ti-cgt-c6000_8.3.6" "../dss_mrr.cfg"
making package.mak (because of package.bld) ...
generating interfaces for package configPkg (because package/package.xdc.inc is older than package.xdc) ...
configuring dss_mrr.xe674 from package/cfg/dss_mrr_pe674.cfg ...
generating custom ti.sysbios library makefile ... 
Starting build of library sources ...
making C:/Users/Gerardo/DOCUME~1/Escuela/Maestria/Tesis/SOFTWA~1/Radar/mrr_18xx_dss/src/sysbios/sysbios.ae674 ...
cle674 C:/ti/bios_6_73_01_01/packages/ti/sysbios/BIOS.c ...
asme674 C:/ti/bios_6_73_01_01/packages/ti/sysbios/family/c64p/Exception_asm.s64P ...
asme674 C:/ti/bios_6_73_01_01/packages/ti/sysbios/family/c64p/Hwi_asm.s62 ...
asme674 C:/ti/bios_6_73_01_01/packages/ti/sysbios/family/c64p/Hwi_asm_switch.s62 ...
asme674 C:/ti/bios_6_73_01_01/packages/ti/sysbios/family/c64p/Hwi_disp_always.s64P ...
asme674 C:/ti/bios_6_73_01_01/packages/ti/sysbios/rts/ti/tls_get_tp.asm ...
asme674 C:/ti/bios_6_73_01_01/packages/ti/sysbios/family/c62/TaskSupport_asm.s62 ...
are674 BIOS.obj c64p_Exception_asm.obj c64p_Hwi_asm.obj c64p_Hwi_asm_switch.obj c64p_Hwi_disp_always.obj ti_tls_get_tp.obj c62_TaskSupport_asm.obj ...
Build of libraries done.
cle674 package/cfg/dss_mrr_pe674.c ...
Finished building: "../dss_mrr.cfg"
 
Building file: "../gen_twiddle_fft32x32.c"
Invoking: C6000 Compiler
"C:/ti/ccs1000/ccs/tools/compiler/ti-cgt-c6000_8.3.6/bin/cl6x" -mv6740 --abi=eabi -O3 --include_path="C:/Users/Gerardo/Documents/Escuela/Maestria/Tesis/Software Development/Radar/mrr_18xx_dss" --include_path="C:/ti/mmwave_sdk_03_03_00_03/packages" --include_path="C:/ti/mathlib_c674x_3_1_2_1/packages" --include_path="C:/ti/dsplib_c64Px_3_4_0_0/packages/ti/dsplib/src/DSP_fft16x16/c64P" --include_path="C:/ti/dsplib_c64Px_3_4_0_0/packages/ti/dsplib/src/DSP_fft32x32/c64P" --include_path="C:/ti/ccs1000/ccs/tools/compiler/ti-cgt-c6000_8.3.6/include" --define=SOC_XWR18XX --define=SUBSYS_DSS --define=ENABLE_ADVANCED_FRAME --define=MMWAVE_L3RAM_NUM_BANK=8 --define=MMWAVE_SHMEM_BANK_SIZE=0x20000 --define=MMWAVE_L3RAM_SIZE=0x100000 --define=SHMEM_ALLOC=0x00000008 --define=DOWNLOAD_FROM_CCS --define=DebugP_ASSERT_ENABLED -g --gcc --diag_warning=225 --diag_wrap=off --display_error_number --gen_func_subsections=on --disable_push_pop --obj_extension=.oe674 --preproc_with_compile --preproc_dependency="gen_twiddle_fft32x32.d_raw" --cmd_file="configPkg/compiler.opt"  "../gen_twiddle_fft32x32.c"
Finished building: "../gen_twiddle_fft32x32.c"
 
Building file: "../dss_config_edma_util.c"
Invoking: C6000 Compiler
"C:/ti/ccs1000/ccs/tools/compiler/ti-cgt-c6000_8.3.6/bin/cl6x" -mv6740 --abi=eabi -O3 --include_path="C:/Users/Gerardo/Documents/Escuela/Maestria/Tesis/Software Development/Radar/mrr_18xx_dss" --include_path="C:/ti/mmwave_sdk_03_03_00_03/packages" --include_path="C:/ti/mathlib_c674x_3_1_2_1/packages" --include_path="C:/ti/dsplib_c64Px_3_4_0_0/packages/ti/dsplib/src/DSP_fft16x16/c64P" --include_path="C:/ti/dsplib_c64Px_3_4_0_0/packages/ti/dsplib/src/DSP_fft32x32/c64P" --include_path="C:/ti/ccs1000/ccs/tools/compiler/ti-cgt-c6000_8.3.6/include" --define=SOC_XWR18XX --define=SUBSYS_DSS --define=ENABLE_ADVANCED_FRAME --define=MMWAVE_L3RAM_NUM_BANK=8 --define=MMWAVE_SHMEM_BANK_SIZE=0x20000 --define=MMWAVE_L3RAM_SIZE=0x100000 --define=SHMEM_ALLOC=0x00000008 --define=DOWNLOAD_FROM_CCS --define=DebugP_ASSERT_ENABLED -g --gcc --diag_warning=225 --diag_wrap=off --display_error_number --gen_func_subsections=on --disable_push_pop --obj_extension=.oe674 --preproc_with_compile --preproc_dependency="dss_config_edma_util.d_raw" --cmd_file="configPkg/compiler.opt"  "../dss_config_edma_util.c"
Finished building: "../dss_config_edma_util.c"
 
Building file: "../gen_twiddle_fft16x16.c"
Invoking: C6000 Compiler
"C:/ti/ccs1000/ccs/tools/compiler/ti-cgt-c6000_8.3.6/bin/cl6x" -mv6740 --abi=eabi -O3 --include_path="C:/Users/Gerardo/Documents/Escuela/Maestria/Tesis/Software Development/Radar/mrr_18xx_dss" --include_path="C:/ti/mmwave_sdk_03_03_00_03/packages" --include_path="C:/ti/mathlib_c674x_3_1_2_1/packages" --include_path="C:/ti/dsplib_c64Px_3_4_0_0/packages/ti/dsplib/src/DSP_fft16x16/c64P" --include_path="C:/ti/dsplib_c64Px_3_4_0_0/packages/ti/dsplib/src/DSP_fft32x32/c64P" --include_path="C:/ti/ccs1000/ccs/tools/compiler/ti-cgt-c6000_8.3.6/include" --define=SOC_XWR18XX --define=SUBSYS_DSS --define=ENABLE_ADVANCED_FRAME --define=MMWAVE_L3RAM_NUM_BANK=8 --define=MMWAVE_SHMEM_BANK_SIZE=0x20000 --define=MMWAVE_L3RAM_SIZE=0x100000 --define=SHMEM_ALLOC=0x00000008 --define=DOWNLOAD_FROM_CCS --define=DebugP_ASSERT_ENABLED -g --gcc --diag_warning=225 --diag_wrap=off --display_error_number --gen_func_subsections=on --disable_push_pop --obj_extension=.oe674 --preproc_with_compile --preproc_dependency="gen_twiddle_fft16x16.d_raw" --cmd_file="configPkg/compiler.opt"  "../gen_twiddle_fft16x16.c"
Finished building: "../gen_twiddle_fft16x16.c"
 
Building file: "../config_edma_util_hwa.c"
Invoking: C6000 Compiler
"C:/ti/ccs1000/ccs/tools/compiler/ti-cgt-c6000_8.3.6/bin/cl6x" -mv6740 --abi=eabi -O3 --include_path="C:/Users/Gerardo/Documents/Escuela/Maestria/Tesis/Software Development/Radar/mrr_18xx_dss" --include_path="C:/ti/mmwave_sdk_03_03_00_03/packages" --include_path="C:/ti/mathlib_c674x_3_1_2_1/packages" --include_path="C:/ti/dsplib_c64Px_3_4_0_0/packages/ti/dsplib/src/DSP_fft16x16/c64P" --include_path="C:/ti/dsplib_c64Px_3_4_0_0/packages/ti/dsplib/src/DSP_fft32x32/c64P" --include_path="C:/ti/ccs1000/ccs/tools/compiler/ti-cgt-c6000_8.3.6/include" --define=SOC_XWR18XX --define=SUBSYS_DSS --define=ENABLE_ADVANCED_FRAME --define=MMWAVE_L3RAM_NUM_BANK=8 --define=MMWAVE_SHMEM_BANK_SIZE=0x20000 --define=MMWAVE_L3RAM_SIZE=0x100000 --define=SHMEM_ALLOC=0x00000008 --define=DOWNLOAD_FROM_CCS --define=DebugP_ASSERT_ENABLED -g --gcc --diag_warning=225 --diag_wrap=off --display_error_number --gen_func_subsections=on --disable_push_pop --obj_extension=.oe674 --preproc_with_compile --preproc_dependency="config_edma_util_hwa.d_raw" --cmd_file="configPkg/compiler.opt"  "../config_edma_util_hwa.c"
Finished building: "../config_edma_util_hwa.c"
 
Building file: "../common/cfg.c"
Invoking: C6000 Compiler
"C:/ti/ccs1000/ccs/tools/compiler/ti-cgt-c6000_8.3.6/bin/cl6x" -mv6740 --abi=eabi -O3 --include_path="C:/Users/Gerardo/Documents/Escuela/Maestria/Tesis/Software Development/Radar/mrr_18xx_dss" --include_path="C:/ti/mmwave_sdk_03_03_00_03/packages" --include_path="C:/ti/mathlib_c674x_3_1_2_1/packages" --include_path="C:/ti/dsplib_c64Px_3_4_0_0/packages/ti/dsplib/src/DSP_fft16x16/c64P" --include_path="C:/ti/dsplib_c64Px_3_4_0_0/packages/ti/dsplib/src/DSP_fft32x32/c64P" --include_path="C:/ti/ccs1000/ccs/tools/compiler/ti-cgt-c6000_8.3.6/include" --define=SOC_XWR18XX --define=SUBSYS_DSS --define=ENABLE_ADVANCED_FRAME --define=MMWAVE_L3RAM_NUM_BANK=8 --define=MMWAVE_SHMEM_BANK_SIZE=0x20000 --define=MMWAVE_L3RAM_SIZE=0x100000 --define=SHMEM_ALLOC=0x00000008 --define=DOWNLOAD_FROM_CCS --define=DebugP_ASSERT_ENABLED -g --gcc --diag_warning=225 --diag_wrap=off --display_error_number --gen_func_subsections=on --disable_push_pop --obj_extension=.oe674 --preproc_with_compile --preproc_dependency="common/cfg.d_raw" --obj_directory="common" --cmd_file="configPkg/compiler.opt"  "../common/cfg.c"
Finished building: "../common/cfg.c"
 
Building file: "../clusteringDBscan.c"
Invoking: C6000 Compiler
"C:/ti/ccs1000/ccs/tools/compiler/ti-cgt-c6000_8.3.6/bin/cl6x" -mv6740 --abi=eabi -O3 --include_path="C:/Users/Gerardo/Documents/Escuela/Maestria/Tesis/Software Development/Radar/mrr_18xx_dss" --include_path="C:/ti/mmwave_sdk_03_03_00_03/packages" --include_path="C:/ti/mathlib_c674x_3_1_2_1/packages" --include_path="C:/ti/dsplib_c64Px_3_4_0_0/packages/ti/dsplib/src/DSP_fft16x16/c64P" --include_path="C:/ti/dsplib_c64Px_3_4_0_0/packages/ti/dsplib/src/DSP_fft32x32/c64P" --include_path="C:/ti/ccs1000/ccs/tools/compiler/ti-cgt-c6000_8.3.6/include" --define=SOC_XWR18XX --define=SUBSYS_DSS --define=ENABLE_ADVANCED_FRAME --define=MMWAVE_L3RAM_NUM_BANK=8 --define=MMWAVE_SHMEM_BANK_SIZE=0x20000 --define=MMWAVE_L3RAM_SIZE=0x100000 --define=SHMEM_ALLOC=0x00000008 --define=DOWNLOAD_FROM_CCS --define=DebugP_ASSERT_ENABLED -g --gcc --diag_warning=225 --diag_wrap=off --display_error_number --gen_func_subsections=on --disable_push_pop --obj_extension=.oe674 --preproc_with_compile --preproc_dependency="clusteringDBscan.d_raw" --cmd_file="configPkg/compiler.opt"  "../clusteringDBscan.c"
Finished building: "../clusteringDBscan.c"
 
Building file: "../config_hwa_util.c"
Invoking: C6000 Compiler
"C:/ti/ccs1000/ccs/tools/compiler/ti-cgt-c6000_8.3.6/bin/cl6x" -mv6740 --abi=eabi -O3 --include_path="C:/Users/Gerardo/Documents/Escuela/Maestria/Tesis/Software Development/Radar/mrr_18xx_dss" --include_path="C:/ti/mmwave_sdk_03_03_00_03/packages" --include_path="C:/ti/mathlib_c674x_3_1_2_1/packages" --include_path="C:/ti/dsplib_c64Px_3_4_0_0/packages/ti/dsplib/src/DSP_fft16x16/c64P" --include_path="C:/ti/dsplib_c64Px_3_4_0_0/packages/ti/dsplib/src/DSP_fft32x32/c64P" --include_path="C:/ti/ccs1000/ccs/tools/compiler/ti-cgt-c6000_8.3.6/include" --define=SOC_XWR18XX --define=SUBSYS_DSS --define=ENABLE_ADVANCED_FRAME --define=MMWAVE_L3RAM_NUM_BANK=8 --define=MMWAVE_SHMEM_BANK_SIZE=0x20000 --define=MMWAVE_L3RAM_SIZE=0x100000 --define=SHMEM_ALLOC=0x00000008 --define=DOWNLOAD_FROM_CCS --define=DebugP_ASSERT_ENABLED -g --gcc --diag_warning=225 --diag_wrap=off --display_error_number --gen_func_subsections=on --disable_push_pop --obj_extension=.oe674 --preproc_with_compile --preproc_dependency="config_hwa_util.d_raw" --cmd_file="configPkg/compiler.opt"  "../config_hwa_util.c"
Finished building: "../config_hwa_util.c"
 
Building file: "../dss_main.c"
Invoking: C6000 Compiler
"C:/ti/ccs1000/ccs/tools/compiler/ti-cgt-c6000_8.3.6/bin/cl6x" -mv6740 --abi=eabi -O3 --include_path="C:/Users/Gerardo/Documents/Escuela/Maestria/Tesis/Software Development/Radar/mrr_18xx_dss" --include_path="C:/ti/mmwave_sdk_03_03_00_03/packages" --include_path="C:/ti/mathlib_c674x_3_1_2_1/packages" --include_path="C:/ti/dsplib_c64Px_3_4_0_0/packages/ti/dsplib/src/DSP_fft16x16/c64P" --include_path="C:/ti/dsplib_c64Px_3_4_0_0/packages/ti/dsplib/src/DSP_fft32x32/c64P" --include_path="C:/ti/ccs1000/ccs/tools/compiler/ti-cgt-c6000_8.3.6/include" --define=SOC_XWR18XX --define=SUBSYS_DSS --define=ENABLE_ADVANCED_FRAME --define=MMWAVE_L3RAM_NUM_BANK=8 --define=MMWAVE_SHMEM_BANK_SIZE=0x20000 --define=MMWAVE_L3RAM_SIZE=0x100000 --define=SHMEM_ALLOC=0x00000008 --define=DOWNLOAD_FROM_CCS --define=DebugP_ASSERT_ENABLED -g --gcc --diag_warning=225 --diag_wrap=off --display_error_number --gen_func_subsections=on --disable_push_pop --obj_extension=.oe674 --preproc_with_compile --preproc_dependency="dss_main.d_raw" --cmd_file="configPkg/compiler.opt"  "../dss_main.c"
Finished building: "../dss_main.c"
 
Building file: "../Extended_Kalman_Filter_xyz.c"
Invoking: C6000 Compiler
"C:/ti/ccs1000/ccs/tools/compiler/ti-cgt-c6000_8.3.6/bin/cl6x" -mv6740 --abi=eabi -O3 --include_path="C:/Users/Gerardo/Documents/Escuela/Maestria/Tesis/Software Development/Radar/mrr_18xx_dss" --include_path="C:/ti/mmwave_sdk_03_03_00_03/packages" --include_path="C:/ti/mathlib_c674x_3_1_2_1/packages" --include_path="C:/ti/dsplib_c64Px_3_4_0_0/packages/ti/dsplib/src/DSP_fft16x16/c64P" --include_path="C:/ti/dsplib_c64Px_3_4_0_0/packages/ti/dsplib/src/DSP_fft32x32/c64P" --include_path="C:/ti/ccs1000/ccs/tools/compiler/ti-cgt-c6000_8.3.6/include" --define=SOC_XWR18XX --define=SUBSYS_DSS --define=ENABLE_ADVANCED_FRAME --define=MMWAVE_L3RAM_NUM_BANK=8 --define=MMWAVE_SHMEM_BANK_SIZE=0x20000 --define=MMWAVE_L3RAM_SIZE=0x100000 --define=SHMEM_ALLOC=0x00000008 --define=DOWNLOAD_FROM_CCS --define=DebugP_ASSERT_ENABLED -g --gcc --diag_warning=225 --diag_wrap=off --display_error_number --gen_func_subsections=on --disable_push_pop --obj_extension=.oe674 --preproc_with_compile --preproc_dependency="Extended_Kalman_Filter_xyz.d_raw" --cmd_file="configPkg/compiler.opt"  "../Extended_Kalman_Filter_xyz.c"
Finished building: "../Extended_Kalman_Filter_xyz.c"
 
Building file: "../dss_data_path.c"
Invoking: C6000 Compiler
"C:/ti/ccs1000/ccs/tools/compiler/ti-cgt-c6000_8.3.6/bin/cl6x" -mv6740 --abi=eabi -O3 --include_path="C:/Users/Gerardo/Documents/Escuela/Maestria/Tesis/Software Development/Radar/mrr_18xx_dss" --include_path="C:/ti/mmwave_sdk_03_03_00_03/packages" --include_path="C:/ti/mathlib_c674x_3_1_2_1/packages" --include_path="C:/ti/dsplib_c64Px_3_4_0_0/packages/ti/dsplib/src/DSP_fft16x16/c64P" --include_path="C:/ti/dsplib_c64Px_3_4_0_0/packages/ti/dsplib/src/DSP_fft32x32/c64P" --include_path="C:/ti/ccs1000/ccs/tools/compiler/ti-cgt-c6000_8.3.6/include" --define=SOC_XWR18XX --define=SUBSYS_DSS --define=ENABLE_ADVANCED_FRAME --define=MMWAVE_L3RAM_NUM_BANK=8 --define=MMWAVE_SHMEM_BANK_SIZE=0x20000 --define=MMWAVE_L3RAM_SIZE=0x100000 --define=SHMEM_ALLOC=0x00000008 --define=DOWNLOAD_FROM_CCS --define=DebugP_ASSERT_ENABLED -g --gcc --diag_warning=225 --diag_wrap=off --display_error_number --gen_func_subsections=on --disable_push_pop --obj_extension=.oe674 --preproc_with_compile --preproc_dependency="dss_data_path.d_raw" --cmd_file="configPkg/compiler.opt"  "../dss_data_path.c"
"../dss_data_path.c", line 782: warning #9-D: nested comment is not allowed
Finished building: "../dss_data_path.c"
 
Building target: "mrr_18xx_dss.xe674"
Invoking: C6000 Linker
"C:/ti/ccs1000/ccs/tools/compiler/ti-cgt-c6000_8.3.6/bin/cl6x" -mv6740 --abi=eabi -O3 --define=SOC_XWR18XX --define=SUBSYS_DSS --define=ENABLE_ADVANCED_FRAME --define=MMWAVE_L3RAM_NUM_BANK=8 --define=MMWAVE_SHMEM_BANK_SIZE=0x20000 --define=MMWAVE_L3RAM_SIZE=0x100000 --define=SHMEM_ALLOC=0x00000008 --define=DOWNLOAD_FROM_CCS --define=DebugP_ASSERT_ENABLED -g --gcc --diag_warning=225 --diag_wrap=off --display_error_number --gen_func_subsections=on --disable_push_pop --obj_extension=.oe674 -z -m"mrr_18xx_dss.map" --heap_size=0x800 --stack_size=0x800 -i"C:/ti/ccs1000/ccs/tools/compiler/ti-cgt-c6000_8.3.6/lib" -i"C:/Users/Gerardo/Documents/Escuela/Maestria/Tesis/Software Development/Radar/mrr_18xx_dss" -i"C:/ti/mmwave_sdk_03_03_00_03/packages/ti/control/mmwave/lib" -i"C:/ti/mmwave_sdk_03_03_00_03/packages/ti/control/mmwavelink/lib" -i"C:/ti/mmwave_sdk_03_03_00_03/packages/ti/drivers/crc/lib" -i"C:/ti/mmwave_sdk_03_03_00_03/packages/ti/drivers/mailbox/lib" -i"C:/ti/mmwave_sdk_03_03_00_03/packages/ti/drivers/osal/lib" -i"C:/ti/mmwave_sdk_03_03_00_03/packages/ti/drivers/hwa/lib" -i"C:/ti/mmwave_sdk_03_03_00_03/packages/ti/drivers/soc/lib" -i"C:/ti/mmwave_sdk_03_03_00_03/packages/ti/drivers/uart/lib" -i"C:/ti/mmwave_sdk_03_03_00_03/packages/ti/drivers/edma/lib" -i"C:/ti/mmwave_sdk_03_03_00_03/packages/ti/drivers/adcbuf/lib" -i"C:/ti/mmwave_sdk_03_03_00_03/packages/ti/alg/mmwavelib/lib" -i"C:/ti/dsplib_c64Px_3_4_0_0/packages/ti/dsplib/lib" -i"C:/ti/mathlib_c674x_3_1_2_1/packages/ti/mathlib/lib" -i"C:/ti/ccs1000/ccs/tools/compiler/ti-cgt-c6000_8.3.6/include" --reread_libs --disable_auto_rts --diag_warning=225 --diag_wrap=off --display_error_number --warn_sections --xml_link_info="xwr18xx_mrr_18xx_dss_linkInfo.xml" --ram_model --unused_section_elimination=on -o "mrr_18xx_dss.xe674" "./Extended_Kalman_Filter_xyz.oe674" "./clusteringDBscan.oe674" "./config_edma_util_hwa.oe674" "./config_hwa_util.oe674" "./dss_config_edma_util.oe674" "./dss_data_path.oe674" "./dss_main.oe674" "./gen_twiddle_fft16x16.oe674" "./gen_twiddle_fft32x32.oe674" "./common/cfg.oe674" "../c674x_linker.cmd" "../dss_mrr_linker.cmd" -l"configPkg/linker.cmd"  -llibosal_xwr18xx.ae674 -llibsoc_xwr18xx.ae674 -llibhwa_xwr18xx.ae674 -llibcrc_xwr18xx.ae674 -llibuart_xwr18xx.ae674 -llibmailbox_xwr18xx.ae674 -llibmmwavelink_xwr18xx.ae674 -llibmmwave_xwr18xx.ae674 -lmathlib.ae674 -ldsplib.ae64P -llibedma_xwr18xx.ae674 -llibadcbuf_xwr18xx.ae674 -llibmmwavealg_xwr18xx.ae674 -lrts6740_elf.lib -llibc.a 
<Linking>
"../dss_mrr_linker.cmd", line 79: warning #10068-D: no matching section
warning #10370-D: Possible codesize or performance degradation. Section ".text:SOC_init:libsoc_xwr18xx.ae674<soc.oe674>" has calls to rts routines, but rts is placed out of range from call site at 0x20002584, or in a different section. To optimize codesize, either 1) place rts closer to call site, or 2) place rts in same section, or 3) compile with --disable_push_pop.
warning #10370-D: Possible codesize or performance degradation. Section ".text:SOC_init:libsoc_xwr18xx.ae674<soc.oe674>" has calls to rts routines, but rts is placed out of range from call site at 0x20002460, or in a different section. To optimize codesize, either 1) place rts closer to call site, or 2) place rts in same section, or 3) compile with --disable_push_pop.
Finished building target: "mrr_18xx_dss.xe674"
 
C:/ti/mmwave_sdk_03_03_00_03/packages/scripts/ImageCreator/out2rprc/out2rprc.exe mrr_18xx_dss.xe674 mrr_18xx_dss.bin
Parsing the input object file, mrr_18xx_dss.xe674.
Appending zeros 8511228
Appending zeros 8511232
Appending zeros 8515188
Appending zeros 8515192
Appending zeros 8515196
Appending zeros 8515200
File conversion complete!
 

**** Build Finished ****
