
**** Build of configuration Debug for project pa_18xx_dss ****

"C:\\ti\\ccs1000\\ccs\\utils\\bin\\gmake" -k -j 12 all -O 
 
rm -f C:/ti/Thesis_radar/pa_18xx_dss/pa_18xx_dss.bin
makefile:214: recipe for target 'pre-build' failed
process_begin: CreateProcess(NULL, rm -f C:/ti/Thesis_radar/pa_18xx_dss/pa_18xx_dss.bin, ...) failed.
 
gmake[1]: [pre-build] Error 2 (ignored)
 
Building file: "../dss_pa.cfg"
Invoking: XDCtools
"C:/ti/xdctools_3_50_08_24_core/xs" --xdcpath="C:/ti/bios_6_73_01_01/packages;" xdc.tools.configuro -o configPkg -t ti.targets.elf.C674 -p ti.platforms.c6x:AWR16XX:false:600 -r release -c "C:/ti/ti-cgt-c6000_8.3.3" "../dss_pa.cfg"
making package.mak (because of package.bld) ...
generating interfaces for package configPkg (because package/package.xdc.inc is older than package.xdc) ...
configuring dss_pa.xe674 from package/cfg/dss_pa_pe674.cfg ...
generating custom ti.sysbios library makefile ... 
Starting build of library sources ...
making C:/ti/Thesis_radar/pa_18xx_dss/src/sysbios/sysbios.ae674 ...
gmake[1]: Entering directory `C:/ti/Thesis_radar/pa_18xx_dss/src/sysbios'
gmake[1]: Nothing to be done for `all'.
gmake[1]: Leaving directory `C:/ti/Thesis_radar/pa_18xx_dss/src/sysbios'
Build of libraries done.
cle674 package/cfg/dss_pa_pe674.c ...
Finished building: "../dss_pa.cfg"
 
Building file: "../dss_config_edma_util.c"
Invoking: C6000 Compiler
"C:/ti/ti-cgt-c6000_8.3.3/bin/cl6x" -mv6740 --abi=eabi -O3 --include_path="C:/ti/Thesis_radar/pa_18xx_dss" --include_path="C:/ti/Thesis_radar/pa_18xx_dss/modules/utilities" --include_path="C:/ti/mmwave_sdk_03_02_00_04/packages" --include_path="C:/ti/mathlib_c674x_3_1_2_1/packages" --include_path="C:/ti/dsplib_c674x_3_4_0_0/packages/ti/dsplib/src/DSPF_sp_fftSPxSP/c674" --include_path="C:/ti/dsplib_c64Px_3_4_0_0/packages/ti/dsplib/src/DSP_fft16x16/c64P" --include_path="C:/ti/dsplib_c64Px_3_4_0_0/packages/ti/dsplib/src/DSP_fft16x16_imre/c64P" --include_path="C:/ti/dsplib_c64Px_3_4_0_0/packages/ti/dsplib/src/DSP_fft32x32/c64P" --include_path="C:/ti/ti-cgt-c6000_8.3.3/include" --define=SOC_XWR18XX --define=SUBSYS_DSS --define=ENABLE_ADVANCED_FRAME --define=MMWAVE_L3RAM_SIZE=0x100000 --define=MMWAVE_L3RAM_NUM_BANK=8 --define=MMWAVE_SHMEM_BANK_SIZE=0x20000 --define=DOWNLOAD_FROM_CCS --define=DebugP_ASSERT_ENABLED -g --gcc --diag_warning=225 --diag_wrap=off --display_error_number --gen_func_subsections=on --disable_push_pop --obj_extension=.oe674 --preproc_with_compile --preproc_dependency="dss_config_edma_util.d_raw" --cmd_file="configPkg/compiler.opt"  "../dss_config_edma_util.c"
Finished building: "../dss_config_edma_util.c"
 
Building file: "../modules/detection/CFAR/src/relativeThrTab.c"
Invoking: C6000 Compiler
"C:/ti/ti-cgt-c6000_8.3.3/bin/cl6x" -mv6740 --abi=eabi -O3 --include_path="C:/ti/Thesis_radar/pa_18xx_dss" --include_path="C:/ti/Thesis_radar/pa_18xx_dss/modules/utilities" --include_path="C:/ti/mmwave_sdk_03_02_00_04/packages" --include_path="C:/ti/mathlib_c674x_3_1_2_1/packages" --include_path="C:/ti/dsplib_c674x_3_4_0_0/packages/ti/dsplib/src/DSPF_sp_fftSPxSP/c674" --include_path="C:/ti/dsplib_c64Px_3_4_0_0/packages/ti/dsplib/src/DSP_fft16x16/c64P" --include_path="C:/ti/dsplib_c64Px_3_4_0_0/packages/ti/dsplib/src/DSP_fft16x16_imre/c64P" --include_path="C:/ti/dsplib_c64Px_3_4_0_0/packages/ti/dsplib/src/DSP_fft32x32/c64P" --include_path="C:/ti/ti-cgt-c6000_8.3.3/include" --define=SOC_XWR18XX --define=SUBSYS_DSS --define=ENABLE_ADVANCED_FRAME --define=MMWAVE_L3RAM_SIZE=0x100000 --define=MMWAVE_L3RAM_NUM_BANK=8 --define=MMWAVE_SHMEM_BANK_SIZE=0x20000 --define=DOWNLOAD_FROM_CCS --define=DebugP_ASSERT_ENABLED -g --gcc --diag_warning=225 --diag_wrap=off --display_error_number --gen_func_subsections=on --disable_push_pop --obj_extension=.oe674 --preproc_with_compile --preproc_dependency="modules/detection/CFAR/src/relativeThrTab.d_raw" --obj_directory="modules/detection/CFAR/src" --cmd_file="configPkg/compiler.opt"  "../modules/detection/CFAR/src/relativeThrTab.c"
Finished building: "../modules/detection/CFAR/src/relativeThrTab.c"
 
Building file: "../common/cfg.c"
Invoking: C6000 Compiler
"C:/ti/ti-cgt-c6000_8.3.3/bin/cl6x" -mv6740 --abi=eabi -O3 --include_path="C:/ti/Thesis_radar/pa_18xx_dss" --include_path="C:/ti/Thesis_radar/pa_18xx_dss/modules/utilities" --include_path="C:/ti/mmwave_sdk_03_02_00_04/packages" --include_path="C:/ti/mathlib_c674x_3_1_2_1/packages" --include_path="C:/ti/dsplib_c674x_3_4_0_0/packages/ti/dsplib/src/DSPF_sp_fftSPxSP/c674" --include_path="C:/ti/dsplib_c64Px_3_4_0_0/packages/ti/dsplib/src/DSP_fft16x16/c64P" --include_path="C:/ti/dsplib_c64Px_3_4_0_0/packages/ti/dsplib/src/DSP_fft16x16_imre/c64P" --include_path="C:/ti/dsplib_c64Px_3_4_0_0/packages/ti/dsplib/src/DSP_fft32x32/c64P" --include_path="C:/ti/ti-cgt-c6000_8.3.3/include" --define=SOC_XWR18XX --define=SUBSYS_DSS --define=ENABLE_ADVANCED_FRAME --define=MMWAVE_L3RAM_SIZE=0x100000 --define=MMWAVE_L3RAM_NUM_BANK=8 --define=MMWAVE_SHMEM_BANK_SIZE=0x20000 --define=DOWNLOAD_FROM_CCS --define=DebugP_ASSERT_ENABLED -g --gcc --diag_warning=225 --diag_wrap=off --display_error_number --gen_func_subsections=on --disable_push_pop --obj_extension=.oe674 --preproc_with_compile --preproc_dependency="common/cfg.d_raw" --obj_directory="common" --cmd_file="configPkg/compiler.opt"  "../common/cfg.c"
Finished building: "../common/cfg.c"
 
Building file: "../modules/detection/CFAR/src/RADARDEMO_detectionCFAR.c"
Invoking: C6000 Compiler
"C:/ti/ti-cgt-c6000_8.3.3/bin/cl6x" -mv6740 --abi=eabi -O3 --include_path="C:/ti/Thesis_radar/pa_18xx_dss" --include_path="C:/ti/Thesis_radar/pa_18xx_dss/modules/utilities" --include_path="C:/ti/mmwave_sdk_03_02_00_04/packages" --include_path="C:/ti/mathlib_c674x_3_1_2_1/packages" --include_path="C:/ti/dsplib_c674x_3_4_0_0/packages/ti/dsplib/src/DSPF_sp_fftSPxSP/c674" --include_path="C:/ti/dsplib_c64Px_3_4_0_0/packages/ti/dsplib/src/DSP_fft16x16/c64P" --include_path="C:/ti/dsplib_c64Px_3_4_0_0/packages/ti/dsplib/src/DSP_fft16x16_imre/c64P" --include_path="C:/ti/dsplib_c64Px_3_4_0_0/packages/ti/dsplib/src/DSP_fft32x32/c64P" --include_path="C:/ti/ti-cgt-c6000_8.3.3/include" --define=SOC_XWR18XX --define=SUBSYS_DSS --define=ENABLE_ADVANCED_FRAME --define=MMWAVE_L3RAM_SIZE=0x100000 --define=MMWAVE_L3RAM_NUM_BANK=8 --define=MMWAVE_SHMEM_BANK_SIZE=0x20000 --define=DOWNLOAD_FROM_CCS --define=DebugP_ASSERT_ENABLED -g --gcc --diag_warning=225 --diag_wrap=off --display_error_number --gen_func_subsections=on --disable_push_pop --obj_extension=.oe674 --preproc_with_compile --preproc_dependency="modules/detection/CFAR/src/RADARDEMO_detectionCFAR.d_raw" --obj_directory="modules/detection/CFAR/src" --cmd_file="configPkg/compiler.opt"  "../modules/detection/CFAR/src/RADARDEMO_detectionCFAR.c"
Finished building: "../modules/detection/CFAR/src/RADARDEMO_detectionCFAR.c"
 
Building file: "../modules/clustering/dbscan3D/src/RADARDEMO_clusteringDBscan3D.c"
Invoking: C6000 Compiler
"C:/ti/ti-cgt-c6000_8.3.3/bin/cl6x" -mv6740 --abi=eabi -O3 --include_path="C:/ti/Thesis_radar/pa_18xx_dss" --include_path="C:/ti/Thesis_radar/pa_18xx_dss/modules/utilities" --include_path="C:/ti/mmwave_sdk_03_02_00_04/packages" --include_path="C:/ti/mathlib_c674x_3_1_2_1/packages" --include_path="C:/ti/dsplib_c674x_3_4_0_0/packages/ti/dsplib/src/DSPF_sp_fftSPxSP/c674" --include_path="C:/ti/dsplib_c64Px_3_4_0_0/packages/ti/dsplib/src/DSP_fft16x16/c64P" --include_path="C:/ti/dsplib_c64Px_3_4_0_0/packages/ti/dsplib/src/DSP_fft16x16_imre/c64P" --include_path="C:/ti/dsplib_c64Px_3_4_0_0/packages/ti/dsplib/src/DSP_fft32x32/c64P" --include_path="C:/ti/ti-cgt-c6000_8.3.3/include" --define=SOC_XWR18XX --define=SUBSYS_DSS --define=ENABLE_ADVANCED_FRAME --define=MMWAVE_L3RAM_SIZE=0x100000 --define=MMWAVE_L3RAM_NUM_BANK=8 --define=MMWAVE_SHMEM_BANK_SIZE=0x20000 --define=DOWNLOAD_FROM_CCS --define=DebugP_ASSERT_ENABLED -g --gcc --diag_warning=225 --diag_wrap=off --display_error_number --gen_func_subsections=on --disable_push_pop --obj_extension=.oe674 --preproc_with_compile --preproc_dependency="modules/clustering/dbscan3D/src/RADARDEMO_clusteringDBscan3D.d_raw" --obj_directory="modules/clustering/dbscan3D/src" --cmd_file="configPkg/compiler.opt"  "../modules/clustering/dbscan3D/src/RADARDEMO_clusteringDBscan3D.c"
Finished building: "../modules/clustering/dbscan3D/src/RADARDEMO_clusteringDBscan3D.c"
 
Building file: "../modules/clustering/dbscan3D/src/RADARDEMO_clusteringDBscan3D_priv.c"
Invoking: C6000 Compiler
"C:/ti/ti-cgt-c6000_8.3.3/bin/cl6x" -mv6740 --abi=eabi -O3 --include_path="C:/ti/Thesis_radar/pa_18xx_dss" --include_path="C:/ti/Thesis_radar/pa_18xx_dss/modules/utilities" --include_path="C:/ti/mmwave_sdk_03_02_00_04/packages" --include_path="C:/ti/mathlib_c674x_3_1_2_1/packages" --include_path="C:/ti/dsplib_c674x_3_4_0_0/packages/ti/dsplib/src/DSPF_sp_fftSPxSP/c674" --include_path="C:/ti/dsplib_c64Px_3_4_0_0/packages/ti/dsplib/src/DSP_fft16x16/c64P" --include_path="C:/ti/dsplib_c64Px_3_4_0_0/packages/ti/dsplib/src/DSP_fft16x16_imre/c64P" --include_path="C:/ti/dsplib_c64Px_3_4_0_0/packages/ti/dsplib/src/DSP_fft32x32/c64P" --include_path="C:/ti/ti-cgt-c6000_8.3.3/include" --define=SOC_XWR18XX --define=SUBSYS_DSS --define=ENABLE_ADVANCED_FRAME --define=MMWAVE_L3RAM_SIZE=0x100000 --define=MMWAVE_L3RAM_NUM_BANK=8 --define=MMWAVE_SHMEM_BANK_SIZE=0x20000 --define=DOWNLOAD_FROM_CCS --define=DebugP_ASSERT_ENABLED -g --gcc --diag_warning=225 --diag_wrap=off --display_error_number --gen_func_subsections=on --disable_push_pop --obj_extension=.oe674 --preproc_with_compile --preproc_dependency="modules/clustering/dbscan3D/src/RADARDEMO_clusteringDBscan3D_priv.d_raw" --obj_directory="modules/clustering/dbscan3D/src" --cmd_file="configPkg/compiler.opt"  "../modules/clustering/dbscan3D/src/RADARDEMO_clusteringDBscan3D_priv.c"
"../modules/clustering/dbscan3D/src/RADARDEMO_clusteringDBscan3D_priv.c", line 391: warning #552-D: variable "rangeVar" was set but never used
"../modules/clustering/dbscan3D/src/RADARDEMO_clusteringDBscan3D_priv.c", line 391: warning #552-D: variable "angleVar" was set but never used
"../modules/clustering/dbscan3D/src/RADARDEMO_clusteringDBscan3D_priv.c", line 391: warning #552-D: variable "velVar" was set but never used
Finished building: "../modules/clustering/dbscan3D/src/RADARDEMO_clusteringDBscan3D_priv.c"
 
Building file: "../modules/utilities/cycle_measure.c"
Invoking: C6000 Compiler
"C:/ti/ti-cgt-c6000_8.3.3/bin/cl6x" -mv6740 --abi=eabi -O3 --include_path="C:/ti/Thesis_radar/pa_18xx_dss" --include_path="C:/ti/Thesis_radar/pa_18xx_dss/modules/utilities" --include_path="C:/ti/mmwave_sdk_03_02_00_04/packages" --include_path="C:/ti/mathlib_c674x_3_1_2_1/packages" --include_path="C:/ti/dsplib_c674x_3_4_0_0/packages/ti/dsplib/src/DSPF_sp_fftSPxSP/c674" --include_path="C:/ti/dsplib_c64Px_3_4_0_0/packages/ti/dsplib/src/DSP_fft16x16/c64P" --include_path="C:/ti/dsplib_c64Px_3_4_0_0/packages/ti/dsplib/src/DSP_fft16x16_imre/c64P" --include_path="C:/ti/dsplib_c64Px_3_4_0_0/packages/ti/dsplib/src/DSP_fft32x32/c64P" --include_path="C:/ti/ti-cgt-c6000_8.3.3/include" --define=SOC_XWR18XX --define=SUBSYS_DSS --define=ENABLE_ADVANCED_FRAME --define=MMWAVE_L3RAM_SIZE=0x100000 --define=MMWAVE_L3RAM_NUM_BANK=8 --define=MMWAVE_SHMEM_BANK_SIZE=0x20000 --define=DOWNLOAD_FROM_CCS --define=DebugP_ASSERT_ENABLED -g --gcc --diag_warning=225 --diag_wrap=off --display_error_number --gen_func_subsections=on --disable_push_pop --obj_extension=.oe674 --preproc_with_compile --preproc_dependency="modules/utilities/cycle_measure.d_raw" --obj_directory="modules/utilities" --cmd_file="configPkg/compiler.opt"  "../modules/utilities/cycle_measure.c"
Finished building: "../modules/utilities/cycle_measure.c"
 
Building file: "../modules/DoA/BF/src/RADARDEMO_aoaEstBF.c"
Invoking: C6000 Compiler
"C:/ti/ti-cgt-c6000_8.3.3/bin/cl6x" -mv6740 --abi=eabi -O3 --include_path="C:/ti/Thesis_radar/pa_18xx_dss" --include_path="C:/ti/Thesis_radar/pa_18xx_dss/modules/utilities" --include_path="C:/ti/mmwave_sdk_03_02_00_04/packages" --include_path="C:/ti/mathlib_c674x_3_1_2_1/packages" --include_path="C:/ti/dsplib_c674x_3_4_0_0/packages/ti/dsplib/src/DSPF_sp_fftSPxSP/c674" --include_path="C:/ti/dsplib_c64Px_3_4_0_0/packages/ti/dsplib/src/DSP_fft16x16/c64P" --include_path="C:/ti/dsplib_c64Px_3_4_0_0/packages/ti/dsplib/src/DSP_fft16x16_imre/c64P" --include_path="C:/ti/dsplib_c64Px_3_4_0_0/packages/ti/dsplib/src/DSP_fft32x32/c64P" --include_path="C:/ti/ti-cgt-c6000_8.3.3/include" --define=SOC_XWR18XX --define=SUBSYS_DSS --define=ENABLE_ADVANCED_FRAME --define=MMWAVE_L3RAM_SIZE=0x100000 --define=MMWAVE_L3RAM_NUM_BANK=8 --define=MMWAVE_SHMEM_BANK_SIZE=0x20000 --define=DOWNLOAD_FROM_CCS --define=DebugP_ASSERT_ENABLED -g --gcc --diag_warning=225 --diag_wrap=off --display_error_number --gen_func_subsections=on --disable_push_pop --obj_extension=.oe674 --preproc_with_compile --preproc_dependency="modules/DoA/BF/src/RADARDEMO_aoaEstBF.d_raw" --obj_directory="modules/DoA/BF/src" --cmd_file="configPkg/compiler.opt"  "../modules/DoA/BF/src/RADARDEMO_aoaEstBF.c"
Finished building: "../modules/DoA/BF/src/RADARDEMO_aoaEstBF.c"
 
Building file: "../modules/utilities/radarOsal_malloc.c"
Invoking: C6000 Compiler
"C:/ti/ti-cgt-c6000_8.3.3/bin/cl6x" -mv6740 --abi=eabi -O3 --include_path="C:/ti/Thesis_radar/pa_18xx_dss" --include_path="C:/ti/Thesis_radar/pa_18xx_dss/modules/utilities" --include_path="C:/ti/mmwave_sdk_03_02_00_04/packages" --include_path="C:/ti/mathlib_c674x_3_1_2_1/packages" --include_path="C:/ti/dsplib_c674x_3_4_0_0/packages/ti/dsplib/src/DSPF_sp_fftSPxSP/c674" --include_path="C:/ti/dsplib_c64Px_3_4_0_0/packages/ti/dsplib/src/DSP_fft16x16/c64P" --include_path="C:/ti/dsplib_c64Px_3_4_0_0/packages/ti/dsplib/src/DSP_fft16x16_imre/c64P" --include_path="C:/ti/dsplib_c64Px_3_4_0_0/packages/ti/dsplib/src/DSP_fft32x32/c64P" --include_path="C:/ti/ti-cgt-c6000_8.3.3/include" --define=SOC_XWR18XX --define=SUBSYS_DSS --define=ENABLE_ADVANCED_FRAME --define=MMWAVE_L3RAM_SIZE=0x100000 --define=MMWAVE_L3RAM_NUM_BANK=8 --define=MMWAVE_SHMEM_BANK_SIZE=0x20000 --define=DOWNLOAD_FROM_CCS --define=DebugP_ASSERT_ENABLED -g --gcc --diag_warning=225 --diag_wrap=off --display_error_number --gen_func_subsections=on --disable_push_pop --obj_extension=.oe674 --preproc_with_compile --preproc_dependency="modules/utilities/radarOsal_malloc.d_raw" --obj_directory="modules/utilities" --cmd_file="configPkg/compiler.opt"  "../modules/utilities/radarOsal_malloc.c"
Finished building: "../modules/utilities/radarOsal_malloc.c"
 
Building file: "../modules/dopplerProc/dopplerProc/src/RADARDEMO_dopplerProc_utils.c"
Invoking: C6000 Compiler
"C:/ti/ti-cgt-c6000_8.3.3/bin/cl6x" -mv6740 --abi=eabi -O3 --include_path="C:/ti/Thesis_radar/pa_18xx_dss" --include_path="C:/ti/Thesis_radar/pa_18xx_dss/modules/utilities" --include_path="C:/ti/mmwave_sdk_03_02_00_04/packages" --include_path="C:/ti/mathlib_c674x_3_1_2_1/packages" --include_path="C:/ti/dsplib_c674x_3_4_0_0/packages/ti/dsplib/src/DSPF_sp_fftSPxSP/c674" --include_path="C:/ti/dsplib_c64Px_3_4_0_0/packages/ti/dsplib/src/DSP_fft16x16/c64P" --include_path="C:/ti/dsplib_c64Px_3_4_0_0/packages/ti/dsplib/src/DSP_fft16x16_imre/c64P" --include_path="C:/ti/dsplib_c64Px_3_4_0_0/packages/ti/dsplib/src/DSP_fft32x32/c64P" --include_path="C:/ti/ti-cgt-c6000_8.3.3/include" --define=SOC_XWR18XX --define=SUBSYS_DSS --define=ENABLE_ADVANCED_FRAME --define=MMWAVE_L3RAM_SIZE=0x100000 --define=MMWAVE_L3RAM_NUM_BANK=8 --define=MMWAVE_SHMEM_BANK_SIZE=0x20000 --define=DOWNLOAD_FROM_CCS --define=DebugP_ASSERT_ENABLED -g --gcc --diag_warning=225 --diag_wrap=off --display_error_number --gen_func_subsections=on --disable_push_pop --obj_extension=.oe674 --preproc_with_compile --preproc_dependency="modules/dopplerProc/dopplerProc/src/RADARDEMO_dopplerProc_utils.d_raw" --obj_directory="modules/dopplerProc/dopplerProc/src" --cmd_file="configPkg/compiler.opt"  "../modules/dopplerProc/dopplerProc/src/RADARDEMO_dopplerProc_utils.c"
Finished building: "../modules/dopplerProc/dopplerProc/src/RADARDEMO_dopplerProc_utils.c"
 
Building file: "../modules/dopplerProc/dopplerProc/src/RADARDEMO_dopplerProc.c"
Invoking: C6000 Compiler
"C:/ti/ti-cgt-c6000_8.3.3/bin/cl6x" -mv6740 --abi=eabi -O3 --include_path="C:/ti/Thesis_radar/pa_18xx_dss" --include_path="C:/ti/Thesis_radar/pa_18xx_dss/modules/utilities" --include_path="C:/ti/mmwave_sdk_03_02_00_04/packages" --include_path="C:/ti/mathlib_c674x_3_1_2_1/packages" --include_path="C:/ti/dsplib_c674x_3_4_0_0/packages/ti/dsplib/src/DSPF_sp_fftSPxSP/c674" --include_path="C:/ti/dsplib_c64Px_3_4_0_0/packages/ti/dsplib/src/DSP_fft16x16/c64P" --include_path="C:/ti/dsplib_c64Px_3_4_0_0/packages/ti/dsplib/src/DSP_fft16x16_imre/c64P" --include_path="C:/ti/dsplib_c64Px_3_4_0_0/packages/ti/dsplib/src/DSP_fft32x32/c64P" --include_path="C:/ti/ti-cgt-c6000_8.3.3/include" --define=SOC_XWR18XX --define=SUBSYS_DSS --define=ENABLE_ADVANCED_FRAME --define=MMWAVE_L3RAM_SIZE=0x100000 --define=MMWAVE_L3RAM_NUM_BANK=8 --define=MMWAVE_SHMEM_BANK_SIZE=0x20000 --define=DOWNLOAD_FROM_CCS --define=DebugP_ASSERT_ENABLED -g --gcc --diag_warning=225 --diag_wrap=off --display_error_number --gen_func_subsections=on --disable_push_pop --obj_extension=.oe674 --preproc_with_compile --preproc_dependency="modules/dopplerProc/dopplerProc/src/RADARDEMO_dopplerProc.d_raw" --obj_directory="modules/dopplerProc/dopplerProc/src" --cmd_file="configPkg/compiler.opt"  "../modules/dopplerProc/dopplerProc/src/RADARDEMO_dopplerProc.c"
Finished building: "../modules/dopplerProc/dopplerProc/src/RADARDEMO_dopplerProc.c"
 
Building file: "../dss_main.c"
Invoking: C6000 Compiler
"C:/ti/ti-cgt-c6000_8.3.3/bin/cl6x" -mv6740 --abi=eabi -O3 --include_path="C:/ti/Thesis_radar/pa_18xx_dss" --include_path="C:/ti/Thesis_radar/pa_18xx_dss/modules/utilities" --include_path="C:/ti/mmwave_sdk_03_02_00_04/packages" --include_path="C:/ti/mathlib_c674x_3_1_2_1/packages" --include_path="C:/ti/dsplib_c674x_3_4_0_0/packages/ti/dsplib/src/DSPF_sp_fftSPxSP/c674" --include_path="C:/ti/dsplib_c64Px_3_4_0_0/packages/ti/dsplib/src/DSP_fft16x16/c64P" --include_path="C:/ti/dsplib_c64Px_3_4_0_0/packages/ti/dsplib/src/DSP_fft16x16_imre/c64P" --include_path="C:/ti/dsplib_c64Px_3_4_0_0/packages/ti/dsplib/src/DSP_fft32x32/c64P" --include_path="C:/ti/ti-cgt-c6000_8.3.3/include" --define=SOC_XWR18XX --define=SUBSYS_DSS --define=ENABLE_ADVANCED_FRAME --define=MMWAVE_L3RAM_SIZE=0x100000 --define=MMWAVE_L3RAM_NUM_BANK=8 --define=MMWAVE_SHMEM_BANK_SIZE=0x20000 --define=DOWNLOAD_FROM_CCS --define=DebugP_ASSERT_ENABLED -g --gcc --diag_warning=225 --diag_wrap=off --display_error_number --gen_func_subsections=on --disable_push_pop --obj_extension=.oe674 --preproc_with_compile --preproc_dependency="dss_main.d_raw" --cmd_file="configPkg/compiler.opt"  "../dss_main.c"
"C:/ti/Thesis_radar/pa_18xx_dss/radarProcess.h", line 62: warning #48-D: incompatible redefinition of macro "M_PI" (declared at line 129 of "C:/ti/ti-cgt-c6000_8.3.3/include/_bsdmath.h")
Finished building: "../dss_main.c"
 
Building file: "../modules/dopplerProc/dopplerProc/src/RADARDEMO_dopplerProc_priv.c"
Invoking: C6000 Compiler
"C:/ti/ti-cgt-c6000_8.3.3/bin/cl6x" -mv6740 --abi=eabi -O3 --include_path="C:/ti/Thesis_radar/pa_18xx_dss" --include_path="C:/ti/Thesis_radar/pa_18xx_dss/modules/utilities" --include_path="C:/ti/mmwave_sdk_03_02_00_04/packages" --include_path="C:/ti/mathlib_c674x_3_1_2_1/packages" --include_path="C:/ti/dsplib_c674x_3_4_0_0/packages/ti/dsplib/src/DSPF_sp_fftSPxSP/c674" --include_path="C:/ti/dsplib_c64Px_3_4_0_0/packages/ti/dsplib/src/DSP_fft16x16/c64P" --include_path="C:/ti/dsplib_c64Px_3_4_0_0/packages/ti/dsplib/src/DSP_fft16x16_imre/c64P" --include_path="C:/ti/dsplib_c64Px_3_4_0_0/packages/ti/dsplib/src/DSP_fft32x32/c64P" --include_path="C:/ti/ti-cgt-c6000_8.3.3/include" --define=SOC_XWR18XX --define=SUBSYS_DSS --define=ENABLE_ADVANCED_FRAME --define=MMWAVE_L3RAM_SIZE=0x100000 --define=MMWAVE_L3RAM_NUM_BANK=8 --define=MMWAVE_SHMEM_BANK_SIZE=0x20000 --define=DOWNLOAD_FROM_CCS --define=DebugP_ASSERT_ENABLED -g --gcc --diag_warning=225 --diag_wrap=off --display_error_number --gen_func_subsections=on --disable_push_pop --obj_extension=.oe674 --preproc_with_compile --preproc_dependency="modules/dopplerProc/dopplerProc/src/RADARDEMO_dopplerProc_priv.d_raw" --obj_directory="modules/dopplerProc/dopplerProc/src" --cmd_file="configPkg/compiler.opt"  "../modules/dopplerProc/dopplerProc/src/RADARDEMO_dopplerProc_priv.c"
Finished building: "../modules/dopplerProc/dopplerProc/src/RADARDEMO_dopplerProc_priv.c"
 
Building file: "../radarProcess.c"
Invoking: C6000 Compiler
"C:/ti/ti-cgt-c6000_8.3.3/bin/cl6x" -mv6740 --abi=eabi -O3 --include_path="C:/ti/Thesis_radar/pa_18xx_dss" --include_path="C:/ti/Thesis_radar/pa_18xx_dss/modules/utilities" --include_path="C:/ti/mmwave_sdk_03_02_00_04/packages" --include_path="C:/ti/mathlib_c674x_3_1_2_1/packages" --include_path="C:/ti/dsplib_c674x_3_4_0_0/packages/ti/dsplib/src/DSPF_sp_fftSPxSP/c674" --include_path="C:/ti/dsplib_c64Px_3_4_0_0/packages/ti/dsplib/src/DSP_fft16x16/c64P" --include_path="C:/ti/dsplib_c64Px_3_4_0_0/packages/ti/dsplib/src/DSP_fft16x16_imre/c64P" --include_path="C:/ti/dsplib_c64Px_3_4_0_0/packages/ti/dsplib/src/DSP_fft32x32/c64P" --include_path="C:/ti/ti-cgt-c6000_8.3.3/include" --define=SOC_XWR18XX --define=SUBSYS_DSS --define=ENABLE_ADVANCED_FRAME --define=MMWAVE_L3RAM_SIZE=0x100000 --define=MMWAVE_L3RAM_NUM_BANK=8 --define=MMWAVE_SHMEM_BANK_SIZE=0x20000 --define=DOWNLOAD_FROM_CCS --define=DebugP_ASSERT_ENABLED -g --gcc --diag_warning=225 --diag_wrap=off --display_error_number --gen_func_subsections=on --disable_push_pop --obj_extension=.oe674 --preproc_with_compile --preproc_dependency="radarProcess.d_raw" --cmd_file="configPkg/compiler.opt"  "../radarProcess.c"
"C:/ti/ti-cgt-c6000_8.3.3/include/_bsdmath.h", line 129: warning #48-D: incompatible redefinition of macro "M_PI" (declared at line 62 of "C:/ti/Thesis_radar/pa_18xx_dss/radarProcess.h")
Finished building: "../radarProcess.c"
 
Building file: "../modules/DoA/BF/src/RADARDEMO_aoaEstBF_priv.c"
Invoking: C6000 Compiler
"C:/ti/ti-cgt-c6000_8.3.3/bin/cl6x" -mv6740 --abi=eabi -O3 --include_path="C:/ti/Thesis_radar/pa_18xx_dss" --include_path="C:/ti/Thesis_radar/pa_18xx_dss/modules/utilities" --include_path="C:/ti/mmwave_sdk_03_02_00_04/packages" --include_path="C:/ti/mathlib_c674x_3_1_2_1/packages" --include_path="C:/ti/dsplib_c674x_3_4_0_0/packages/ti/dsplib/src/DSPF_sp_fftSPxSP/c674" --include_path="C:/ti/dsplib_c64Px_3_4_0_0/packages/ti/dsplib/src/DSP_fft16x16/c64P" --include_path="C:/ti/dsplib_c64Px_3_4_0_0/packages/ti/dsplib/src/DSP_fft16x16_imre/c64P" --include_path="C:/ti/dsplib_c64Px_3_4_0_0/packages/ti/dsplib/src/DSP_fft32x32/c64P" --include_path="C:/ti/ti-cgt-c6000_8.3.3/include" --define=SOC_XWR18XX --define=SUBSYS_DSS --define=ENABLE_ADVANCED_FRAME --define=MMWAVE_L3RAM_SIZE=0x100000 --define=MMWAVE_L3RAM_NUM_BANK=8 --define=MMWAVE_SHMEM_BANK_SIZE=0x20000 --define=DOWNLOAD_FROM_CCS --define=DebugP_ASSERT_ENABLED -g --gcc --diag_warning=225 --diag_wrap=off --display_error_number --gen_func_subsections=on --disable_push_pop --obj_extension=.oe674 --preproc_with_compile --preproc_dependency="modules/DoA/BF/src/RADARDEMO_aoaEstBF_priv.d_raw" --obj_directory="modules/DoA/BF/src" --cmd_file="configPkg/compiler.opt"  "../modules/DoA/BF/src/RADARDEMO_aoaEstBF_priv.c"
Finished building: "../modules/DoA/BF/src/RADARDEMO_aoaEstBF_priv.c"
 
Building file: "../dss_data_path.c"
Invoking: C6000 Compiler
"C:/ti/ti-cgt-c6000_8.3.3/bin/cl6x" -mv6740 --abi=eabi -O3 --include_path="C:/ti/Thesis_radar/pa_18xx_dss" --include_path="C:/ti/Thesis_radar/pa_18xx_dss/modules/utilities" --include_path="C:/ti/mmwave_sdk_03_02_00_04/packages" --include_path="C:/ti/mathlib_c674x_3_1_2_1/packages" --include_path="C:/ti/dsplib_c674x_3_4_0_0/packages/ti/dsplib/src/DSPF_sp_fftSPxSP/c674" --include_path="C:/ti/dsplib_c64Px_3_4_0_0/packages/ti/dsplib/src/DSP_fft16x16/c64P" --include_path="C:/ti/dsplib_c64Px_3_4_0_0/packages/ti/dsplib/src/DSP_fft16x16_imre/c64P" --include_path="C:/ti/dsplib_c64Px_3_4_0_0/packages/ti/dsplib/src/DSP_fft32x32/c64P" --include_path="C:/ti/ti-cgt-c6000_8.3.3/include" --define=SOC_XWR18XX --define=SUBSYS_DSS --define=ENABLE_ADVANCED_FRAME --define=MMWAVE_L3RAM_SIZE=0x100000 --define=MMWAVE_L3RAM_NUM_BANK=8 --define=MMWAVE_SHMEM_BANK_SIZE=0x20000 --define=DOWNLOAD_FROM_CCS --define=DebugP_ASSERT_ENABLED -g --gcc --diag_warning=225 --diag_wrap=off --display_error_number --gen_func_subsections=on --disable_push_pop --obj_extension=.oe674 --preproc_with_compile --preproc_dependency="dss_data_path.d_raw" --cmd_file="configPkg/compiler.opt"  "../dss_data_path.c"
"C:/ti/Thesis_radar/pa_18xx_dss/radarProcess.h", line 62: warning #48-D: incompatible redefinition of macro "M_PI" (declared at line 129 of "C:/ti/ti-cgt-c6000_8.3.3/include/_bsdmath.h")
Finished building: "../dss_data_path.c"
 
Building file: "../modules/detection/CFAR/src/RADARDEMO_detectionCFAR_priv.c"
Invoking: C6000 Compiler
"C:/ti/ti-cgt-c6000_8.3.3/bin/cl6x" -mv6740 --abi=eabi -O3 --include_path="C:/ti/Thesis_radar/pa_18xx_dss" --include_path="C:/ti/Thesis_radar/pa_18xx_dss/modules/utilities" --include_path="C:/ti/mmwave_sdk_03_02_00_04/packages" --include_path="C:/ti/mathlib_c674x_3_1_2_1/packages" --include_path="C:/ti/dsplib_c674x_3_4_0_0/packages/ti/dsplib/src/DSPF_sp_fftSPxSP/c674" --include_path="C:/ti/dsplib_c64Px_3_4_0_0/packages/ti/dsplib/src/DSP_fft16x16/c64P" --include_path="C:/ti/dsplib_c64Px_3_4_0_0/packages/ti/dsplib/src/DSP_fft16x16_imre/c64P" --include_path="C:/ti/dsplib_c64Px_3_4_0_0/packages/ti/dsplib/src/DSP_fft32x32/c64P" --include_path="C:/ti/ti-cgt-c6000_8.3.3/include" --define=SOC_XWR18XX --define=SUBSYS_DSS --define=ENABLE_ADVANCED_FRAME --define=MMWAVE_L3RAM_SIZE=0x100000 --define=MMWAVE_L3RAM_NUM_BANK=8 --define=MMWAVE_SHMEM_BANK_SIZE=0x20000 --define=DOWNLOAD_FROM_CCS --define=DebugP_ASSERT_ENABLED -g --gcc --diag_warning=225 --diag_wrap=off --display_error_number --gen_func_subsections=on --disable_push_pop --obj_extension=.oe674 --preproc_with_compile --preproc_dependency="modules/detection/CFAR/src/RADARDEMO_detectionCFAR_priv.d_raw" --obj_directory="modules/detection/CFAR/src" --cmd_file="configPkg/compiler.opt"  "../modules/detection/CFAR/src/RADARDEMO_detectionCFAR_priv.c"
Finished building: "../modules/detection/CFAR/src/RADARDEMO_detectionCFAR_priv.c"
 
Building target: "pa_18xx_dss.xe674"
Invoking: C6000 Linker
"C:/ti/ti-cgt-c6000_8.3.3/bin/cl6x" -mv6740 --abi=eabi -O3 --define=SOC_XWR18XX --define=SUBSYS_DSS --define=ENABLE_ADVANCED_FRAME --define=MMWAVE_L3RAM_SIZE=0x100000 --define=MMWAVE_L3RAM_NUM_BANK=8 --define=MMWAVE_SHMEM_BANK_SIZE=0x20000 --define=DOWNLOAD_FROM_CCS --define=DebugP_ASSERT_ENABLED -g --gcc --diag_warning=225 --diag_wrap=off --display_error_number --gen_func_subsections=on --disable_push_pop --obj_extension=.oe674 -z -m"pa_18xx_dss.map" --heap_size=0x800 --stack_size=0x800 -i"C:/ti/ti-cgt-c6000_8.3.3/lib" -i"C:/ti/Thesis_radar/pa_18xx_dss" -i"C:/ti/mmwave_sdk_03_02_00_04/packages/ti/control/mmwave/lib" -i"C:/ti/mmwave_sdk_03_02_00_04/packages/ti/control/mmwavelink/lib" -i"C:/ti/mmwave_sdk_03_02_00_04/packages/ti/drivers/crc/lib" -i"C:/ti/mmwave_sdk_03_02_00_04/packages/ti/drivers/mailbox/lib" -i"C:/ti/mmwave_sdk_03_02_00_04/packages/ti/drivers/osal/lib" -i"C:/ti/mmwave_sdk_03_02_00_04/packages/ti/drivers/soc/lib" -i"C:/ti/mmwave_sdk_03_02_00_04/packages/ti/drivers/uart/lib" -i"C:/ti/mmwave_sdk_03_02_00_04/packages/ti/drivers/edma/lib" -i"C:/ti/mmwave_sdk_03_02_00_04/packages/ti/drivers/adcbuf/lib" -i"C:/ti/mmwave_sdk_03_02_00_04/packages/ti/alg/mmwavelib/lib" -i"C:/ti/dsplib_c674x_3_4_0_0/packages/ti/dsplib/lib" -i"C:/ti/dsplib_c64Px_3_4_0_0/packages/ti/dsplib/lib" -i"C:/ti/mathlib_c674x_3_1_2_1/packages/ti/mathlib/lib" -i"C:/ti/ti-cgt-c6000_8.3.3/include" --reread_libs --disable_auto_rts --diag_warning=225 --diag_wrap=off --display_error_number --warn_sections --xml_link_info="xwr18xx_pa_18xx_dss_linkInfo.xml" --ram_model --unused_section_elimination=on -o "pa_18xx_dss.xe674" "./dss_config_edma_util.oe674" "./dss_data_path.oe674" "./dss_main.oe674" "./radarProcess.oe674" "./common/cfg.oe674" "./modules/DoA/BF/src/RADARDEMO_aoaEstBF.oe674" "./modules/DoA/BF/src/RADARDEMO_aoaEstBF_priv.oe674" "./modules/clustering/dbscan3D/src/RADARDEMO_clusteringDBscan3D.oe674" "./modules/clustering/dbscan3D/src/RADARDEMO_clusteringDBscan3D_priv.oe674" "./modules/detection/CFAR/src/RADARDEMO_detectionCFAR.oe674" "./modules/detection/CFAR/src/RADARDEMO_detectionCFAR_priv.oe674" "./modules/detection/CFAR/src/relativeThrTab.oe674" "./modules/dopplerProc/dopplerProc/src/RADARDEMO_dopplerProc.oe674" "./modules/dopplerProc/dopplerProc/src/RADARDEMO_dopplerProc_priv.oe674" "./modules/dopplerProc/dopplerProc/src/RADARDEMO_dopplerProc_utils.oe674" "./modules/utilities/cycle_measure.oe674" "./modules/utilities/radarOsal_malloc.oe674" "../c674x_linker.cmd" "../dss_pa_linker.cmd" -l"configPkg/linker.cmd"  -lmathlib.ae674 -ldsplib.ae64P -ldsplib.ae674 -llibosal_xwr18xx.ae674 -llibsoc_xwr18xx.ae674 -llibcrc_xwr18xx.ae674 -llibuart_xwr18xx.ae674 -llibmailbox_xwr18xx.ae674 -llibmmwavelink_xwr18xx.ae674 -llibmmwave_xwr18xx.ae674 -llibedma_xwr18xx.ae674 -llibadcbuf_xwr18xx.ae674 -llibmmwavealg_xwr18xx.ae674 -lrts6740_elf.lib -llibc.a 
<Linking>
Finished building target: "pa_18xx_dss.xe674"
 
C:/ti/mmwave_sdk_03_02_00_04/packages/scripts/ImageCreator/out2rprc/out2rprc.exe pa_18xx_dss.xe674 pa_18xx_dss.bin
Parsing the input object file, pa_18xx_dss.xe674.
Appending zeros 8500616
Appending zeros 8505904
File conversion complete!
 

**** Build Finished ****
